{"C:\\Users\\Catherin\\OneDrive - Estudiantes ITCR\\Documentos\\GitHub\\Tarea1BD2\\server\\src\\server.js": {"path":"C:\\Users\\Catherin\\OneDrive - Estudiantes ITCR\\Documentos\\GitHub\\Tarea1BD2\\server\\src\\server.js","statementMap":{"0":{"start":{"line":11,"column":12},"end":{"line":11,"column":21}},"1":{"start":{"line":13,"column":0},"end":{"line":13,"column":16}},"2":{"start":{"line":14,"column":0},"end":{"line":14,"column":24}},"3":{"start":{"line":16,"column":0},"end":{"line":23,"column":2}},"4":{"start":{"line":25,"column":0},"end":{"line":25,"column":31}},"5":{"start":{"line":26,"column":0},"end":{"line":26,"column":68}},"6":{"start":{"line":27,"column":0},"end":{"line":27,"column":24}},"7":{"start":{"line":29,"column":20},"end":{"line":52,"column":1}},"8":{"start":{"line":30,"column":2},"end":{"line":51,"column":3}},"9":{"start":{"line":31,"column":4},"end":{"line":31,"column":28}},"10":{"start":{"line":32,"column":19},"end":{"line":35,"column":6}},"11":{"start":{"line":33,"column":6},"end":{"line":33,"column":99}},"12":{"start":{"line":34,"column":6},"end":{"line":34,"column":85}},"13":{"start":{"line":37,"column":29},"end":{"line":43,"column":5}},"14":{"start":{"line":38,"column":6},"end":{"line":38,"column":76}},"15":{"start":{"line":39,"column":6},"end":{"line":42,"column":9}},"16":{"start":{"line":40,"column":8},"end":{"line":40,"column":37}},"17":{"start":{"line":41,"column":8},"end":{"line":41,"column":24}},"18":{"start":{"line":45,"column":4},"end":{"line":45,"column":44}},"19":{"start":{"line":46,"column":4},"end":{"line":46,"column":43}},"20":{"start":{"line":49,"column":4},"end":{"line":49,"column":52}},"21":{"start":{"line":50,"column":4},"end":{"line":50,"column":20}},"22":{"start":{"line":54,"column":0},"end":{"line":56,"column":1}},"23":{"start":{"line":55,"column":2},"end":{"line":55,"column":16}}},"fnMap":{"0":{"name":"(anonymous_0)","decl":{"start":{"line":29,"column":20},"end":{"line":29,"column":21}},"loc":{"start":{"line":29,"column":32},"end":{"line":52,"column":1}},"line":29},"1":{"name":"(anonymous_1)","decl":{"start":{"line":32,"column":50},"end":{"line":32,"column":51}},"loc":{"start":{"line":32,"column":56},"end":{"line":35,"column":5}},"line":32},"2":{"name":"(anonymous_2)","decl":{"start":{"line":37,"column":29},"end":{"line":37,"column":30}},"loc":{"start":{"line":37,"column":35},"end":{"line":43,"column":5}},"line":37},"3":{"name":"(anonymous_3)","decl":{"start":{"line":39,"column":19},"end":{"line":39,"column":20}},"loc":{"start":{"line":39,"column":25},"end":{"line":42,"column":7}},"line":39}},"branchMap":{"0":{"loc":{"start":{"line":54,"column":0},"end":{"line":56,"column":1}},"type":"if","locations":[{"start":{"line":54,"column":0},"end":{"line":56,"column":1}},{"start":{},"end":{}}],"line":54}},"s":{"0":3,"1":3,"2":3,"3":3,"4":3,"5":3,"6":3,"7":3,"8":0,"9":0,"10":0,"11":0,"12":0,"13":0,"14":0,"15":0,"16":0,"17":0,"18":0,"19":0,"20":0,"21":0,"22":3,"23":0},"f":{"0":0,"1":0,"2":0,"3":0},"b":{"0":[0,3]},"_coverageSchema":"1a1c01bbd47fc00a2c39e90264f33305004495a9","hash":"143387490fc70cf372fc7d6b315b9cd2c3f5b8b3"}
,"C:\\Users\\Catherin\\OneDrive - Estudiantes ITCR\\Documentos\\GitHub\\Tarea1BD2\\server\\src\\config\\database.js": {"path":"C:\\Users\\Catherin\\OneDrive - Estudiantes ITCR\\Documentos\\GitHub\\Tarea1BD2\\server\\src\\config\\database.js","statementMap":{"0":{"start":{"line":4,"column":17},"end":{"line":4,"column":20}},"1":{"start":{"line":6,"column":11},"end":{"line":6,"column":15}},"2":{"start":{"line":8,"column":24},"end":{"line":23,"column":1}},"3":{"start":{"line":9,"column":2},"end":{"line":22,"column":3}},"4":{"start":{"line":10,"column":4},"end":{"line":10,"column":37}},"5":{"start":{"line":12,"column":4},"end":{"line":12,"column":33}},"6":{"start":{"line":14,"column":4},"end":{"line":14,"column":64}},"7":{"start":{"line":17,"column":4},"end":{"line":17,"column":67}},"8":{"start":{"line":19,"column":4},"end":{"line":21,"column":5}},"9":{"start":{"line":20,"column":6},"end":{"line":20,"column":22}},"10":{"start":{"line":25,"column":33},"end":{"line":29,"column":1}},"11":{"start":{"line":26,"column":2},"end":{"line":26,"column":35}},"12":{"start":{"line":26,"column":13},"end":{"line":26,"column":35}},"13":{"start":{"line":28,"column":2},"end":{"line":28,"column":61}}},"fnMap":{"0":{"name":"(anonymous_0)","decl":{"start":{"line":8,"column":24},"end":{"line":8,"column":25}},"loc":{"start":{"line":8,"column":36},"end":{"line":23,"column":1}},"line":8},"1":{"name":"(anonymous_1)","decl":{"start":{"line":25,"column":33},"end":{"line":25,"column":34}},"loc":{"start":{"line":25,"column":39},"end":{"line":29,"column":1}},"line":25}},"branchMap":{"0":{"loc":{"start":{"line":19,"column":4},"end":{"line":21,"column":5}},"type":"if","locations":[{"start":{"line":19,"column":4},"end":{"line":21,"column":5}},{"start":{},"end":{}}],"line":19},"1":{"loc":{"start":{"line":26,"column":2},"end":{"line":26,"column":35}},"type":"if","locations":[{"start":{"line":26,"column":2},"end":{"line":26,"column":35}},{"start":{},"end":{}}],"line":26},"2":{"loc":{"start":{"line":28,"column":9},"end":{"line":28,"column":60}},"type":"cond-expr","locations":[{"start":{"line":28,"column":32},"end":{"line":28,"column":43}},{"start":{"line":28,"column":46},"end":{"line":28,"column":60}}],"line":28}},"s":{"0":7,"1":7,"2":7,"3":3,"4":3,"5":3,"6":3,"7":0,"8":0,"9":0,"10":7,"11":0,"12":0,"13":0},"f":{"0":3,"1":0},"b":{"0":[0,0],"1":[0,0],"2":[0,0]},"_coverageSchema":"1a1c01bbd47fc00a2c39e90264f33305004495a9","hash":"135d2db097f6ba3a0e47d87eb5a60322626eed59"}
,"C:\\Users\\Catherin\\OneDrive - Estudiantes ITCR\\Documentos\\GitHub\\Tarea1BD2\\server\\src\\config\\environment.js": {"path":"C:\\Users\\Catherin\\OneDrive - Estudiantes ITCR\\Documentos\\GitHub\\Tarea1BD2\\server\\src\\config\\environment.js","statementMap":{"0":{"start":{"line":4,"column":0},"end":{"line":4,"column":16}},"1":{"start":{"line":6,"column":15},"end":{"line":30,"column":1}}},"fnMap":{},"branchMap":{"0":{"loc":{"start":{"line":9,"column":10},"end":{"line":9,"column":44}},"type":"binary-expr","locations":[{"start":{"line":9,"column":10},"end":{"line":9,"column":29}},{"start":{"line":9,"column":33},"end":{"line":9,"column":44}}],"line":9},"1":{"loc":{"start":{"line":10,"column":10},"end":{"line":10,"column":47}},"type":"binary-expr","locations":[{"start":{"line":10,"column":10},"end":{"line":10,"column":39}},{"start":{"line":10,"column":43},"end":{"line":10,"column":47}}],"line":10},"2":{"loc":{"start":{"line":11,"column":14},"end":{"line":11,"column":58}},"type":"binary-expr","locations":[{"start":{"line":11,"column":14},"end":{"line":11,"column":31}},{"start":{"line":11,"column":35},"end":{"line":11,"column":58}}],"line":11},"3":{"loc":{"start":{"line":14,"column":9},"end":{"line":14,"column":78}},"type":"cond-expr","locations":[{"start":{"line":14,"column":41},"end":{"line":14,"column":70}},{"start":{"line":14,"column":73},"end":{"line":14,"column":78}}],"line":14},"4":{"loc":{"start":{"line":18,"column":10},"end":{"line":18,"column":34}},"type":"binary-expr","locations":[{"start":{"line":18,"column":10},"end":{"line":18,"column":26}},{"start":{"line":18,"column":30},"end":{"line":18,"column":34}}],"line":18},"5":{"loc":{"start":{"line":19,"column":13},"end":{"line":19,"column":50}},"type":"binary-expr","locations":[{"start":{"line":19,"column":13},"end":{"line":19,"column":33}},{"start":{"line":19,"column":37},"end":{"line":19,"column":50}}],"line":19},"6":{"loc":{"start":{"line":23,"column":9},"end":{"line":23,"column":61}},"type":"binary-expr","locations":[{"start":{"line":23,"column":9},"end":{"line":23,"column":34}},{"start":{"line":23,"column":38},"end":{"line":23,"column":61}}],"line":23},"7":{"loc":{"start":{"line":24,"column":11},"end":{"line":24,"column":59}},"type":"binary-expr","locations":[{"start":{"line":24,"column":11},"end":{"line":24,"column":37}},{"start":{"line":24,"column":41},"end":{"line":24,"column":59}}],"line":24},"8":{"loc":{"start":{"line":25,"column":14},"end":{"line":25,"column":64}},"type":"binary-expr","locations":[{"start":{"line":25,"column":14},"end":{"line":25,"column":44}},{"start":{"line":25,"column":48},"end":{"line":25,"column":64}}],"line":25}},"s":{"0":7,"1":7},"f":{},"b":{"0":[7,0],"1":[7,0],"2":[7,7],"3":[0,7],"4":[7,7],"5":[7,0],"6":[7,0],"7":[7,0],"8":[7,0]},"_coverageSchema":"1a1c01bbd47fc00a2c39e90264f33305004495a9","hash":"f902bcd445bde7765f7ede0b3a49088d645dbb06"}
,"C:\\Users\\Catherin\\OneDrive - Estudiantes ITCR\\Documentos\\GitHub\\Tarea1BD2\\server\\src\\controllers\\menuController.js": {"path":"C:\\Users\\Catherin\\OneDrive - Estudiantes ITCR\\Documentos\\GitHub\\Tarea1BD2\\server\\src\\controllers\\menuController.js","statementMap":{"0":{"start":{"line":2,"column":27},"end":{"line":29,"column":1}},"1":{"start":{"line":3,"column":4},"end":{"line":26,"column":5}},"2":{"start":{"line":5,"column":22},"end":{"line":5,"column":32}},"3":{"start":{"line":7,"column":4},"end":{"line":10,"column":5}},"4":{"start":{"line":8,"column":8},"end":{"line":8,"column":60}},"5":{"start":{"line":14,"column":17},"end":{"line":14,"column":46}},"6":{"start":{"line":16,"column":4},"end":{"line":18,"column":5}},"7":{"start":{"line":17,"column":8},"end":{"line":17,"column":66}},"8":{"start":{"line":21,"column":4},"end":{"line":21,"column":19}},"9":{"start":{"line":24,"column":8},"end":{"line":24,"column":29}},"10":{"start":{"line":25,"column":8},"end":{"line":25,"column":65}},"11":{"start":{"line":31,"column":30},"end":{"line":65,"column":1}},"12":{"start":{"line":32,"column":4},"end":{"line":62,"column":5}},"13":{"start":{"line":34,"column":22},"end":{"line":34,"column":32}},"14":{"start":{"line":36,"column":23},"end":{"line":36,"column":31}},"15":{"start":{"line":38,"column":4},"end":{"line":41,"column":5}},"16":{"start":{"line":39,"column":8},"end":{"line":39,"column":60}},"17":{"start":{"line":43,"column":4},"end":{"line":46,"column":5}},"18":{"start":{"line":44,"column":8},"end":{"line":44,"column":64}},"19":{"start":{"line":50,"column":17},"end":{"line":50,"column":54}},"20":{"start":{"line":52,"column":4},"end":{"line":54,"column":5}},"21":{"start":{"line":53,"column":8},"end":{"line":53,"column":66}},"22":{"start":{"line":57,"column":4},"end":{"line":57,"column":54}},"23":{"start":{"line":60,"column":8},"end":{"line":60,"column":29}},"24":{"start":{"line":61,"column":8},"end":{"line":61,"column":65}},"25":{"start":{"line":69,"column":26},"end":{"line":99,"column":1}},"26":{"start":{"line":70,"column":2},"end":{"line":98,"column":3}},"27":{"start":{"line":72,"column":19},"end":{"line":72,"column":29}},"28":{"start":{"line":74,"column":4},"end":{"line":78,"column":5}},"29":{"start":{"line":75,"column":6},"end":{"line":77,"column":9}},"30":{"start":{"line":80,"column":17},"end":{"line":80,"column":45}},"31":{"start":{"line":82,"column":4},"end":{"line":86,"column":5}},"32":{"start":{"line":83,"column":6},"end":{"line":85,"column":9}},"33":{"start":{"line":88,"column":4},"end":{"line":90,"column":7}},"34":{"start":{"line":93,"column":4},"end":{"line":93,"column":51}},"35":{"start":{"line":95,"column":4},"end":{"line":97,"column":7}}},"fnMap":{"0":{"name":"(anonymous_0)","decl":{"start":{"line":2,"column":27},"end":{"line":2,"column":28}},"loc":{"start":{"line":2,"column":45},"end":{"line":29,"column":1}},"line":2},"1":{"name":"(anonymous_1)","decl":{"start":{"line":31,"column":30},"end":{"line":31,"column":31}},"loc":{"start":{"line":31,"column":48},"end":{"line":65,"column":1}},"line":31},"2":{"name":"(anonymous_2)","decl":{"start":{"line":69,"column":26},"end":{"line":69,"column":27}},"loc":{"start":{"line":69,"column":46},"end":{"line":99,"column":1}},"line":69}},"branchMap":{"0":{"loc":{"start":{"line":7,"column":4},"end":{"line":10,"column":5}},"type":"if","locations":[{"start":{"line":7,"column":4},"end":{"line":10,"column":5}},{"start":{},"end":{}}],"line":7},"1":{"loc":{"start":{"line":16,"column":4},"end":{"line":18,"column":5}},"type":"if","locations":[{"start":{"line":16,"column":4},"end":{"line":18,"column":5}},{"start":{},"end":{}}],"line":16},"2":{"loc":{"start":{"line":38,"column":4},"end":{"line":41,"column":5}},"type":"if","locations":[{"start":{"line":38,"column":4},"end":{"line":41,"column":5}},{"start":{},"end":{}}],"line":38},"3":{"loc":{"start":{"line":43,"column":4},"end":{"line":46,"column":5}},"type":"if","locations":[{"start":{"line":43,"column":4},"end":{"line":46,"column":5}},{"start":{},"end":{}}],"line":43},"4":{"loc":{"start":{"line":52,"column":4},"end":{"line":54,"column":5}},"type":"if","locations":[{"start":{"line":52,"column":4},"end":{"line":54,"column":5}},{"start":{},"end":{}}],"line":52},"5":{"loc":{"start":{"line":74,"column":4},"end":{"line":78,"column":5}},"type":"if","locations":[{"start":{"line":74,"column":4},"end":{"line":78,"column":5}},{"start":{},"end":{}}],"line":74},"6":{"loc":{"start":{"line":82,"column":4},"end":{"line":86,"column":5}},"type":"if","locations":[{"start":{"line":82,"column":4},"end":{"line":86,"column":5}},{"start":{},"end":{}}],"line":82}},"s":{"0":4,"1":6,"2":6,"3":6,"4":1,"5":5,"6":4,"7":2,"8":2,"9":1,"10":1,"11":4,"12":8,"13":8,"14":8,"15":8,"16":1,"17":7,"18":2,"19":5,"20":4,"21":2,"22":2,"23":1,"24":1,"25":4,"26":6,"27":6,"28":6,"29":1,"30":5,"31":4,"32":2,"33":2,"34":1,"35":1},"f":{"0":6,"1":8,"2":6},"b":{"0":[1,5],"1":[2,2],"2":[1,7],"3":[2,5],"4":[2,2],"5":[1,5],"6":[2,2]},"_coverageSchema":"1a1c01bbd47fc00a2c39e90264f33305004495a9","hash":"5b24e7937819a6ee2a08f0841b93900e334ed45a"}
,"C:\\Users\\Catherin\\OneDrive - Estudiantes ITCR\\Documentos\\GitHub\\Tarea1BD2\\server\\src\\controllers\\orderController.js": {"path":"C:\\Users\\Catherin\\OneDrive - Estudiantes ITCR\\Documentos\\GitHub\\Tarea1BD2\\server\\src\\controllers\\orderController.js","statementMap":{"0":{"start":{"line":5,"column":27},"end":{"line":54,"column":1}},"1":{"start":{"line":6,"column":2},"end":{"line":53,"column":3}},"2":{"start":{"line":8,"column":53},"end":{"line":8,"column":61}},"3":{"start":{"line":10,"column":17},"end":{"line":10,"column":56}},"4":{"start":{"line":11,"column":18},"end":{"line":11,"column":29}},"5":{"start":{"line":14,"column":4},"end":{"line":18,"column":5}},"6":{"start":{"line":15,"column":6},"end":{"line":17,"column":9}},"7":{"start":{"line":20,"column":4},"end":{"line":24,"column":5}},"8":{"start":{"line":21,"column":6},"end":{"line":23,"column":9}},"9":{"start":{"line":27,"column":19},"end":{"line":27,"column":50}},"10":{"start":{"line":29,"column":4},"end":{"line":33,"column":5}},"11":{"start":{"line":30,"column":6},"end":{"line":32,"column":9}},"12":{"start":{"line":35,"column":18},"end":{"line":40,"column":6}},"13":{"start":{"line":42,"column":4},"end":{"line":45,"column":7}},"14":{"start":{"line":48,"column":4},"end":{"line":48,"column":49}},"15":{"start":{"line":50,"column":4},"end":{"line":52,"column":7}},"16":{"start":{"line":58,"column":28},"end":{"line":113,"column":1}},"17":{"start":{"line":59,"column":2},"end":{"line":112,"column":3}},"18":{"start":{"line":61,"column":19},"end":{"line":61,"column":29}},"19":{"start":{"line":63,"column":17},"end":{"line":63,"column":56}},"20":{"start":{"line":64,"column":18},"end":{"line":64,"column":29}},"21":{"start":{"line":66,"column":18},"end":{"line":66,"column":49}},"22":{"start":{"line":68,"column":4},"end":{"line":72,"column":5}},"23":{"start":{"line":69,"column":6},"end":{"line":71,"column":9}},"24":{"start":{"line":74,"column":4},"end":{"line":78,"column":5}},"25":{"start":{"line":75,"column":6},"end":{"line":77,"column":9}},"26":{"start":{"line":81,"column":19},"end":{"line":81,"column":50}},"27":{"start":{"line":83,"column":4},"end":{"line":87,"column":5}},"28":{"start":{"line":84,"column":6},"end":{"line":86,"column":9}},"29":{"start":{"line":89,"column":18},"end":{"line":89,"column":44}},"30":{"start":{"line":91,"column":4},"end":{"line":95,"column":5}},"31":{"start":{"line":92,"column":6},"end":{"line":94,"column":9}},"32":{"start":{"line":98,"column":4},"end":{"line":102,"column":5}},"33":{"start":{"line":99,"column":6},"end":{"line":101,"column":9}},"34":{"start":{"line":104,"column":4},"end":{"line":104,"column":20}},"35":{"start":{"line":107,"column":4},"end":{"line":107,"column":53}},"36":{"start":{"line":109,"column":4},"end":{"line":111,"column":7}}},"fnMap":{"0":{"name":"(anonymous_0)","decl":{"start":{"line":5,"column":27},"end":{"line":5,"column":28}},"loc":{"start":{"line":5,"column":47},"end":{"line":54,"column":1}},"line":5},"1":{"name":"(anonymous_1)","decl":{"start":{"line":58,"column":28},"end":{"line":58,"column":29}},"loc":{"start":{"line":58,"column":48},"end":{"line":113,"column":1}},"line":58}},"branchMap":{"0":{"loc":{"start":{"line":14,"column":4},"end":{"line":18,"column":5}},"type":"if","locations":[{"start":{"line":14,"column":4},"end":{"line":18,"column":5}},{"start":{},"end":{}}],"line":14},"1":{"loc":{"start":{"line":14,"column":8},"end":{"line":14,"column":54}},"type":"binary-expr","locations":[{"start":{"line":14,"column":8},"end":{"line":14,"column":22}},{"start":{"line":14,"column":26},"end":{"line":14,"column":32}},{"start":{"line":14,"column":36},"end":{"line":14,"column":54}}],"line":14},"2":{"loc":{"start":{"line":20,"column":4},"end":{"line":24,"column":5}},"type":"if","locations":[{"start":{"line":20,"column":4},"end":{"line":24,"column":5}},{"start":{},"end":{}}],"line":20},"3":{"loc":{"start":{"line":29,"column":4},"end":{"line":33,"column":5}},"type":"if","locations":[{"start":{"line":29,"column":4},"end":{"line":33,"column":5}},{"start":{},"end":{}}],"line":29},"4":{"loc":{"start":{"line":51,"column":13},"end":{"line":51,"column":52}},"type":"binary-expr","locations":[{"start":{"line":51,"column":13},"end":{"line":51,"column":26}},{"start":{"line":51,"column":30},"end":{"line":51,"column":52}}],"line":51},"5":{"loc":{"start":{"line":66,"column":18},"end":{"line":66,"column":49}},"type":"binary-expr","locations":[{"start":{"line":66,"column":18},"end":{"line":66,"column":43}},{"start":{"line":66,"column":47},"end":{"line":66,"column":49}}],"line":66},"6":{"loc":{"start":{"line":68,"column":4},"end":{"line":72,"column":5}},"type":"if","locations":[{"start":{"line":68,"column":4},"end":{"line":72,"column":5}},{"start":{},"end":{}}],"line":68},"7":{"loc":{"start":{"line":74,"column":4},"end":{"line":78,"column":5}},"type":"if","locations":[{"start":{"line":74,"column":4},"end":{"line":78,"column":5}},{"start":{},"end":{}}],"line":74},"8":{"loc":{"start":{"line":83,"column":4},"end":{"line":87,"column":5}},"type":"if","locations":[{"start":{"line":83,"column":4},"end":{"line":87,"column":5}},{"start":{},"end":{}}],"line":83},"9":{"loc":{"start":{"line":91,"column":4},"end":{"line":95,"column":5}},"type":"if","locations":[{"start":{"line":91,"column":4},"end":{"line":95,"column":5}},{"start":{},"end":{}}],"line":91},"10":{"loc":{"start":{"line":98,"column":4},"end":{"line":102,"column":5}},"type":"if","locations":[{"start":{"line":98,"column":4},"end":{"line":102,"column":5}},{"start":{},"end":{}}],"line":98},"11":{"loc":{"start":{"line":98,"column":8},"end":{"line":98,"column":63}},"type":"binary-expr","locations":[{"start":{"line":98,"column":8},"end":{"line":98,"column":32}},{"start":{"line":98,"column":36},"end":{"line":98,"column":63}}],"line":98}},"s":{"0":4,"1":7,"2":7,"3":7,"4":7,"5":7,"6":2,"7":5,"8":1,"9":4,"10":4,"11":1,"12":3,"13":2,"14":1,"15":1,"16":4,"17":10,"18":10,"19":10,"20":10,"21":10,"22":10,"23":1,"24":9,"25":1,"26":8,"27":8,"28":1,"29":7,"30":6,"31":2,"32":4,"33":1,"34":3,"35":1,"36":1},"f":{"0":7,"1":10},"b":{"0":[2,5],"1":[7,6,6],"2":[1,4],"3":[1,3],"4":[1,0],"5":[10,5],"6":[1,9],"7":[1,8],"8":[1,7],"9":[2,4],"10":[1,3],"11":[4,3]},"_coverageSchema":"1a1c01bbd47fc00a2c39e90264f33305004495a9","hash":"0352e067d3b5929873a7b36948df4f1d1acffef3"}
,"C:\\Users\\Catherin\\OneDrive - Estudiantes ITCR\\Documentos\\GitHub\\Tarea1BD2\\server\\src\\controllers\\reservascontroller.js": {"path":"C:\\Users\\Catherin\\OneDrive - Estudiantes ITCR\\Documentos\\GitHub\\Tarea1BD2\\server\\src\\controllers\\reservascontroller.js","statementMap":{"0":{"start":{"line":4,"column":33},"end":{"line":53,"column":1}},"1":{"start":{"line":5,"column":2},"end":{"line":52,"column":3}},"2":{"start":{"line":7,"column":55},"end":{"line":7,"column":63}},"3":{"start":{"line":9,"column":17},"end":{"line":9,"column":56}},"4":{"start":{"line":10,"column":18},"end":{"line":10,"column":29}},"5":{"start":{"line":13,"column":4},"end":{"line":17,"column":5}},"6":{"start":{"line":14,"column":6},"end":{"line":16,"column":9}},"7":{"start":{"line":19,"column":4},"end":{"line":23,"column":5}},"8":{"start":{"line":20,"column":6},"end":{"line":22,"column":9}},"9":{"start":{"line":26,"column":19},"end":{"line":26,"column":57}},"10":{"start":{"line":28,"column":4},"end":{"line":32,"column":5}},"11":{"start":{"line":29,"column":6},"end":{"line":31,"column":9}},"12":{"start":{"line":34,"column":24},"end":{"line":39,"column":6}},"13":{"start":{"line":41,"column":4},"end":{"line":44,"column":7}},"14":{"start":{"line":47,"column":4},"end":{"line":47,"column":51}},"15":{"start":{"line":49,"column":4},"end":{"line":51,"column":7}},"16":{"start":{"line":55,"column":33},"end":{"line":116,"column":1}},"17":{"start":{"line":56,"column":2},"end":{"line":115,"column":3}},"18":{"start":{"line":58,"column":19},"end":{"line":58,"column":29}},"19":{"start":{"line":60,"column":17},"end":{"line":60,"column":56}},"20":{"start":{"line":61,"column":18},"end":{"line":61,"column":29}},"21":{"start":{"line":63,"column":4},"end":{"line":67,"column":5}},"22":{"start":{"line":64,"column":6},"end":{"line":66,"column":9}},"23":{"start":{"line":69,"column":4},"end":{"line":73,"column":5}},"24":{"start":{"line":70,"column":6},"end":{"line":72,"column":9}},"25":{"start":{"line":76,"column":19},"end":{"line":76,"column":57}},"26":{"start":{"line":78,"column":4},"end":{"line":82,"column":5}},"27":{"start":{"line":79,"column":6},"end":{"line":81,"column":9}},"28":{"start":{"line":85,"column":19},"end":{"line":85,"column":72}},"29":{"start":{"line":87,"column":4},"end":{"line":91,"column":5}},"30":{"start":{"line":88,"column":6},"end":{"line":90,"column":9}},"31":{"start":{"line":93,"column":4},"end":{"line":97,"column":5}},"32":{"start":{"line":94,"column":6},"end":{"line":96,"column":9}},"33":{"start":{"line":99,"column":4},"end":{"line":103,"column":5}},"34":{"start":{"line":100,"column":6},"end":{"line":102,"column":9}},"35":{"start":{"line":105,"column":4},"end":{"line":107,"column":7}},"36":{"start":{"line":110,"column":4},"end":{"line":110,"column":54}},"37":{"start":{"line":112,"column":4},"end":{"line":114,"column":7}}},"fnMap":{"0":{"name":"(anonymous_0)","decl":{"start":{"line":4,"column":33},"end":{"line":4,"column":34}},"loc":{"start":{"line":4,"column":53},"end":{"line":53,"column":1}},"line":4},"1":{"name":"(anonymous_1)","decl":{"start":{"line":55,"column":33},"end":{"line":55,"column":34}},"loc":{"start":{"line":55,"column":51},"end":{"line":116,"column":1}},"line":55}},"branchMap":{"0":{"loc":{"start":{"line":13,"column":4},"end":{"line":17,"column":5}},"type":"if","locations":[{"start":{"line":13,"column":4},"end":{"line":17,"column":5}},{"start":{},"end":{}}],"line":13},"1":{"loc":{"start":{"line":13,"column":8},"end":{"line":13,"column":53}},"type":"binary-expr","locations":[{"start":{"line":13,"column":8},"end":{"line":13,"column":17}},{"start":{"line":13,"column":21},"end":{"line":13,"column":38}},{"start":{"line":13,"column":42},"end":{"line":13,"column":53}}],"line":13},"2":{"loc":{"start":{"line":19,"column":4},"end":{"line":23,"column":5}},"type":"if","locations":[{"start":{"line":19,"column":4},"end":{"line":23,"column":5}},{"start":{},"end":{}}],"line":19},"3":{"loc":{"start":{"line":28,"column":4},"end":{"line":32,"column":5}},"type":"if","locations":[{"start":{"line":28,"column":4},"end":{"line":32,"column":5}},{"start":{},"end":{}}],"line":28},"4":{"loc":{"start":{"line":63,"column":4},"end":{"line":67,"column":5}},"type":"if","locations":[{"start":{"line":63,"column":4},"end":{"line":67,"column":5}},{"start":{},"end":{}}],"line":63},"5":{"loc":{"start":{"line":69,"column":4},"end":{"line":73,"column":5}},"type":"if","locations":[{"start":{"line":69,"column":4},"end":{"line":73,"column":5}},{"start":{},"end":{}}],"line":69},"6":{"loc":{"start":{"line":78,"column":4},"end":{"line":82,"column":5}},"type":"if","locations":[{"start":{"line":78,"column":4},"end":{"line":82,"column":5}},{"start":{},"end":{}}],"line":78},"7":{"loc":{"start":{"line":87,"column":4},"end":{"line":91,"column":5}},"type":"if","locations":[{"start":{"line":87,"column":4},"end":{"line":91,"column":5}},{"start":{},"end":{}}],"line":87},"8":{"loc":{"start":{"line":93,"column":4},"end":{"line":97,"column":5}},"type":"if","locations":[{"start":{"line":93,"column":4},"end":{"line":97,"column":5}},{"start":{},"end":{}}],"line":93},"9":{"loc":{"start":{"line":99,"column":4},"end":{"line":103,"column":5}},"type":"if","locations":[{"start":{"line":99,"column":4},"end":{"line":103,"column":5}},{"start":{},"end":{}}],"line":99}},"s":{"0":4,"1":6,"2":6,"3":6,"4":6,"5":6,"6":1,"7":5,"8":1,"9":4,"10":4,"11":1,"12":3,"13":2,"14":1,"15":1,"16":4,"17":9,"18":9,"19":9,"20":9,"21":9,"22":1,"23":8,"24":1,"25":7,"26":7,"27":1,"28":6,"29":5,"30":1,"31":4,"32":1,"33":3,"34":1,"35":2,"36":1,"37":1},"f":{"0":6,"1":9},"b":{"0":[1,5],"1":[6,5,5],"2":[1,4],"3":[1,3],"4":[1,8],"5":[1,7],"6":[1,6],"7":[1,4],"8":[1,3],"9":[1,2]},"_coverageSchema":"1a1c01bbd47fc00a2c39e90264f33305004495a9","hash":"dc463aa1af5813d0d6c7deb332d66227d9f56e8c"}
,"C:\\Users\\Catherin\\OneDrive - Estudiantes ITCR\\Documentos\\GitHub\\Tarea1BD2\\server\\src\\controllers\\userController.js": {"path":"C:\\Users\\Catherin\\OneDrive - Estudiantes ITCR\\Documentos\\GitHub\\Tarea1BD2\\server\\src\\controllers\\userController.js","statementMap":{"0":{"start":{"line":5,"column":0},"end":{"line":5,"column":16}},"1":{"start":{"line":8,"column":23},"end":{"line":90,"column":1}},"2":{"start":{"line":11,"column":8},"end":{"line":17,"column":9}},"3":{"start":{"line":12,"column":26},"end":{"line":12,"column":50}},"4":{"start":{"line":13,"column":12},"end":{"line":13,"column":28}},"5":{"start":{"line":15,"column":12},"end":{"line":15,"column":58}},"6":{"start":{"line":16,"column":12},"end":{"line":16,"column":68}},"7":{"start":{"line":21,"column":8},"end":{"line":33,"column":9}},"8":{"start":{"line":22,"column":46},"end":{"line":22,"column":54}},"9":{"start":{"line":24,"column":12},"end":{"line":26,"column":13}},"10":{"start":{"line":25,"column":16},"end":{"line":25,"column":96}},"11":{"start":{"line":28,"column":28},"end":{"line":28,"column":81}},"12":{"start":{"line":29,"column":12},"end":{"line":29,"column":42}},"13":{"start":{"line":31,"column":12},"end":{"line":31,"column":60}},"14":{"start":{"line":32,"column":12},"end":{"line":32,"column":70}},"15":{"start":{"line":37,"column":8},"end":{"line":64,"column":9}},"16":{"start":{"line":38,"column":40},"end":{"line":38,"column":48}},"17":{"start":{"line":40,"column":12},"end":{"line":42,"column":13}},"18":{"start":{"line":41,"column":16},"end":{"line":41,"column":90}},"19":{"start":{"line":44,"column":29},"end":{"line":58,"column":13}},"20":{"start":{"line":59,"column":12},"end":{"line":59,"column":36}},"21":{"start":{"line":62,"column":12},"end":{"line":62,"column":63}},"22":{"start":{"line":63,"column":12},"end":{"line":63,"column":73}},"23":{"start":{"line":68,"column":8},"end":{"line":88,"column":9}},"24":{"start":{"line":69,"column":26},"end":{"line":69,"column":65}},"25":{"start":{"line":70,"column":26},"end":{"line":70,"column":38}},"26":{"start":{"line":71,"column":27},"end":{"line":71,"column":58}},"27":{"start":{"line":73,"column":12},"end":{"line":75,"column":13}},"28":{"start":{"line":74,"column":16},"end":{"line":74,"column":85}},"29":{"start":{"line":77,"column":29},"end":{"line":82,"column":13}},"30":{"start":{"line":84,"column":12},"end":{"line":84,"column":31}},"31":{"start":{"line":86,"column":12},"end":{"line":86,"column":62}},"32":{"start":{"line":87,"column":12},"end":{"line":87,"column":72}}},"fnMap":{"0":{"name":"(anonymous_0)","decl":{"start":{"line":10,"column":4},"end":{"line":10,"column":5}},"loc":{"start":{"line":10,"column":29},"end":{"line":18,"column":5}},"line":10},"1":{"name":"(anonymous_1)","decl":{"start":{"line":20,"column":4},"end":{"line":20,"column":5}},"loc":{"start":{"line":20,"column":33},"end":{"line":34,"column":5}},"line":20},"2":{"name":"(anonymous_2)","decl":{"start":{"line":36,"column":4},"end":{"line":36,"column":5}},"loc":{"start":{"line":36,"column":29},"end":{"line":65,"column":5}},"line":36},"3":{"name":"(anonymous_3)","decl":{"start":{"line":67,"column":4},"end":{"line":67,"column":5}},"loc":{"start":{"line":67,"column":26},"end":{"line":89,"column":5}},"line":67}},"branchMap":{"0":{"loc":{"start":{"line":24,"column":12},"end":{"line":26,"column":13}},"type":"if","locations":[{"start":{"line":24,"column":12},"end":{"line":26,"column":13}},{"start":{},"end":{}}],"line":24},"1":{"loc":{"start":{"line":24,"column":16},"end":{"line":24,"column":44}},"type":"binary-expr","locations":[{"start":{"line":24,"column":16},"end":{"line":24,"column":22}},{"start":{"line":24,"column":26},"end":{"line":24,"column":31}},{"start":{"line":24,"column":35},"end":{"line":24,"column":44}}],"line":24},"2":{"loc":{"start":{"line":40,"column":12},"end":{"line":42,"column":13}},"type":"if","locations":[{"start":{"line":40,"column":12},"end":{"line":42,"column":13}},{"start":{},"end":{}}],"line":40},"3":{"loc":{"start":{"line":40,"column":16},"end":{"line":40,"column":35}},"type":"binary-expr","locations":[{"start":{"line":40,"column":16},"end":{"line":40,"column":22}},{"start":{"line":40,"column":26},"end":{"line":40,"column":35}}],"line":40},"4":{"loc":{"start":{"line":73,"column":12},"end":{"line":75,"column":13}},"type":"if","locations":[{"start":{"line":73,"column":12},"end":{"line":75,"column":13}},{"start":{},"end":{}}],"line":73},"5":{"loc":{"start":{"line":81,"column":23},"end":{"line":81,"column":55}},"type":"binary-expr","locations":[{"start":{"line":81,"column":23},"end":{"line":81,"column":49}},{"start":{"line":81,"column":53},"end":{"line":81,"column":55}}],"line":81}},"s":{"0":3,"1":3,"2":0,"3":0,"4":0,"5":0,"6":0,"7":0,"8":0,"9":0,"10":0,"11":0,"12":0,"13":0,"14":0,"15":0,"16":0,"17":0,"18":0,"19":0,"20":0,"21":0,"22":0,"23":0,"24":0,"25":0,"26":0,"27":0,"28":0,"29":0,"30":0,"31":0,"32":0},"f":{"0":0,"1":0,"2":0,"3":0},"b":{"0":[0,0],"1":[0,0,0],"2":[0,0],"3":[0,0],"4":[0,0],"5":[0,0]},"_coverageSchema":"1a1c01bbd47fc00a2c39e90264f33305004495a9","hash":"d476d3b42130fe2054fd9a634b1a3ac09ff77157"}
,"C:\\Users\\Catherin\\OneDrive - Estudiantes ITCR\\Documentos\\GitHub\\Tarea1BD2\\server\\src\\daos\\menuDao.js": {"path":"C:\\Users\\Catherin\\OneDrive - Estudiantes ITCR\\Documentos\\GitHub\\Tarea1BD2\\server\\src\\daos\\menuDao.js","statementMap":{"0":{"start":{"line":4,"column":27},"end":{"line":35,"column":1}},"1":{"start":{"line":7,"column":20},"end":{"line":11,"column":3}},"2":{"start":{"line":13,"column":21},"end":{"line":13,"column":54}},"3":{"start":{"line":16,"column":2},"end":{"line":18,"column":3}},"4":{"start":{"line":17,"column":4},"end":{"line":17,"column":16}},"5":{"start":{"line":20,"column":15},"end":{"line":20,"column":33}},"6":{"start":{"line":23,"column":24},"end":{"line":27,"column":3}},"7":{"start":{"line":29,"column":25},"end":{"line":29,"column":62}},"8":{"start":{"line":32,"column":2},"end":{"line":32,"column":38}},"9":{"start":{"line":34,"column":2},"end":{"line":34,"column":14}},"10":{"start":{"line":39,"column":30},"end":{"line":56,"column":1}},"11":{"start":{"line":40,"column":18},"end":{"line":45,"column":3}},"12":{"start":{"line":48,"column":19},"end":{"line":48,"column":28}},"13":{"start":{"line":49,"column":19},"end":{"line":49,"column":49}},"14":{"start":{"line":51,"column":4},"end":{"line":53,"column":5}},"15":{"start":{"line":52,"column":6},"end":{"line":52,"column":18}},"16":{"start":{"line":55,"column":4},"end":{"line":55,"column":26}},"17":{"start":{"line":60,"column":26},"end":{"line":78,"column":1}},"18":{"start":{"line":63,"column":2},"end":{"line":68,"column":11}},"19":{"start":{"line":71,"column":17},"end":{"line":75,"column":10}},"20":{"start":{"line":77,"column":2},"end":{"line":77,"column":32}}},"fnMap":{"0":{"name":"(anonymous_0)","decl":{"start":{"line":4,"column":27},"end":{"line":4,"column":28}},"loc":{"start":{"line":4,"column":41},"end":{"line":35,"column":1}},"line":4},"1":{"name":"(anonymous_1)","decl":{"start":{"line":39,"column":30},"end":{"line":39,"column":31}},"loc":{"start":{"line":39,"column":46},"end":{"line":56,"column":1}},"line":39},"2":{"name":"(anonymous_2)","decl":{"start":{"line":60,"column":26},"end":{"line":60,"column":27}},"loc":{"start":{"line":60,"column":40},"end":{"line":78,"column":1}},"line":60}},"branchMap":{"0":{"loc":{"start":{"line":16,"column":2},"end":{"line":18,"column":3}},"type":"if","locations":[{"start":{"line":16,"column":2},"end":{"line":18,"column":3}},{"start":{},"end":{}}],"line":16},"1":{"loc":{"start":{"line":51,"column":4},"end":{"line":53,"column":5}},"type":"if","locations":[{"start":{"line":51,"column":4},"end":{"line":53,"column":5}},{"start":{},"end":{}}],"line":51},"2":{"loc":{"start":{"line":77,"column":9},"end":{"line":77,"column":31}},"type":"binary-expr","locations":[{"start":{"line":77,"column":9},"end":{"line":77,"column":23}},{"start":{"line":77,"column":27},"end":{"line":77,"column":31}}],"line":77}},"s":{"0":4,"1":2,"2":2,"3":2,"4":1,"5":1,"6":1,"7":1,"8":1,"9":1,"10":4,"11":2,"12":2,"13":2,"14":2,"15":1,"16":1,"17":4,"18":2,"19":2,"20":2},"f":{"0":2,"1":2,"2":2},"b":{"0":[1,1],"1":[1,1],"2":[2,1]},"_coverageSchema":"1a1c01bbd47fc00a2c39e90264f33305004495a9","hash":"0ac990afdb19afcab6ff8bfcf6bf558de576ac97"}
,"C:\\Users\\Catherin\\OneDrive - Estudiantes ITCR\\Documentos\\GitHub\\Tarea1BD2\\server\\src\\daos\\orderDao.js": {"path":"C:\\Users\\Catherin\\OneDrive - Estudiantes ITCR\\Documentos\\GitHub\\Tarea1BD2\\server\\src\\daos\\orderDao.js","statementMap":{"0":{"start":{"line":4,"column":22},"end":{"line":90,"column":1}},"1":{"start":{"line":6,"column":17},"end":{"line":6,"column":37}},"2":{"start":{"line":8,"column":2},"end":{"line":89,"column":3}},"3":{"start":{"line":9,"column":4},"end":{"line":9,"column":32}},"4":{"start":{"line":11,"column":16},"end":{"line":11,"column":17}},"5":{"start":{"line":14,"column":4},"end":{"line":16,"column":5}},"6":{"start":{"line":15,"column":6},"end":{"line":15,"column":41}},"7":{"start":{"line":18,"column":4},"end":{"line":51,"column":5}},"8":{"start":{"line":20,"column":6},"end":{"line":22,"column":7}},"9":{"start":{"line":21,"column":8},"end":{"line":21,"column":78}},"10":{"start":{"line":24,"column":27},"end":{"line":29,"column":7}},"11":{"start":{"line":31,"column":21},"end":{"line":31,"column":72}},"12":{"start":{"line":33,"column":6},"end":{"line":35,"column":7}},"13":{"start":{"line":34,"column":8},"end":{"line":34,"column":65}},"14":{"start":{"line":37,"column":22},"end":{"line":37,"column":36}},"15":{"start":{"line":39,"column":6},"end":{"line":41,"column":7}},"16":{"start":{"line":40,"column":8},"end":{"line":40,"column":69}},"17":{"start":{"line":44,"column":6},"end":{"line":46,"column":7}},"18":{"start":{"line":45,"column":8},"end":{"line":45,"column":83}},"19":{"start":{"line":48,"column":6},"end":{"line":48,"column":45}},"20":{"start":{"line":50,"column":6},"end":{"line":50,"column":33}},"21":{"start":{"line":54,"column":24},"end":{"line":62,"column":5}},"22":{"start":{"line":64,"column":18},"end":{"line":64,"column":37}},"23":{"start":{"line":67,"column":4},"end":{"line":77,"column":5}},"24":{"start":{"line":69,"column":6},"end":{"line":76,"column":8}},"25":{"start":{"line":79,"column":4},"end":{"line":79,"column":33}},"26":{"start":{"line":81,"column":4},"end":{"line":81,"column":17}},"27":{"start":{"line":84,"column":4},"end":{"line":84,"column":35}},"28":{"start":{"line":85,"column":4},"end":{"line":85,"column":16}},"29":{"start":{"line":88,"column":4},"end":{"line":88,"column":21}},"30":{"start":{"line":93,"column":23},"end":{"line":136,"column":1}},"31":{"start":{"line":96,"column":21},"end":{"line":107,"column":3}},"32":{"start":{"line":109,"column":22},"end":{"line":109,"column":56}},"33":{"start":{"line":111,"column":2},"end":{"line":113,"column":3}},"34":{"start":{"line":112,"column":4},"end":{"line":112,"column":16}},"35":{"start":{"line":115,"column":16},"end":{"line":115,"column":35}},"36":{"start":{"line":118,"column":21},"end":{"line":128,"column":3}},"37":{"start":{"line":130,"column":22},"end":{"line":130,"column":56}},"38":{"start":{"line":133,"column":2},"end":{"line":133,"column":33}},"39":{"start":{"line":135,"column":2},"end":{"line":135,"column":15}}},"fnMap":{"0":{"name":"(anonymous_0)","decl":{"start":{"line":4,"column":22},"end":{"line":4,"column":23}},"loc":{"start":{"line":4,"column":83},"end":{"line":90,"column":1}},"line":4},"1":{"name":"(anonymous_1)","decl":{"start":{"line":93,"column":23},"end":{"line":93,"column":24}},"loc":{"start":{"line":93,"column":37},"end":{"line":136,"column":1}},"line":93}},"branchMap":{"0":{"loc":{"start":{"line":14,"column":4},"end":{"line":16,"column":5}},"type":"if","locations":[{"start":{"line":14,"column":4},"end":{"line":16,"column":5}},{"start":{},"end":{}}],"line":14},"1":{"loc":{"start":{"line":14,"column":8},"end":{"line":14,"column":51}},"type":"binary-expr","locations":[{"start":{"line":14,"column":8},"end":{"line":14,"column":29}},{"start":{"line":14,"column":33},"end":{"line":14,"column":51}}],"line":14},"2":{"loc":{"start":{"line":20,"column":6},"end":{"line":22,"column":7}},"type":"if","locations":[{"start":{"line":20,"column":6},"end":{"line":22,"column":7}},{"start":{},"end":{}}],"line":20},"3":{"loc":{"start":{"line":20,"column":10},"end":{"line":20,"column":46}},"type":"binary-expr","locations":[{"start":{"line":20,"column":10},"end":{"line":20,"column":24}},{"start":{"line":20,"column":28},"end":{"line":20,"column":46}}],"line":20},"4":{"loc":{"start":{"line":33,"column":6},"end":{"line":35,"column":7}},"type":"if","locations":[{"start":{"line":33,"column":6},"end":{"line":35,"column":7}},{"start":{},"end":{}}],"line":33},"5":{"loc":{"start":{"line":39,"column":6},"end":{"line":41,"column":7}},"type":"if","locations":[{"start":{"line":39,"column":6},"end":{"line":41,"column":7}},{"start":{},"end":{}}],"line":39},"6":{"loc":{"start":{"line":44,"column":6},"end":{"line":46,"column":7}},"type":"if","locations":[{"start":{"line":44,"column":6},"end":{"line":46,"column":7}},{"start":{},"end":{}}],"line":44},"7":{"loc":{"start":{"line":111,"column":2},"end":{"line":113,"column":3}},"type":"if","locations":[{"start":{"line":111,"column":2},"end":{"line":113,"column":3}},{"start":{},"end":{}}],"line":111}},"s":{"0":4,"1":1,"2":1,"3":1,"4":1,"5":1,"6":0,"7":1,"8":1,"9":0,"10":1,"11":1,"12":1,"13":0,"14":1,"15":1,"16":0,"17":1,"18":0,"19":1,"20":1,"21":1,"22":1,"23":1,"24":1,"25":1,"26":1,"27":0,"28":0,"29":1,"30":4,"31":2,"32":2,"33":2,"34":1,"35":1,"36":1,"37":1,"38":1,"39":1},"f":{"0":1,"1":2},"b":{"0":[0,1],"1":[1,1],"2":[0,1],"3":[1,1],"4":[0,1],"5":[0,1],"6":[0,1],"7":[1,1]},"_coverageSchema":"1a1c01bbd47fc00a2c39e90264f33305004495a9","hash":"e983eff2b5ae8fc7ca144c8bc954da839ac856e8"}
,"C:\\Users\\Catherin\\OneDrive - Estudiantes ITCR\\Documentos\\GitHub\\Tarea1BD2\\server\\src\\daos\\reservationDao.js": {"path":"C:\\Users\\Catherin\\OneDrive - Estudiantes ITCR\\Documentos\\GitHub\\Tarea1BD2\\server\\src\\daos\\reservationDao.js","statementMap":{"0":{"start":{"line":3,"column":33},"end":{"line":62,"column":1}},"1":{"start":{"line":10,"column":17},"end":{"line":10,"column":37}},"2":{"start":{"line":12,"column":2},"end":{"line":61,"column":3}},"3":{"start":{"line":13,"column":4},"end":{"line":13,"column":32}},"4":{"start":{"line":16,"column":23},"end":{"line":19,"column":5}},"5":{"start":{"line":21,"column":4},"end":{"line":23,"column":5}},"6":{"start":{"line":22,"column":6},"end":{"line":22,"column":40}},"7":{"start":{"line":26,"column":30},"end":{"line":34,"column":5}},"8":{"start":{"line":36,"column":4},"end":{"line":38,"column":5}},"9":{"start":{"line":37,"column":6},"end":{"line":37,"column":59}},"10":{"start":{"line":41,"column":19},"end":{"line":49,"column":5}},"11":{"start":{"line":51,"column":4},"end":{"line":51,"column":33}},"12":{"start":{"line":53,"column":4},"end":{"line":53,"column":26}},"13":{"start":{"line":56,"column":4},"end":{"line":56,"column":35}},"14":{"start":{"line":57,"column":4},"end":{"line":57,"column":16}},"15":{"start":{"line":60,"column":4},"end":{"line":60,"column":21}},"16":{"start":{"line":64,"column":33},"end":{"line":119,"column":1}},"17":{"start":{"line":66,"column":17},"end":{"line":66,"column":37}},"18":{"start":{"line":68,"column":2},"end":{"line":118,"column":3}},"19":{"start":{"line":69,"column":4},"end":{"line":69,"column":32}},"20":{"start":{"line":72,"column":18},"end":{"line":76,"column":5}},"21":{"start":{"line":78,"column":19},"end":{"line":78,"column":62}},"22":{"start":{"line":81,"column":4},"end":{"line":84,"column":5}},"23":{"start":{"line":82,"column":6},"end":{"line":82,"column":37}},"24":{"start":{"line":83,"column":6},"end":{"line":83,"column":25}},"25":{"start":{"line":86,"column":24},"end":{"line":86,"column":38}},"26":{"start":{"line":89,"column":4},"end":{"line":92,"column":5}},"27":{"start":{"line":90,"column":6},"end":{"line":90,"column":37}},"28":{"start":{"line":91,"column":6},"end":{"line":91,"column":25}},"29":{"start":{"line":95,"column":4},"end":{"line":98,"column":5}},"30":{"start":{"line":96,"column":6},"end":{"line":96,"column":37}},"31":{"start":{"line":97,"column":6},"end":{"line":97,"column":33}},"32":{"start":{"line":101,"column":24},"end":{"line":105,"column":5}},"33":{"start":{"line":107,"column":4},"end":{"line":107,"column":54}},"34":{"start":{"line":109,"column":4},"end":{"line":109,"column":33}},"35":{"start":{"line":111,"column":4},"end":{"line":111,"column":16}},"36":{"start":{"line":114,"column":4},"end":{"line":114,"column":35}},"37":{"start":{"line":115,"column":4},"end":{"line":115,"column":16}},"38":{"start":{"line":117,"column":4},"end":{"line":117,"column":21}},"39":{"start":{"line":123,"column":26},"end":{"line":135,"column":1}},"40":{"start":{"line":125,"column":17},"end":{"line":132,"column":3}},"41":{"start":{"line":134,"column":2},"end":{"line":134,"column":32}}},"fnMap":{"0":{"name":"(anonymous_0)","decl":{"start":{"line":3,"column":33},"end":{"line":3,"column":34}},"loc":{"start":{"line":8,"column":6},"end":{"line":62,"column":1}},"line":8},"1":{"name":"(anonymous_1)","decl":{"start":{"line":64,"column":33},"end":{"line":64,"column":34}},"loc":{"start":{"line":64,"column":68},"end":{"line":119,"column":1}},"line":64},"2":{"name":"(anonymous_2)","decl":{"start":{"line":123,"column":26},"end":{"line":123,"column":27}},"loc":{"start":{"line":123,"column":43},"end":{"line":135,"column":1}},"line":123}},"branchMap":{"0":{"loc":{"start":{"line":21,"column":4},"end":{"line":23,"column":5}},"type":"if","locations":[{"start":{"line":21,"column":4},"end":{"line":23,"column":5}},{"start":{},"end":{}}],"line":21},"1":{"loc":{"start":{"line":36,"column":4},"end":{"line":38,"column":5}},"type":"if","locations":[{"start":{"line":36,"column":4},"end":{"line":38,"column":5}},{"start":{},"end":{}}],"line":36},"2":{"loc":{"start":{"line":81,"column":4},"end":{"line":84,"column":5}},"type":"if","locations":[{"start":{"line":81,"column":4},"end":{"line":84,"column":5}},{"start":{},"end":{}}],"line":81},"3":{"loc":{"start":{"line":89,"column":4},"end":{"line":92,"column":5}},"type":"if","locations":[{"start":{"line":89,"column":4},"end":{"line":92,"column":5}},{"start":{},"end":{}}],"line":89},"4":{"loc":{"start":{"line":95,"column":4},"end":{"line":98,"column":5}},"type":"if","locations":[{"start":{"line":95,"column":4},"end":{"line":98,"column":5}},{"start":{},"end":{}}],"line":95},"5":{"loc":{"start":{"line":134,"column":9},"end":{"line":134,"column":31}},"type":"binary-expr","locations":[{"start":{"line":134,"column":9},"end":{"line":134,"column":23}},{"start":{"line":134,"column":27},"end":{"line":134,"column":31}}],"line":134}},"s":{"0":5,"1":1,"2":1,"3":1,"4":1,"5":1,"6":0,"7":1,"8":1,"9":0,"10":1,"11":1,"12":1,"13":0,"14":0,"15":1,"16":5,"17":1,"18":1,"19":1,"20":1,"21":1,"22":1,"23":0,"24":0,"25":1,"26":1,"27":0,"28":0,"29":1,"30":0,"31":0,"32":1,"33":1,"34":1,"35":1,"36":0,"37":0,"38":1,"39":5,"40":5,"41":5},"f":{"0":1,"1":1,"2":5},"b":{"0":[0,1],"1":[0,1],"2":[0,1],"3":[0,1],"4":[0,1],"5":[5,0]},"_coverageSchema":"1a1c01bbd47fc00a2c39e90264f33305004495a9","hash":"6f074f39eb76d758752dbff6b7b18e432cdbe8ad"}
,"C:\\Users\\Catherin\\OneDrive - Estudiantes ITCR\\Documentos\\GitHub\\Tarea1BD2\\server\\src\\daos\\userDao.js": {"path":"C:\\Users\\Catherin\\OneDrive - Estudiantes ITCR\\Documentos\\GitHub\\Tarea1BD2\\server\\src\\daos\\userDao.js","statementMap":{"0":{"start":{"line":5,"column":16},"end":{"line":47,"column":1}},"1":{"start":{"line":8,"column":8},"end":{"line":15,"column":9}},"2":{"start":{"line":10,"column":27},"end":{"line":10,"column":66}},"3":{"start":{"line":11,"column":12},"end":{"line":11,"column":31}},"4":{"start":{"line":13,"column":12},"end":{"line":13,"column":58}},"5":{"start":{"line":14,"column":12},"end":{"line":14,"column":24}},"6":{"start":{"line":19,"column":8},"end":{"line":32,"column":9}},"7":{"start":{"line":21,"column":12},"end":{"line":21,"column":64}},"8":{"start":{"line":22,"column":35},"end":{"line":22,"column":93}},"9":{"start":{"line":24,"column":27},"end":{"line":27,"column":13}},"10":{"start":{"line":28,"column":12},"end":{"line":28,"column":34}},"11":{"start":{"line":30,"column":12},"end":{"line":30,"column":60}},"12":{"start":{"line":31,"column":12},"end":{"line":31,"column":24}},"13":{"start":{"line":36,"column":8},"end":{"line":45,"column":9}},"14":{"start":{"line":37,"column":27},"end":{"line":40,"column":13}},"15":{"start":{"line":41,"column":12},"end":{"line":41,"column":34}},"16":{"start":{"line":43,"column":12},"end":{"line":43,"column":66}},"17":{"start":{"line":44,"column":12},"end":{"line":44,"column":24}}},"fnMap":{"0":{"name":"(anonymous_0)","decl":{"start":{"line":7,"column":4},"end":{"line":7,"column":5}},"loc":{"start":{"line":7,"column":21},"end":{"line":16,"column":5}},"line":7},"1":{"name":"(anonymous_1)","decl":{"start":{"line":18,"column":4},"end":{"line":18,"column":5}},"loc":{"start":{"line":18,"column":50},"end":{"line":33,"column":5}},"line":18},"2":{"name":"(anonymous_2)","decl":{"start":{"line":35,"column":4},"end":{"line":35,"column":5}},"loc":{"start":{"line":35,"column":28},"end":{"line":46,"column":5}},"line":35}},"branchMap":{},"s":{"0":3,"1":0,"2":0,"3":0,"4":0,"5":0,"6":0,"7":0,"8":0,"9":0,"10":0,"11":0,"12":0,"13":0,"14":0,"15":0,"16":0,"17":0},"f":{"0":0,"1":0,"2":0},"b":{},"_coverageSchema":"1a1c01bbd47fc00a2c39e90264f33305004495a9","hash":"64bb28a4087d78fca8c79b14613646f94a552015"}
,"C:\\Users\\Catherin\\OneDrive - Estudiantes ITCR\\Documentos\\GitHub\\Tarea1BD2\\server\\src\\docs\\swagger.js": {"path":"C:\\Users\\Catherin\\OneDrive - Estudiantes ITCR\\Documentos\\GitHub\\Tarea1BD2\\server\\src\\docs\\swagger.js","statementMap":{"0":{"start":{"line":5,"column":16},"end":{"line":29,"column":1}},"1":{"start":{"line":31,"column":20},"end":{"line":31,"column":41}}},"fnMap":{},"branchMap":{},"s":{"0":3,"1":3},"f":{},"b":{},"_coverageSchema":"1a1c01bbd47fc00a2c39e90264f33305004495a9","hash":"e179db78e753ab04c7360c9240f56ff37e215fe6"}
,"C:\\Users\\Catherin\\OneDrive - Estudiantes ITCR\\Documentos\\GitHub\\Tarea1BD2\\server\\src\\keycloak\\keycloak.js": {"path":"C:\\Users\\Catherin\\OneDrive - Estudiantes ITCR\\Documentos\\GitHub\\Tarea1BD2\\server\\src\\keycloak\\keycloak.js","statementMap":{"0":{"start":{"line":5,"column":20},"end":{"line":5,"column":45}},"1":{"start":{"line":7,"column":17},"end":{"line":19,"column":1}}},"fnMap":{},"branchMap":{},"s":{"0":4,"1":4},"f":{},"b":{},"_coverageSchema":"1a1c01bbd47fc00a2c39e90264f33305004495a9","hash":"5c35a60cd3c50fcccafd3f1c627281abe736d21e"}
,"C:\\Users\\Catherin\\OneDrive - Estudiantes ITCR\\Documentos\\GitHub\\Tarea1BD2\\server\\src\\routes\\health.js": {"path":"C:\\Users\\Catherin\\OneDrive - Estudiantes ITCR\\Documentos\\GitHub\\Tarea1BD2\\server\\src\\routes\\health.js","statementMap":{"0":{"start":{"line":4,"column":15},"end":{"line":4,"column":31}},"1":{"start":{"line":6,"column":0},"end":{"line":19,"column":3}},"2":{"start":{"line":7,"column":19},"end":{"line":7,"column":38}},"3":{"start":{"line":8,"column":20},"end":{"line":8,"column":44}},"4":{"start":{"line":10,"column":21},"end":{"line":16,"column":3}},"5":{"start":{"line":17,"column":21},"end":{"line":17,"column":42}},"6":{"start":{"line":18,"column":2},"end":{"line":18,"column":42}}},"fnMap":{"0":{"name":"(anonymous_0)","decl":{"start":{"line":6,"column":16},"end":{"line":6,"column":17}},"loc":{"start":{"line":6,"column":30},"end":{"line":19,"column":1}},"line":6}},"branchMap":{"0":{"loc":{"start":{"line":12,"column":12},"end":{"line":12,"column":47}},"type":"cond-expr","locations":[{"start":{"line":12,"column":24},"end":{"line":12,"column":33}},{"start":{"line":12,"column":36},"end":{"line":12,"column":47}}],"line":12},"1":{"loc":{"start":{"line":17,"column":21},"end":{"line":17,"column":42}},"type":"cond-expr","locations":[{"start":{"line":17,"column":33},"end":{"line":17,"column":36}},{"start":{"line":17,"column":39},"end":{"line":17,"column":42}}],"line":17}},"s":{"0":3,"1":3,"2":0,"3":0,"4":0,"5":0,"6":0},"f":{"0":0},"b":{"0":[0,0],"1":[0,0]},"_coverageSchema":"1a1c01bbd47fc00a2c39e90264f33305004495a9","hash":"133c4dbab4e574df2a1871fc8c6d9f9b47d7f995"}
,"C:\\Users\\Catherin\\OneDrive - Estudiantes ITCR\\Documentos\\GitHub\\Tarea1BD2\\server\\src\\routes\\router.js": {"path":"C:\\Users\\Catherin\\OneDrive - Estudiantes ITCR\\Documentos\\GitHub\\Tarea1BD2\\server\\src\\routes\\router.js","statementMap":{"0":{"start":{"line":12,"column":15},"end":{"line":12,"column":31}},"1":{"start":{"line":14,"column":0},"end":{"line":14,"column":36}},"2":{"start":{"line":15,"column":0},"end":{"line":15,"column":32}},"3":{"start":{"line":21,"column":0},"end":{"line":23,"column":3}},"4":{"start":{"line":22,"column":2},"end":{"line":22,"column":40}},"5":{"start":{"line":26,"column":0},"end":{"line":31,"column":3}},"6":{"start":{"line":27,"column":2},"end":{"line":30,"column":5}},"7":{"start":{"line":34,"column":0},"end":{"line":36,"column":3}},"8":{"start":{"line":35,"column":2},"end":{"line":35,"column":39}},"9":{"start":{"line":59,"column":0},"end":{"line":59,"column":58}},"10":{"start":{"line":91,"column":0},"end":{"line":91,"column":74}},"11":{"start":{"line":112,"column":0},"end":{"line":112,"column":73}},"12":{"start":{"line":143,"column":0},"end":{"line":143,"column":82}},"13":{"start":{"line":164,"column":0},"end":{"line":164,"column":88}},"14":{"start":{"line":201,"column":0},"end":{"line":201,"column":70}},"15":{"start":{"line":222,"column":0},"end":{"line":222,"column":60}}},"fnMap":{"0":{"name":"(anonymous_0)","decl":{"start":{"line":21,"column":22},"end":{"line":21,"column":23}},"loc":{"start":{"line":21,"column":36},"end":{"line":23,"column":1}},"line":21},"1":{"name":"(anonymous_1)","decl":{"start":{"line":26,"column":45},"end":{"line":26,"column":46}},"loc":{"start":{"line":26,"column":59},"end":{"line":31,"column":1}},"line":26},"2":{"name":"(anonymous_2)","decl":{"start":{"line":34,"column":55},"end":{"line":34,"column":56}},"loc":{"start":{"line":34,"column":69},"end":{"line":36,"column":1}},"line":34}},"branchMap":{},"s":{"0":3,"1":3,"2":3,"3":3,"4":0,"5":3,"6":0,"7":3,"8":0,"9":3,"10":3,"11":3,"12":3,"13":3,"14":3,"15":3},"f":{"0":0,"1":0,"2":0},"b":{},"_coverageSchema":"1a1c01bbd47fc00a2c39e90264f33305004495a9","hash":"ac2c94db0ee2bde9290ffa24766c384799ac3d0d"}
,"C:\\Users\\Catherin\\OneDrive - Estudiantes ITCR\\Documentos\\GitHub\\Tarea1BD2\\server\\src\\routes\\userRoutes.js": {"path":"C:\\Users\\Catherin\\OneDrive - Estudiantes ITCR\\Documentos\\GitHub\\Tarea1BD2\\server\\src\\routes\\userRoutes.js","statementMap":{"0":{"start":{"line":5,"column":15},"end":{"line":5,"column":31}},"1":{"start":{"line":7,"column":0},"end":{"line":7,"column":46}},"2":{"start":{"line":8,"column":0},"end":{"line":8,"column":54}},"3":{"start":{"line":9,"column":0},"end":{"line":9,"column":47}},"4":{"start":{"line":10,"column":0},"end":{"line":10,"column":74}}},"fnMap":{},"branchMap":{},"s":{"0":3,"1":3,"2":3,"3":3,"4":3},"f":{},"b":{},"_coverageSchema":"1a1c01bbd47fc00a2c39e90264f33305004495a9","hash":"1bc0d77d8563443e082c253407cc28bb581ce2b7"}
,"C:\\Users\\Catherin\\OneDrive - Estudiantes ITCR\\Documentos\\GitHub\\Tarea1BD2\\server\\src\\services\\keycloakService.js": {"path":"C:\\Users\\Catherin\\OneDrive - Estudiantes ITCR\\Documentos\\GitHub\\Tarea1BD2\\server\\src\\services\\keycloakService.js","statementMap":{"0":{"start":{"line":3,"column":21},"end":{"line":3,"column":44}},"1":{"start":{"line":4,"column":14},"end":{"line":4,"column":32}},"2":{"start":{"line":7,"column":19},"end":{"line":18,"column":3}},"3":{"start":{"line":20,"column":2},"end":{"line":20,"column":36}},"4":{"start":{"line":24,"column":21},"end":{"line":24,"column":42}},"5":{"start":{"line":26,"column":2},"end":{"line":47,"column":4}},"6":{"start":{"line":49,"column":17},"end":{"line":49,"column":58}},"7":{"start":{"line":50,"column":19},"end":{"line":50,"column":54}},"8":{"start":{"line":51,"column":2},"end":{"line":51,"column":55}},"9":{"start":{"line":55,"column":14},"end":{"line":62,"column":3}},"10":{"start":{"line":64,"column":2},"end":{"line":64,"column":25}},"11":{"start":{"line":68,"column":14},"end":{"line":75,"column":3}},"12":{"start":{"line":77,"column":2},"end":{"line":77,"column":18}},"13":{"start":{"line":81,"column":2},"end":{"line":90,"column":4}}},"fnMap":{"0":{"name":"getAdminToken","decl":{"start":{"line":6,"column":15},"end":{"line":6,"column":28}},"loc":{"start":{"line":6,"column":31},"end":{"line":21,"column":1}},"line":6},"1":{"name":"createKeycloakUser","decl":{"start":{"line":23,"column":22},"end":{"line":23,"column":40}},"loc":{"start":{"line":23,"column":68},"end":{"line":52,"column":1}},"line":23},"2":{"name":"getUserIdByEmail","decl":{"start":{"line":54,"column":15},"end":{"line":54,"column":31}},"loc":{"start":{"line":54,"column":46},"end":{"line":65,"column":1}},"line":54},"3":{"name":"getRole","decl":{"start":{"line":67,"column":15},"end":{"line":67,"column":22}},"loc":{"start":{"line":67,"column":40},"end":{"line":78,"column":1}},"line":67},"4":{"name":"assignRoleToUser","decl":{"start":{"line":80,"column":15},"end":{"line":80,"column":31}},"loc":{"start":{"line":80,"column":53},"end":{"line":91,"column":1}},"line":80}},"branchMap":{},"s":{"0":3,"1":3,"2":0,"3":0,"4":0,"5":0,"6":0,"7":0,"8":0,"9":0,"10":0,"11":0,"12":0,"13":0},"f":{"0":0,"1":0,"2":0,"3":0,"4":0},"b":{},"_coverageSchema":"1a1c01bbd47fc00a2c39e90264f33305004495a9","hash":"76422e8c4f263897b2048db97dfb4cf1af084b87"}
}
