{"C:\\Users\\Catherin\\OneDrive - Estudiantes ITCR\\Documentos\\GitHub\\Tarea1BD2\\server\\src\\server.js": {"path":"C:\\Users\\Catherin\\OneDrive - Estudiantes ITCR\\Documentos\\GitHub\\Tarea1BD2\\server\\src\\server.js","statementMap":{"0":{"start":{"line":11,"column":12},"end":{"line":11,"column":21}},"1":{"start":{"line":13,"column":0},"end":{"line":13,"column":16}},"2":{"start":{"line":14,"column":0},"end":{"line":14,"column":24}},"3":{"start":{"line":16,"column":0},"end":{"line":23,"column":2}},"4":{"start":{"line":25,"column":0},"end":{"line":25,"column":31}},"5":{"start":{"line":26,"column":0},"end":{"line":26,"column":68}},"6":{"start":{"line":27,"column":0},"end":{"line":27,"column":24}},"7":{"start":{"line":29,"column":20},"end":{"line":53,"column":1}},"8":{"start":{"line":30,"column":2},"end":{"line":52,"column":3}},"9":{"start":{"line":31,"column":4},"end":{"line":31,"column":28}},"10":{"start":{"line":32,"column":19},"end":{"line":36,"column":6}},"11":{"start":{"line":33,"column":6},"end":{"line":33,"column":99}},"12":{"start":{"line":34,"column":6},"end":{"line":34,"column":85}},"13":{"start":{"line":38,"column":29},"end":{"line":44,"column":5}},"14":{"start":{"line":39,"column":6},"end":{"line":39,"column":76}},"15":{"start":{"line":40,"column":6},"end":{"line":43,"column":9}},"16":{"start":{"line":41,"column":8},"end":{"line":41,"column":37}},"17":{"start":{"line":42,"column":8},"end":{"line":42,"column":24}},"18":{"start":{"line":46,"column":4},"end":{"line":46,"column":44}},"19":{"start":{"line":47,"column":4},"end":{"line":47,"column":43}},"20":{"start":{"line":50,"column":4},"end":{"line":50,"column":52}},"21":{"start":{"line":51,"column":4},"end":{"line":51,"column":20}},"22":{"start":{"line":55,"column":0},"end":{"line":57,"column":1}},"23":{"start":{"line":56,"column":2},"end":{"line":56,"column":16}}},"fnMap":{"0":{"name":"(anonymous_0)","decl":{"start":{"line":29,"column":20},"end":{"line":29,"column":21}},"loc":{"start":{"line":29,"column":32},"end":{"line":53,"column":1}},"line":29},"1":{"name":"(anonymous_1)","decl":{"start":{"line":32,"column":50},"end":{"line":32,"column":51}},"loc":{"start":{"line":32,"column":56},"end":{"line":36,"column":5}},"line":32},"2":{"name":"(anonymous_2)","decl":{"start":{"line":38,"column":29},"end":{"line":38,"column":30}},"loc":{"start":{"line":38,"column":35},"end":{"line":44,"column":5}},"line":38},"3":{"name":"(anonymous_3)","decl":{"start":{"line":40,"column":19},"end":{"line":40,"column":20}},"loc":{"start":{"line":40,"column":25},"end":{"line":43,"column":7}},"line":40}},"branchMap":{"0":{"loc":{"start":{"line":55,"column":0},"end":{"line":57,"column":1}},"type":"if","locations":[{"start":{"line":55,"column":0},"end":{"line":57,"column":1}},{"start":{},"end":{}}],"line":55}},"s":{"0":5,"1":5,"2":5,"3":5,"4":5,"5":5,"6":5,"7":5,"8":0,"9":0,"10":0,"11":0,"12":0,"13":0,"14":0,"15":0,"16":0,"17":0,"18":0,"19":0,"20":0,"21":0,"22":5,"23":0},"f":{"0":0,"1":0,"2":0,"3":0},"b":{"0":[0,5]},"_coverageSchema":"1a1c01bbd47fc00a2c39e90264f33305004495a9","hash":"cbbc96ed2b766109a8d161b408cc998ab7df20e6"}
,"C:\\Users\\Catherin\\OneDrive - Estudiantes ITCR\\Documentos\\GitHub\\Tarea1BD2\\server\\src\\config\\database.js": {"path":"C:\\Users\\Catherin\\OneDrive - Estudiantes ITCR\\Documentos\\GitHub\\Tarea1BD2\\server\\src\\config\\database.js","statementMap":{"0":{"start":{"line":5,"column":17},"end":{"line":5,"column":20}},"1":{"start":{"line":7,"column":11},"end":{"line":7,"column":15}},"2":{"start":{"line":9,"column":24},"end":{"line":23,"column":1}},"3":{"start":{"line":10,"column":2},"end":{"line":22,"column":3}},"4":{"start":{"line":11,"column":4},"end":{"line":11,"column":37}},"5":{"start":{"line":13,"column":4},"end":{"line":13,"column":33}},"6":{"start":{"line":15,"column":4},"end":{"line":15,"column":64}},"7":{"start":{"line":17,"column":4},"end":{"line":17,"column":69}},"8":{"start":{"line":19,"column":4},"end":{"line":21,"column":5}},"9":{"start":{"line":20,"column":6},"end":{"line":20,"column":22}},"10":{"start":{"line":25,"column":24},"end":{"line":35,"column":1}},"11":{"start":{"line":26,"column":17},"end":{"line":26,"column":37}},"12":{"start":{"line":28,"column":2},"end":{"line":34,"column":3}},"13":{"start":{"line":29,"column":4},"end":{"line":29,"column":37}},"14":{"start":{"line":30,"column":4},"end":{"line":30,"column":25}},"15":{"start":{"line":32,"column":4},"end":{"line":32,"column":40}},"16":{"start":{"line":33,"column":4},"end":{"line":33,"column":28}},"17":{"start":{"line":37,"column":33},"end":{"line":44,"column":1}},"18":{"start":{"line":38,"column":2},"end":{"line":40,"column":3}},"19":{"start":{"line":39,"column":4},"end":{"line":39,"column":23}},"20":{"start":{"line":42,"column":2},"end":{"line":42,"column":35}},"21":{"start":{"line":42,"column":13},"end":{"line":42,"column":35}},"22":{"start":{"line":43,"column":2},"end":{"line":43,"column":61}}},"fnMap":{"0":{"name":"(anonymous_0)","decl":{"start":{"line":9,"column":24},"end":{"line":9,"column":25}},"loc":{"start":{"line":9,"column":36},"end":{"line":23,"column":1}},"line":9},"1":{"name":"(anonymous_1)","decl":{"start":{"line":25,"column":24},"end":{"line":25,"column":25}},"loc":{"start":{"line":25,"column":36},"end":{"line":35,"column":1}},"line":25},"2":{"name":"(anonymous_2)","decl":{"start":{"line":37,"column":33},"end":{"line":37,"column":34}},"loc":{"start":{"line":37,"column":39},"end":{"line":44,"column":1}},"line":37}},"branchMap":{"0":{"loc":{"start":{"line":19,"column":4},"end":{"line":21,"column":5}},"type":"if","locations":[{"start":{"line":19,"column":4},"end":{"line":21,"column":5}},{"start":{},"end":{}}],"line":19},"1":{"loc":{"start":{"line":28,"column":2},"end":{"line":34,"column":3}},"type":"if","locations":[{"start":{"line":28,"column":2},"end":{"line":34,"column":3}},{"start":{"line":31,"column":9},"end":{"line":34,"column":3}}],"line":28},"2":{"loc":{"start":{"line":38,"column":2},"end":{"line":40,"column":3}},"type":"if","locations":[{"start":{"line":38,"column":2},"end":{"line":40,"column":3}},{"start":{},"end":{}}],"line":38},"3":{"loc":{"start":{"line":42,"column":2},"end":{"line":42,"column":35}},"type":"if","locations":[{"start":{"line":42,"column":2},"end":{"line":42,"column":35}},{"start":{},"end":{}}],"line":42},"4":{"loc":{"start":{"line":43,"column":9},"end":{"line":43,"column":60}},"type":"cond-expr","locations":[{"start":{"line":43,"column":32},"end":{"line":43,"column":43}},{"start":{"line":43,"column":46},"end":{"line":43,"column":60}}],"line":43}},"s":{"0":5,"1":5,"2":5,"3":0,"4":0,"5":0,"6":0,"7":0,"8":0,"9":0,"10":5,"11":5,"12":5,"13":5,"14":5,"15":0,"16":0,"17":5,"18":0,"19":0,"20":0,"21":0,"22":0},"f":{"0":0,"1":5,"2":0},"b":{"0":[0,0],"1":[5,0],"2":[0,0],"3":[0,0],"4":[0,0]},"_coverageSchema":"1a1c01bbd47fc00a2c39e90264f33305004495a9","hash":"954c0a39169a1ceac14fdb231edd018a8e447ae2"}
,"C:\\Users\\Catherin\\OneDrive - Estudiantes ITCR\\Documentos\\GitHub\\Tarea1BD2\\server\\src\\config\\environment.js": {"path":"C:\\Users\\Catherin\\OneDrive - Estudiantes ITCR\\Documentos\\GitHub\\Tarea1BD2\\server\\src\\config\\environment.js","statementMap":{"0":{"start":{"line":4,"column":0},"end":{"line":4,"column":16}},"1":{"start":{"line":6,"column":15},"end":{"line":38,"column":1}}},"fnMap":{},"branchMap":{"0":{"loc":{"start":{"line":9,"column":10},"end":{"line":9,"column":44}},"type":"binary-expr","locations":[{"start":{"line":9,"column":10},"end":{"line":9,"column":29}},{"start":{"line":9,"column":33},"end":{"line":9,"column":44}}],"line":9},"1":{"loc":{"start":{"line":14,"column":9},"end":{"line":14,"column":78}},"type":"cond-expr","locations":[{"start":{"line":14,"column":41},"end":{"line":14,"column":70}},{"start":{"line":14,"column":73},"end":{"line":14,"column":78}}],"line":14},"2":{"loc":{"start":{"line":18,"column":10},"end":{"line":18,"column":34}},"type":"binary-expr","locations":[{"start":{"line":18,"column":10},"end":{"line":18,"column":26}},{"start":{"line":18,"column":30},"end":{"line":18,"column":34}}],"line":18},"3":{"loc":{"start":{"line":19,"column":13},"end":{"line":19,"column":50}},"type":"binary-expr","locations":[{"start":{"line":19,"column":13},"end":{"line":19,"column":33}},{"start":{"line":19,"column":37},"end":{"line":19,"column":50}}],"line":19},"4":{"loc":{"start":{"line":23,"column":9},"end":{"line":23,"column":59}},"type":"binary-expr","locations":[{"start":{"line":23,"column":9},"end":{"line":23,"column":33}},{"start":{"line":23,"column":37},"end":{"line":23,"column":59}}],"line":23},"5":{"loc":{"start":{"line":24,"column":11},"end":{"line":24,"column":59}},"type":"binary-expr","locations":[{"start":{"line":24,"column":11},"end":{"line":24,"column":37}},{"start":{"line":24,"column":41},"end":{"line":24,"column":59}}],"line":24},"6":{"loc":{"start":{"line":25,"column":14},"end":{"line":25,"column":64}},"type":"binary-expr","locations":[{"start":{"line":25,"column":14},"end":{"line":25,"column":44}},{"start":{"line":25,"column":48},"end":{"line":25,"column":64}}],"line":25},"7":{"loc":{"start":{"line":29,"column":8},"end":{"line":29,"column":36}},"type":"binary-expr","locations":[{"start":{"line":29,"column":8},"end":{"line":29,"column":22}},{"start":{"line":29,"column":26},"end":{"line":29,"column":36}}],"line":29}},"s":{"0":5,"1":5},"f":{},"b":{"0":[5,0],"1":[0,5],"2":[5,5],"3":[5,0],"4":[5,0],"5":[5,0],"6":[5,0],"7":[5,0]},"_coverageSchema":"1a1c01bbd47fc00a2c39e90264f33305004495a9","hash":"90bbe2ff2e85dc5cf61bc03cbfd065ccebd1e957"}
,"C:\\Users\\Catherin\\OneDrive - Estudiantes ITCR\\Documentos\\GitHub\\Tarea1BD2\\server\\src\\config\\mongo.js": {"path":"C:\\Users\\Catherin\\OneDrive - Estudiantes ITCR\\Documentos\\GitHub\\Tarea1BD2\\server\\src\\config\\mongo.js","statementMap":{"0":{"start":{"line":3,"column":21},"end":{"line":11,"column":1}},"1":{"start":{"line":4,"column":4},"end":{"line":10,"column":5}},"2":{"start":{"line":5,"column":8},"end":{"line":5,"column":54}},"3":{"start":{"line":6,"column":8},"end":{"line":6,"column":39}},"4":{"start":{"line":8,"column":8},"end":{"line":8,"column":57}},"5":{"start":{"line":9,"column":8},"end":{"line":9,"column":24}}},"fnMap":{"0":{"name":"(anonymous_0)","decl":{"start":{"line":3,"column":21},"end":{"line":3,"column":22}},"loc":{"start":{"line":3,"column":33},"end":{"line":11,"column":1}},"line":3}},"branchMap":{},"s":{"0":5,"1":5,"2":5,"3":0,"4":0,"5":0},"f":{"0":5},"b":{},"_coverageSchema":"1a1c01bbd47fc00a2c39e90264f33305004495a9","hash":"e61f855429feed61c8ce86b683e07f9569f2df16"}
,"C:\\Users\\Catherin\\OneDrive - Estudiantes ITCR\\Documentos\\GitHub\\Tarea1BD2\\server\\src\\controllers\\menuController.js": {"path":"C:\\Users\\Catherin\\OneDrive - Estudiantes ITCR\\Documentos\\GitHub\\Tarea1BD2\\server\\src\\controllers\\menuController.js","statementMap":{"0":{"start":{"line":3,"column":27},"end":{"line":31,"column":1}},"1":{"start":{"line":4,"column":2},"end":{"line":4,"column":45}},"2":{"start":{"line":5,"column":4},"end":{"line":28,"column":5}},"3":{"start":{"line":7,"column":22},"end":{"line":7,"column":32}},"4":{"start":{"line":9,"column":4},"end":{"line":12,"column":5}},"5":{"start":{"line":10,"column":8},"end":{"line":10,"column":60}},"6":{"start":{"line":16,"column":17},"end":{"line":16,"column":50}},"7":{"start":{"line":18,"column":4},"end":{"line":20,"column":5}},"8":{"start":{"line":19,"column":8},"end":{"line":19,"column":66}},"9":{"start":{"line":23,"column":4},"end":{"line":23,"column":19}},"10":{"start":{"line":26,"column":8},"end":{"line":26,"column":29}},"11":{"start":{"line":27,"column":8},"end":{"line":27,"column":65}},"12":{"start":{"line":33,"column":30},"end":{"line":68,"column":1}},"13":{"start":{"line":34,"column":4},"end":{"line":34,"column":47}},"14":{"start":{"line":35,"column":4},"end":{"line":65,"column":5}},"15":{"start":{"line":37,"column":22},"end":{"line":37,"column":32}},"16":{"start":{"line":39,"column":23},"end":{"line":39,"column":31}},"17":{"start":{"line":41,"column":4},"end":{"line":44,"column":5}},"18":{"start":{"line":42,"column":8},"end":{"line":42,"column":60}},"19":{"start":{"line":46,"column":4},"end":{"line":49,"column":5}},"20":{"start":{"line":47,"column":8},"end":{"line":47,"column":64}},"21":{"start":{"line":53,"column":17},"end":{"line":53,"column":59}},"22":{"start":{"line":55,"column":4},"end":{"line":57,"column":5}},"23":{"start":{"line":56,"column":8},"end":{"line":56,"column":66}},"24":{"start":{"line":60,"column":4},"end":{"line":60,"column":54}},"25":{"start":{"line":63,"column":8},"end":{"line":63,"column":29}},"26":{"start":{"line":64,"column":8},"end":{"line":64,"column":65}},"27":{"start":{"line":72,"column":26},"end":{"line":103,"column":1}},"28":{"start":{"line":73,"column":2},"end":{"line":73,"column":45}},"29":{"start":{"line":74,"column":2},"end":{"line":102,"column":3}},"30":{"start":{"line":76,"column":19},"end":{"line":76,"column":29}},"31":{"start":{"line":78,"column":4},"end":{"line":82,"column":5}},"32":{"start":{"line":79,"column":6},"end":{"line":81,"column":9}},"33":{"start":{"line":84,"column":17},"end":{"line":84,"column":49}},"34":{"start":{"line":86,"column":4},"end":{"line":90,"column":5}},"35":{"start":{"line":87,"column":6},"end":{"line":89,"column":9}},"36":{"start":{"line":92,"column":4},"end":{"line":94,"column":7}},"37":{"start":{"line":97,"column":4},"end":{"line":97,"column":51}},"38":{"start":{"line":99,"column":4},"end":{"line":101,"column":7}},"39":{"start":{"line":107,"column":30},"end":{"line":122,"column":1}},"40":{"start":{"line":108,"column":3},"end":{"line":108,"column":55}},"41":{"start":{"line":109,"column":2},"end":{"line":121,"column":3}},"42":{"start":{"line":111,"column":21},"end":{"line":111,"column":55}},"43":{"start":{"line":113,"column":4},"end":{"line":113,"column":23}},"44":{"start":{"line":116,"column":4},"end":{"line":116,"column":56}},"45":{"start":{"line":118,"column":4},"end":{"line":120,"column":7}}},"fnMap":{"0":{"name":"(anonymous_0)","decl":{"start":{"line":3,"column":27},"end":{"line":3,"column":28}},"loc":{"start":{"line":3,"column":45},"end":{"line":31,"column":1}},"line":3},"1":{"name":"(anonymous_1)","decl":{"start":{"line":33,"column":30},"end":{"line":33,"column":31}},"loc":{"start":{"line":33,"column":48},"end":{"line":68,"column":1}},"line":33},"2":{"name":"(anonymous_2)","decl":{"start":{"line":72,"column":26},"end":{"line":72,"column":27}},"loc":{"start":{"line":72,"column":46},"end":{"line":103,"column":1}},"line":72},"3":{"name":"(anonymous_3)","decl":{"start":{"line":107,"column":30},"end":{"line":107,"column":31}},"loc":{"start":{"line":107,"column":50},"end":{"line":122,"column":1}},"line":107}},"branchMap":{"0":{"loc":{"start":{"line":9,"column":4},"end":{"line":12,"column":5}},"type":"if","locations":[{"start":{"line":9,"column":4},"end":{"line":12,"column":5}},{"start":{},"end":{}}],"line":9},"1":{"loc":{"start":{"line":18,"column":4},"end":{"line":20,"column":5}},"type":"if","locations":[{"start":{"line":18,"column":4},"end":{"line":20,"column":5}},{"start":{},"end":{}}],"line":18},"2":{"loc":{"start":{"line":41,"column":4},"end":{"line":44,"column":5}},"type":"if","locations":[{"start":{"line":41,"column":4},"end":{"line":44,"column":5}},{"start":{},"end":{}}],"line":41},"3":{"loc":{"start":{"line":46,"column":4},"end":{"line":49,"column":5}},"type":"if","locations":[{"start":{"line":46,"column":4},"end":{"line":49,"column":5}},{"start":{},"end":{}}],"line":46},"4":{"loc":{"start":{"line":55,"column":4},"end":{"line":57,"column":5}},"type":"if","locations":[{"start":{"line":55,"column":4},"end":{"line":57,"column":5}},{"start":{},"end":{}}],"line":55},"5":{"loc":{"start":{"line":78,"column":4},"end":{"line":82,"column":5}},"type":"if","locations":[{"start":{"line":78,"column":4},"end":{"line":82,"column":5}},{"start":{},"end":{}}],"line":78},"6":{"loc":{"start":{"line":86,"column":4},"end":{"line":90,"column":5}},"type":"if","locations":[{"start":{"line":86,"column":4},"end":{"line":90,"column":5}},{"start":{},"end":{}}],"line":86}},"s":{"0":6,"1":4,"2":4,"3":4,"4":4,"5":1,"6":3,"7":2,"8":1,"9":1,"10":1,"11":1,"12":6,"13":5,"14":5,"15":5,"16":5,"17":5,"18":1,"19":4,"20":1,"21":3,"22":2,"23":1,"24":1,"25":1,"26":1,"27":6,"28":4,"29":4,"30":4,"31":4,"32":1,"33":3,"34":2,"35":1,"36":1,"37":1,"38":1,"39":6,"40":2,"41":2,"42":2,"43":1,"44":1,"45":1},"f":{"0":4,"1":5,"2":4,"3":2},"b":{"0":[1,3],"1":[1,1],"2":[1,4],"3":[1,3],"4":[1,1],"5":[1,3],"6":[1,1]},"_coverageSchema":"1a1c01bbd47fc00a2c39e90264f33305004495a9","hash":"75a0202abec735f1d07c84e77fcc8d0d8afd481b"}
,"C:\\Users\\Catherin\\OneDrive - Estudiantes ITCR\\Documentos\\GitHub\\Tarea1BD2\\server\\src\\controllers\\orderController.js": {"path":"C:\\Users\\Catherin\\OneDrive - Estudiantes ITCR\\Documentos\\GitHub\\Tarea1BD2\\server\\src\\controllers\\orderController.js","statementMap":{"0":{"start":{"line":4,"column":27},"end":{"line":50,"column":1}},"1":{"start":{"line":5,"column":2},"end":{"line":5,"column":45}},"2":{"start":{"line":6,"column":2},"end":{"line":49,"column":3}},"3":{"start":{"line":8,"column":53},"end":{"line":8,"column":61}},"4":{"start":{"line":10,"column":17},"end":{"line":10,"column":56}},"5":{"start":{"line":11,"column":18},"end":{"line":11,"column":29}},"6":{"start":{"line":13,"column":4},"end":{"line":17,"column":5}},"7":{"start":{"line":14,"column":6},"end":{"line":16,"column":9}},"8":{"start":{"line":19,"column":4},"end":{"line":23,"column":5}},"9":{"start":{"line":20,"column":6},"end":{"line":22,"column":9}},"10":{"start":{"line":25,"column":29},"end":{"line":30,"column":6}},"11":{"start":{"line":32,"column":4},"end":{"line":36,"column":5}},"12":{"start":{"line":33,"column":6},"end":{"line":35,"column":9}},"13":{"start":{"line":38,"column":4},"end":{"line":41,"column":7}},"14":{"start":{"line":44,"column":4},"end":{"line":44,"column":49}},"15":{"start":{"line":46,"column":4},"end":{"line":48,"column":7}},"16":{"start":{"line":53,"column":28},"end":{"line":109,"column":1}},"17":{"start":{"line":54,"column":2},"end":{"line":54,"column":45}},"18":{"start":{"line":55,"column":2},"end":{"line":108,"column":3}},"19":{"start":{"line":57,"column":19},"end":{"line":57,"column":29}},"20":{"start":{"line":59,"column":17},"end":{"line":59,"column":56}},"21":{"start":{"line":60,"column":18},"end":{"line":60,"column":29}},"22":{"start":{"line":61,"column":18},"end":{"line":61,"column":49}},"23":{"start":{"line":64,"column":4},"end":{"line":68,"column":5}},"24":{"start":{"line":65,"column":6},"end":{"line":67,"column":9}},"25":{"start":{"line":70,"column":4},"end":{"line":74,"column":5}},"26":{"start":{"line":71,"column":6},"end":{"line":73,"column":9}},"27":{"start":{"line":76,"column":29},"end":{"line":80,"column":6}},"28":{"start":{"line":82,"column":4},"end":{"line":86,"column":5}},"29":{"start":{"line":83,"column":6},"end":{"line":85,"column":9}},"30":{"start":{"line":88,"column":4},"end":{"line":92,"column":5}},"31":{"start":{"line":89,"column":6},"end":{"line":91,"column":9}},"32":{"start":{"line":94,"column":4},"end":{"line":98,"column":5}},"33":{"start":{"line":95,"column":6},"end":{"line":97,"column":9}},"34":{"start":{"line":100,"column":4},"end":{"line":100,"column":20}},"35":{"start":{"line":103,"column":4},"end":{"line":103,"column":53}},"36":{"start":{"line":105,"column":4},"end":{"line":107,"column":7}}},"fnMap":{"0":{"name":"(anonymous_0)","decl":{"start":{"line":4,"column":27},"end":{"line":4,"column":28}},"loc":{"start":{"line":4,"column":47},"end":{"line":50,"column":1}},"line":4},"1":{"name":"(anonymous_1)","decl":{"start":{"line":53,"column":28},"end":{"line":53,"column":29}},"loc":{"start":{"line":53,"column":48},"end":{"line":109,"column":1}},"line":53}},"branchMap":{"0":{"loc":{"start":{"line":13,"column":4},"end":{"line":17,"column":5}},"type":"if","locations":[{"start":{"line":13,"column":4},"end":{"line":17,"column":5}},{"start":{},"end":{}}],"line":13},"1":{"loc":{"start":{"line":13,"column":8},"end":{"line":13,"column":54}},"type":"binary-expr","locations":[{"start":{"line":13,"column":8},"end":{"line":13,"column":22}},{"start":{"line":13,"column":26},"end":{"line":13,"column":32}},{"start":{"line":13,"column":36},"end":{"line":13,"column":54}}],"line":13},"2":{"loc":{"start":{"line":19,"column":4},"end":{"line":23,"column":5}},"type":"if","locations":[{"start":{"line":19,"column":4},"end":{"line":23,"column":5}},{"start":{},"end":{}}],"line":19},"3":{"loc":{"start":{"line":32,"column":4},"end":{"line":36,"column":5}},"type":"if","locations":[{"start":{"line":32,"column":4},"end":{"line":36,"column":5}},{"start":{},"end":{}}],"line":32},"4":{"loc":{"start":{"line":47,"column":13},"end":{"line":47,"column":52}},"type":"binary-expr","locations":[{"start":{"line":47,"column":13},"end":{"line":47,"column":26}},{"start":{"line":47,"column":30},"end":{"line":47,"column":52}}],"line":47},"5":{"loc":{"start":{"line":61,"column":18},"end":{"line":61,"column":49}},"type":"binary-expr","locations":[{"start":{"line":61,"column":18},"end":{"line":61,"column":43}},{"start":{"line":61,"column":47},"end":{"line":61,"column":49}}],"line":61},"6":{"loc":{"start":{"line":64,"column":4},"end":{"line":68,"column":5}},"type":"if","locations":[{"start":{"line":64,"column":4},"end":{"line":68,"column":5}},{"start":{},"end":{}}],"line":64},"7":{"loc":{"start":{"line":70,"column":4},"end":{"line":74,"column":5}},"type":"if","locations":[{"start":{"line":70,"column":4},"end":{"line":74,"column":5}},{"start":{},"end":{}}],"line":70},"8":{"loc":{"start":{"line":82,"column":4},"end":{"line":86,"column":5}},"type":"if","locations":[{"start":{"line":82,"column":4},"end":{"line":86,"column":5}},{"start":{},"end":{}}],"line":82},"9":{"loc":{"start":{"line":88,"column":4},"end":{"line":92,"column":5}},"type":"if","locations":[{"start":{"line":88,"column":4},"end":{"line":92,"column":5}},{"start":{},"end":{}}],"line":88},"10":{"loc":{"start":{"line":94,"column":4},"end":{"line":98,"column":5}},"type":"if","locations":[{"start":{"line":94,"column":4},"end":{"line":98,"column":5}},{"start":{},"end":{}}],"line":94}},"s":{"0":6,"1":6,"2":6,"3":6,"4":6,"5":6,"6":6,"7":2,"8":4,"9":1,"10":3,"11":2,"12":1,"13":1,"14":1,"15":1,"16":6,"17":7,"18":7,"19":7,"20":7,"21":7,"22":7,"23":7,"24":1,"25":6,"26":1,"27":5,"28":4,"29":1,"30":3,"31":1,"32":2,"33":1,"34":1,"35":1,"36":1},"f":{"0":6,"1":7},"b":{"0":[2,4],"1":[6,5,5],"2":[1,3],"3":[1,1],"4":[1,0],"5":[7,1],"6":[1,6],"7":[1,5],"8":[1,3],"9":[1,2],"10":[1,1]},"_coverageSchema":"1a1c01bbd47fc00a2c39e90264f33305004495a9","hash":"4b8d139bd8506c5c27c62850c73b861180f0cedb"}
,"C:\\Users\\Catherin\\OneDrive - Estudiantes ITCR\\Documentos\\GitHub\\Tarea1BD2\\server\\src\\controllers\\reservascontroller.js": {"path":"C:\\Users\\Catherin\\OneDrive - Estudiantes ITCR\\Documentos\\GitHub\\Tarea1BD2\\server\\src\\controllers\\reservascontroller.js","statementMap":{"0":{"start":{"line":6,"column":33},"end":{"line":54,"column":1}},"1":{"start":{"line":7,"column":2},"end":{"line":7,"column":45}},"2":{"start":{"line":8,"column":2},"end":{"line":53,"column":3}},"3":{"start":{"line":10,"column":55},"end":{"line":10,"column":63}},"4":{"start":{"line":12,"column":17},"end":{"line":12,"column":56}},"5":{"start":{"line":13,"column":18},"end":{"line":13,"column":29}},"6":{"start":{"line":16,"column":4},"end":{"line":20,"column":5}},"7":{"start":{"line":17,"column":6},"end":{"line":19,"column":9}},"8":{"start":{"line":22,"column":4},"end":{"line":26,"column":5}},"9":{"start":{"line":23,"column":6},"end":{"line":25,"column":9}},"10":{"start":{"line":29,"column":6},"end":{"line":34,"column":8}},"11":{"start":{"line":36,"column":4},"end":{"line":40,"column":5}},"12":{"start":{"line":37,"column":6},"end":{"line":39,"column":9}},"13":{"start":{"line":42,"column":4},"end":{"line":45,"column":7}},"14":{"start":{"line":48,"column":4},"end":{"line":48,"column":51}},"15":{"start":{"line":50,"column":4},"end":{"line":52,"column":7}},"16":{"start":{"line":55,"column":33},"end":{"line":114,"column":1}},"17":{"start":{"line":56,"column":2},"end":{"line":56,"column":45}},"18":{"start":{"line":57,"column":2},"end":{"line":113,"column":3}},"19":{"start":{"line":59,"column":19},"end":{"line":59,"column":29}},"20":{"start":{"line":61,"column":17},"end":{"line":61,"column":56}},"21":{"start":{"line":62,"column":18},"end":{"line":62,"column":29}},"22":{"start":{"line":64,"column":4},"end":{"line":68,"column":5}},"23":{"start":{"line":65,"column":6},"end":{"line":67,"column":9}},"24":{"start":{"line":70,"column":4},"end":{"line":74,"column":5}},"25":{"start":{"line":71,"column":6},"end":{"line":73,"column":9}},"26":{"start":{"line":77,"column":6},"end":{"line":77,"column":63}},"27":{"start":{"line":79,"column":4},"end":{"line":83,"column":5}},"28":{"start":{"line":80,"column":6},"end":{"line":82,"column":9}},"29":{"start":{"line":85,"column":4},"end":{"line":89,"column":5}},"30":{"start":{"line":86,"column":6},"end":{"line":88,"column":9}},"31":{"start":{"line":91,"column":4},"end":{"line":95,"column":5}},"32":{"start":{"line":92,"column":6},"end":{"line":94,"column":9}},"33":{"start":{"line":97,"column":4},"end":{"line":101,"column":5}},"34":{"start":{"line":98,"column":6},"end":{"line":100,"column":9}},"35":{"start":{"line":103,"column":4},"end":{"line":105,"column":7}},"36":{"start":{"line":108,"column":4},"end":{"line":108,"column":54}},"37":{"start":{"line":110,"column":4},"end":{"line":112,"column":7}}},"fnMap":{"0":{"name":"(anonymous_0)","decl":{"start":{"line":6,"column":33},"end":{"line":6,"column":34}},"loc":{"start":{"line":6,"column":53},"end":{"line":54,"column":1}},"line":6},"1":{"name":"(anonymous_1)","decl":{"start":{"line":55,"column":33},"end":{"line":55,"column":34}},"loc":{"start":{"line":55,"column":53},"end":{"line":114,"column":1}},"line":55}},"branchMap":{"0":{"loc":{"start":{"line":16,"column":4},"end":{"line":20,"column":5}},"type":"if","locations":[{"start":{"line":16,"column":4},"end":{"line":20,"column":5}},{"start":{},"end":{}}],"line":16},"1":{"loc":{"start":{"line":16,"column":8},"end":{"line":16,"column":53}},"type":"binary-expr","locations":[{"start":{"line":16,"column":8},"end":{"line":16,"column":17}},{"start":{"line":16,"column":21},"end":{"line":16,"column":38}},{"start":{"line":16,"column":42},"end":{"line":16,"column":53}}],"line":16},"2":{"loc":{"start":{"line":22,"column":4},"end":{"line":26,"column":5}},"type":"if","locations":[{"start":{"line":22,"column":4},"end":{"line":26,"column":5}},{"start":{},"end":{}}],"line":22},"3":{"loc":{"start":{"line":36,"column":4},"end":{"line":40,"column":5}},"type":"if","locations":[{"start":{"line":36,"column":4},"end":{"line":40,"column":5}},{"start":{},"end":{}}],"line":36},"4":{"loc":{"start":{"line":64,"column":4},"end":{"line":68,"column":5}},"type":"if","locations":[{"start":{"line":64,"column":4},"end":{"line":68,"column":5}},{"start":{},"end":{}}],"line":64},"5":{"loc":{"start":{"line":70,"column":4},"end":{"line":74,"column":5}},"type":"if","locations":[{"start":{"line":70,"column":4},"end":{"line":74,"column":5}},{"start":{},"end":{}}],"line":70},"6":{"loc":{"start":{"line":79,"column":4},"end":{"line":83,"column":5}},"type":"if","locations":[{"start":{"line":79,"column":4},"end":{"line":83,"column":5}},{"start":{},"end":{}}],"line":79},"7":{"loc":{"start":{"line":85,"column":4},"end":{"line":89,"column":5}},"type":"if","locations":[{"start":{"line":85,"column":4},"end":{"line":89,"column":5}},{"start":{},"end":{}}],"line":85},"8":{"loc":{"start":{"line":91,"column":4},"end":{"line":95,"column":5}},"type":"if","locations":[{"start":{"line":91,"column":4},"end":{"line":95,"column":5}},{"start":{},"end":{}}],"line":91},"9":{"loc":{"start":{"line":97,"column":4},"end":{"line":101,"column":5}},"type":"if","locations":[{"start":{"line":97,"column":4},"end":{"line":101,"column":5}},{"start":{},"end":{}}],"line":97}},"s":{"0":6,"1":5,"2":5,"3":5,"4":5,"5":5,"6":5,"7":1,"8":4,"9":1,"10":3,"11":2,"12":1,"13":1,"14":1,"15":1,"16":6,"17":8,"18":8,"19":8,"20":8,"21":8,"22":8,"23":1,"24":7,"25":1,"26":6,"27":5,"28":1,"29":4,"30":1,"31":3,"32":1,"33":2,"34":1,"35":1,"36":1,"37":1},"f":{"0":5,"1":8},"b":{"0":[1,4],"1":[5,5,4],"2":[1,3],"3":[1,1],"4":[1,7],"5":[1,6],"6":[1,4],"7":[1,3],"8":[1,2],"9":[1,1]},"_coverageSchema":"1a1c01bbd47fc00a2c39e90264f33305004495a9","hash":"2b516f1b096bc4cf46fcabf3a5c60906e4453c3c"}
,"C:\\Users\\Catherin\\OneDrive - Estudiantes ITCR\\Documentos\\GitHub\\Tarea1BD2\\server\\src\\controllers\\restaurantController.js": {"path":"C:\\Users\\Catherin\\OneDrive - Estudiantes ITCR\\Documentos\\GitHub\\Tarea1BD2\\server\\src\\controllers\\restaurantController.js","statementMap":{"0":{"start":{"line":6,"column":0},"end":{"line":6,"column":16}},"1":{"start":{"line":8,"column":29},"end":{"line":60,"column":1}},"2":{"start":{"line":11,"column":8},"end":{"line":33,"column":9}},"3":{"start":{"line":12,"column":45},"end":{"line":12,"column":53}},"4":{"start":{"line":15,"column":12},"end":{"line":17,"column":13}},"5":{"start":{"line":16,"column":16},"end":{"line":16,"column":95}},"6":{"start":{"line":19,"column":26},"end":{"line":19,"column":65}},"7":{"start":{"line":20,"column":26},"end":{"line":20,"column":38}},"8":{"start":{"line":21,"column":12},"end":{"line":21,"column":47}},"9":{"start":{"line":22,"column":27},"end":{"line":22,"column":58}},"10":{"start":{"line":24,"column":12},"end":{"line":26,"column":13}},"11":{"start":{"line":25,"column":16},"end":{"line":25,"column":73}},"12":{"start":{"line":28,"column":34},"end":{"line":28,"column":117}},"13":{"start":{"line":29,"column":12},"end":{"line":29,"column":48}},"14":{"start":{"line":31,"column":12},"end":{"line":31,"column":63}},"15":{"start":{"line":32,"column":12},"end":{"line":32,"column":73}},"16":{"start":{"line":37,"column":8},"end":{"line":43,"column":9}},"17":{"start":{"line":38,"column":32},"end":{"line":38,"column":68}},"18":{"start":{"line":39,"column":12},"end":{"line":39,"column":34}},"19":{"start":{"line":41,"column":12},"end":{"line":41,"column":64}},"20":{"start":{"line":42,"column":12},"end":{"line":42,"column":74}},"21":{"start":{"line":47,"column":8},"end":{"line":58,"column":9}},"22":{"start":{"line":48,"column":37},"end":{"line":48,"column":47}},"23":{"start":{"line":49,"column":29},"end":{"line":49,"column":37}},"24":{"start":{"line":50,"column":12},"end":{"line":52,"column":13}},"25":{"start":{"line":51,"column":16},"end":{"line":51,"column":80}},"26":{"start":{"line":53,"column":28},"end":{"line":53,"column":82}},"27":{"start":{"line":54,"column":12},"end":{"line":54,"column":42}},"28":{"start":{"line":56,"column":12},"end":{"line":56,"column":57}},"29":{"start":{"line":57,"column":12},"end":{"line":57,"column":67}}},"fnMap":{"0":{"name":"(anonymous_0)","decl":{"start":{"line":10,"column":4},"end":{"line":10,"column":5}},"loc":{"start":{"line":10,"column":37},"end":{"line":34,"column":5}},"line":10},"1":{"name":"(anonymous_1)","decl":{"start":{"line":36,"column":4},"end":{"line":36,"column":5}},"loc":{"start":{"line":36,"column":35},"end":{"line":44,"column":9}},"line":36},"2":{"name":"(anonymous_2)","decl":{"start":{"line":46,"column":4},"end":{"line":46,"column":5}},"loc":{"start":{"line":46,"column":31},"end":{"line":59,"column":5}},"line":46}},"branchMap":{"0":{"loc":{"start":{"line":15,"column":12},"end":{"line":17,"column":13}},"type":"if","locations":[{"start":{"line":15,"column":12},"end":{"line":17,"column":13}},{"start":{},"end":{}}],"line":15},"1":{"loc":{"start":{"line":15,"column":16},"end":{"line":15,"column":43}},"type":"binary-expr","locations":[{"start":{"line":15,"column":16},"end":{"line":15,"column":21}},{"start":{"line":15,"column":25},"end":{"line":15,"column":33}},{"start":{"line":15,"column":37},"end":{"line":15,"column":43}}],"line":15},"2":{"loc":{"start":{"line":24,"column":12},"end":{"line":26,"column":13}},"type":"if","locations":[{"start":{"line":24,"column":12},"end":{"line":26,"column":13}},{"start":{},"end":{}}],"line":24},"3":{"loc":{"start":{"line":50,"column":12},"end":{"line":52,"column":13}},"type":"if","locations":[{"start":{"line":50,"column":12},"end":{"line":52,"column":13}},{"start":{},"end":{}}],"line":50}},"s":{"0":5,"1":5,"2":0,"3":0,"4":0,"5":0,"6":0,"7":0,"8":0,"9":0,"10":0,"11":0,"12":0,"13":0,"14":0,"15":0,"16":0,"17":0,"18":0,"19":0,"20":0,"21":0,"22":0,"23":0,"24":0,"25":0,"26":0,"27":0,"28":0,"29":0},"f":{"0":0,"1":0,"2":0},"b":{"0":[0,0],"1":[0,0,0],"2":[0,0],"3":[0,0]},"_coverageSchema":"1a1c01bbd47fc00a2c39e90264f33305004495a9","hash":"10359e296b49df089803c0f1c3bdac32b87c23a2"}
,"C:\\Users\\Catherin\\OneDrive - Estudiantes ITCR\\Documentos\\GitHub\\Tarea1BD2\\server\\src\\controllers\\userController.js": {"path":"C:\\Users\\Catherin\\OneDrive - Estudiantes ITCR\\Documentos\\GitHub\\Tarea1BD2\\server\\src\\controllers\\userController.js","statementMap":{"0":{"start":{"line":7,"column":0},"end":{"line":7,"column":16}},"1":{"start":{"line":8,"column":21},"end":{"line":8,"column":71}},"2":{"start":{"line":11,"column":23},"end":{"line":135,"column":1}},"3":{"start":{"line":14,"column":8},"end":{"line":20,"column":9}},"4":{"start":{"line":15,"column":26},"end":{"line":15,"column":50}},"5":{"start":{"line":16,"column":12},"end":{"line":16,"column":28}},"6":{"start":{"line":18,"column":12},"end":{"line":18,"column":58}},"7":{"start":{"line":19,"column":12},"end":{"line":19,"column":68}},"8":{"start":{"line":24,"column":8},"end":{"line":36,"column":9}},"9":{"start":{"line":25,"column":46},"end":{"line":25,"column":54}},"10":{"start":{"line":27,"column":12},"end":{"line":29,"column":13}},"11":{"start":{"line":28,"column":16},"end":{"line":28,"column":96}},"12":{"start":{"line":31,"column":28},"end":{"line":31,"column":81}},"13":{"start":{"line":32,"column":12},"end":{"line":32,"column":42}},"14":{"start":{"line":34,"column":12},"end":{"line":34,"column":60}},"15":{"start":{"line":35,"column":12},"end":{"line":35,"column":70}},"16":{"start":{"line":40,"column":8},"end":{"line":67,"column":9}},"17":{"start":{"line":41,"column":40},"end":{"line":41,"column":48}},"18":{"start":{"line":43,"column":12},"end":{"line":45,"column":13}},"19":{"start":{"line":44,"column":16},"end":{"line":44,"column":90}},"20":{"start":{"line":47,"column":29},"end":{"line":61,"column":13}},"21":{"start":{"line":62,"column":12},"end":{"line":62,"column":36}},"22":{"start":{"line":65,"column":12},"end":{"line":65,"column":63}},"23":{"start":{"line":66,"column":12},"end":{"line":66,"column":73}},"24":{"start":{"line":71,"column":8},"end":{"line":91,"column":9}},"25":{"start":{"line":72,"column":26},"end":{"line":72,"column":65}},"26":{"start":{"line":73,"column":26},"end":{"line":73,"column":38}},"27":{"start":{"line":74,"column":27},"end":{"line":74,"column":58}},"28":{"start":{"line":76,"column":12},"end":{"line":78,"column":13}},"29":{"start":{"line":77,"column":16},"end":{"line":77,"column":85}},"30":{"start":{"line":80,"column":29},"end":{"line":85,"column":13}},"31":{"start":{"line":87,"column":12},"end":{"line":87,"column":31}},"32":{"start":{"line":89,"column":12},"end":{"line":89,"column":62}},"33":{"start":{"line":90,"column":12},"end":{"line":90,"column":72}},"34":{"start":{"line":95,"column":8},"end":{"line":117,"column":9}},"35":{"start":{"line":96,"column":27},"end":{"line":96,"column":37}},"36":{"start":{"line":97,"column":46},"end":{"line":97,"column":54}},"37":{"start":{"line":99,"column":12},"end":{"line":101,"column":13}},"38":{"start":{"line":100,"column":16},"end":{"line":100,"column":96}},"39":{"start":{"line":104,"column":32},"end":{"line":104,"column":61}},"40":{"start":{"line":105,"column":12},"end":{"line":107,"column":13}},"41":{"start":{"line":106,"column":16},"end":{"line":106,"column":73}},"42":{"start":{"line":110,"column":12},"end":{"line":110,"column":83}},"43":{"start":{"line":111,"column":32},"end":{"line":111,"column":87}},"44":{"start":{"line":113,"column":12},"end":{"line":113,"column":34}},"45":{"start":{"line":115,"column":12},"end":{"line":115,"column":57}},"46":{"start":{"line":116,"column":12},"end":{"line":116,"column":67}},"47":{"start":{"line":121,"column":8},"end":{"line":133,"column":9}},"48":{"start":{"line":122,"column":27},"end":{"line":122,"column":37}},"49":{"start":{"line":123,"column":25},"end":{"line":123,"column":54}},"50":{"start":{"line":124,"column":12},"end":{"line":126,"column":13}},"51":{"start":{"line":125,"column":16},"end":{"line":125,"column":73}},"52":{"start":{"line":127,"column":12},"end":{"line":127,"column":49}},"53":{"start":{"line":128,"column":12},"end":{"line":128,"column":41}},"54":{"start":{"line":129,"column":12},"end":{"line":129,"column":35}},"55":{"start":{"line":131,"column":12},"end":{"line":131,"column":57}},"56":{"start":{"line":132,"column":12},"end":{"line":132,"column":83}}},"fnMap":{"0":{"name":"(anonymous_0)","decl":{"start":{"line":13,"column":4},"end":{"line":13,"column":5}},"loc":{"start":{"line":13,"column":29},"end":{"line":21,"column":5}},"line":13},"1":{"name":"(anonymous_1)","decl":{"start":{"line":23,"column":4},"end":{"line":23,"column":5}},"loc":{"start":{"line":23,"column":33},"end":{"line":37,"column":5}},"line":23},"2":{"name":"(anonymous_2)","decl":{"start":{"line":39,"column":4},"end":{"line":39,"column":5}},"loc":{"start":{"line":39,"column":29},"end":{"line":68,"column":5}},"line":39},"3":{"name":"(anonymous_3)","decl":{"start":{"line":70,"column":4},"end":{"line":70,"column":5}},"loc":{"start":{"line":70,"column":26},"end":{"line":92,"column":5}},"line":70},"4":{"name":"(anonymous_4)","decl":{"start":{"line":94,"column":4},"end":{"line":94,"column":5}},"loc":{"start":{"line":94,"column":31},"end":{"line":118,"column":5}},"line":94},"5":{"name":"(anonymous_5)","decl":{"start":{"line":120,"column":4},"end":{"line":120,"column":5}},"loc":{"start":{"line":120,"column":31},"end":{"line":134,"column":5}},"line":120}},"branchMap":{"0":{"loc":{"start":{"line":8,"column":21},"end":{"line":8,"column":71}},"type":"binary-expr","locations":[{"start":{"line":8,"column":21},"end":{"line":8,"column":45}},{"start":{"line":8,"column":49},"end":{"line":8,"column":71}}],"line":8},"1":{"loc":{"start":{"line":27,"column":12},"end":{"line":29,"column":13}},"type":"if","locations":[{"start":{"line":27,"column":12},"end":{"line":29,"column":13}},{"start":{},"end":{}}],"line":27},"2":{"loc":{"start":{"line":27,"column":16},"end":{"line":27,"column":44}},"type":"binary-expr","locations":[{"start":{"line":27,"column":16},"end":{"line":27,"column":22}},{"start":{"line":27,"column":26},"end":{"line":27,"column":31}},{"start":{"line":27,"column":35},"end":{"line":27,"column":44}}],"line":27},"3":{"loc":{"start":{"line":43,"column":12},"end":{"line":45,"column":13}},"type":"if","locations":[{"start":{"line":43,"column":12},"end":{"line":45,"column":13}},{"start":{},"end":{}}],"line":43},"4":{"loc":{"start":{"line":43,"column":16},"end":{"line":43,"column":35}},"type":"binary-expr","locations":[{"start":{"line":43,"column":16},"end":{"line":43,"column":22}},{"start":{"line":43,"column":26},"end":{"line":43,"column":35}}],"line":43},"5":{"loc":{"start":{"line":76,"column":12},"end":{"line":78,"column":13}},"type":"if","locations":[{"start":{"line":76,"column":12},"end":{"line":78,"column":13}},{"start":{},"end":{}}],"line":76},"6":{"loc":{"start":{"line":84,"column":23},"end":{"line":84,"column":55}},"type":"binary-expr","locations":[{"start":{"line":84,"column":23},"end":{"line":84,"column":49}},{"start":{"line":84,"column":53},"end":{"line":84,"column":55}}],"line":84},"7":{"loc":{"start":{"line":99,"column":12},"end":{"line":101,"column":13}},"type":"if","locations":[{"start":{"line":99,"column":12},"end":{"line":101,"column":13}},{"start":{},"end":{}}],"line":99},"8":{"loc":{"start":{"line":99,"column":16},"end":{"line":99,"column":44}},"type":"binary-expr","locations":[{"start":{"line":99,"column":16},"end":{"line":99,"column":22}},{"start":{"line":99,"column":26},"end":{"line":99,"column":31}},{"start":{"line":99,"column":35},"end":{"line":99,"column":44}}],"line":99},"9":{"loc":{"start":{"line":105,"column":12},"end":{"line":107,"column":13}},"type":"if","locations":[{"start":{"line":105,"column":12},"end":{"line":107,"column":13}},{"start":{},"end":{}}],"line":105},"10":{"loc":{"start":{"line":124,"column":12},"end":{"line":126,"column":13}},"type":"if","locations":[{"start":{"line":124,"column":12},"end":{"line":126,"column":13}},{"start":{},"end":{}}],"line":124},"11":{"loc":{"start":{"line":132,"column":42},"end":{"line":132,"column":79}},"type":"binary-expr","locations":[{"start":{"line":132,"column":42},"end":{"line":132,"column":62}},{"start":{"line":132,"column":66},"end":{"line":132,"column":79}}],"line":132}},"s":{"0":5,"1":5,"2":5,"3":0,"4":0,"5":0,"6":0,"7":0,"8":0,"9":0,"10":0,"11":0,"12":0,"13":0,"14":0,"15":0,"16":0,"17":0,"18":0,"19":0,"20":0,"21":0,"22":0,"23":0,"24":0,"25":0,"26":0,"27":0,"28":0,"29":0,"30":0,"31":0,"32":0,"33":0,"34":0,"35":0,"36":0,"37":0,"38":0,"39":0,"40":0,"41":0,"42":0,"43":0,"44":0,"45":0,"46":0,"47":0,"48":0,"49":0,"50":0,"51":0,"52":0,"53":0,"54":0,"55":0,"56":0},"f":{"0":0,"1":0,"2":0,"3":0,"4":0,"5":0},"b":{"0":[5,0],"1":[0,0],"2":[0,0,0],"3":[0,0],"4":[0,0],"5":[0,0],"6":[0,0],"7":[0,0],"8":[0,0,0],"9":[0,0],"10":[0,0],"11":[0,0]},"_coverageSchema":"1a1c01bbd47fc00a2c39e90264f33305004495a9","hash":"2c4e517677f7b471e35fdac9f34bb529e034fc29"}
,"C:\\Users\\Catherin\\OneDrive - Estudiantes ITCR\\Documentos\\GitHub\\Tarea1BD2\\server\\src\\daos\\config.js": {"path":"C:\\Users\\Catherin\\OneDrive - Estudiantes ITCR\\Documentos\\GitHub\\Tarea1BD2\\server\\src\\daos\\config.js","statementMap":{"0":{"start":{"line":13,"column":15},"end":{"line":13,"column":35}},"1":{"start":{"line":17,"column":2},"end":{"line":17,"column":53}},"2":{"start":{"line":20,"column":2},"end":{"line":20,"column":67}},"3":{"start":{"line":23,"column":2},"end":{"line":23,"column":55}}},"fnMap":{},"branchMap":{"0":{"loc":{"start":{"line":17,"column":2},"end":{"line":17,"column":53}},"type":"cond-expr","locations":[{"start":{"line":17,"column":23},"end":{"line":17,"column":35}},{"start":{"line":17,"column":38},"end":{"line":17,"column":53}}],"line":17},"1":{"loc":{"start":{"line":20,"column":2},"end":{"line":20,"column":67}},"type":"cond-expr","locations":[{"start":{"line":20,"column":23},"end":{"line":20,"column":42}},{"start":{"line":20,"column":45},"end":{"line":20,"column":67}}],"line":20},"2":{"loc":{"start":{"line":23,"column":2},"end":{"line":23,"column":55}},"type":"cond-expr","locations":[{"start":{"line":23,"column":23},"end":{"line":23,"column":36}},{"start":{"line":23,"column":39},"end":{"line":23,"column":55}}],"line":23}},"s":{"0":5,"1":5,"2":5,"3":5},"f":{},"b":{"0":[5,0],"1":[5,0],"2":[5,0]},"_coverageSchema":"1a1c01bbd47fc00a2c39e90264f33305004495a9","hash":"ad7e643f2dde1d491148a949466b452feb39237b"}
,"C:\\Users\\Catherin\\OneDrive - Estudiantes ITCR\\Documentos\\GitHub\\Tarea1BD2\\server\\src\\daos\\menu\\menu.dao.abstract.js": {"path":"C:\\Users\\Catherin\\OneDrive - Estudiantes ITCR\\Documentos\\GitHub\\Tarea1BD2\\server\\src\\daos\\menu\\menu.dao.abstract.js","statementMap":{"0":{"start":{"line":4,"column":4},"end":{"line":4,"column":58}},"1":{"start":{"line":8,"column":4},"end":{"line":8,"column":61}},"2":{"start":{"line":12,"column":4},"end":{"line":12,"column":57}},"3":{"start":{"line":15,"column":4},"end":{"line":15,"column":46}}},"fnMap":{"0":{"name":"(anonymous_0)","decl":{"start":{"line":3,"column":2},"end":{"line":3,"column":3}},"loc":{"start":{"line":3,"column":24},"end":{"line":5,"column":3}},"line":3},"1":{"name":"(anonymous_1)","decl":{"start":{"line":7,"column":2},"end":{"line":7,"column":3}},"loc":{"start":{"line":7,"column":33},"end":{"line":9,"column":3}},"line":7},"2":{"name":"(anonymous_2)","decl":{"start":{"line":11,"column":2},"end":{"line":11,"column":3}},"loc":{"start":{"line":11,"column":23},"end":{"line":13,"column":3}},"line":11},"3":{"name":"(anonymous_3)","decl":{"start":{"line":14,"column":2},"end":{"line":14,"column":3}},"loc":{"start":{"line":14,"column":25},"end":{"line":16,"column":3}},"line":14}},"branchMap":{},"s":{"0":0,"1":0,"2":0,"3":0},"f":{"0":0,"1":0,"2":0,"3":0},"b":{},"_coverageSchema":"1a1c01bbd47fc00a2c39e90264f33305004495a9","hash":"95cdab3c08aeef912b50e90fd5e19165d30cfd6e"}
,"C:\\Users\\Catherin\\OneDrive - Estudiantes ITCR\\Documentos\\GitHub\\Tarea1BD2\\server\\src\\daos\\menu\\menu.mongo.dao.js": {"path":"C:\\Users\\Catherin\\OneDrive - Estudiantes ITCR\\Documentos\\GitHub\\Tarea1BD2\\server\\src\\daos\\menu\\menu.mongo.dao.js","statementMap":{"0":{"start":{"line":8,"column":18},"end":{"line":19,"column":5}},"1":{"start":{"line":9,"column":25},"end":{"line":9,"column":56}},"2":{"start":{"line":12,"column":21},"end":{"line":12,"column":57}},"3":{"start":{"line":14,"column":8},"end":{"line":16,"column":9}},"4":{"start":{"line":15,"column":12},"end":{"line":15,"column":23}},"5":{"start":{"line":18,"column":8},"end":{"line":18,"column":20}},"6":{"start":{"line":23,"column":21},"end":{"line":34,"column":5}},"7":{"start":{"line":24,"column":25},"end":{"line":24,"column":56}},"8":{"start":{"line":26,"column":26},"end":{"line":28,"column":16}},"9":{"start":{"line":29,"column":8},"end":{"line":31,"column":9}},"10":{"start":{"line":30,"column":12},"end":{"line":30,"column":24}},"11":{"start":{"line":32,"column":8},"end":{"line":32,"column":25}},"12":{"start":{"line":38,"column":17},"end":{"line":43,"column":5}},"13":{"start":{"line":40,"column":28},"end":{"line":40,"column":67}},"14":{"start":{"line":42,"column":8},"end":{"line":42,"column":35}},"15":{"start":{"line":48,"column":18},"end":{"line":48,"column":42}},"16":{"start":{"line":50,"column":19},"end":{"line":50,"column":21}},"17":{"start":{"line":52,"column":4},"end":{"line":67,"column":5}},"18":{"start":{"line":54,"column":6},"end":{"line":54,"column":35}},"19":{"start":{"line":54,"column":26},"end":{"line":54,"column":35}},"20":{"start":{"line":56,"column":6},"end":{"line":66,"column":7}},"21":{"start":{"line":58,"column":8},"end":{"line":64,"column":11}},"22":{"start":{"line":69,"column":4},"end":{"line":69,"column":20}}},"fnMap":{"0":{"name":"(anonymous_0)","decl":{"start":{"line":8,"column":18},"end":{"line":8,"column":19}},"loc":{"start":{"line":8,"column":29},"end":{"line":19,"column":5}},"line":8},"1":{"name":"(anonymous_1)","decl":{"start":{"line":23,"column":21},"end":{"line":23,"column":22}},"loc":{"start":{"line":23,"column":39},"end":{"line":34,"column":5}},"line":23},"2":{"name":"(anonymous_2)","decl":{"start":{"line":38,"column":17},"end":{"line":38,"column":18}},"loc":{"start":{"line":38,"column":31},"end":{"line":43,"column":5}},"line":38},"3":{"name":"(anonymous_3)","decl":{"start":{"line":45,"column":4},"end":{"line":45,"column":5}},"loc":{"start":{"line":45,"column":27},"end":{"line":70,"column":3}},"line":45}},"branchMap":{"0":{"loc":{"start":{"line":14,"column":8},"end":{"line":16,"column":9}},"type":"if","locations":[{"start":{"line":14,"column":8},"end":{"line":16,"column":9}},{"start":{},"end":{}}],"line":14},"1":{"loc":{"start":{"line":29,"column":8},"end":{"line":31,"column":9}},"type":"if","locations":[{"start":{"line":29,"column":8},"end":{"line":31,"column":9}},{"start":{},"end":{}}],"line":29},"2":{"loc":{"start":{"line":42,"column":15},"end":{"line":42,"column":34}},"type":"binary-expr","locations":[{"start":{"line":42,"column":15},"end":{"line":42,"column":26}},{"start":{"line":42,"column":30},"end":{"line":42,"column":34}}],"line":42},"3":{"loc":{"start":{"line":54,"column":6},"end":{"line":54,"column":35}},"type":"if","locations":[{"start":{"line":54,"column":6},"end":{"line":54,"column":35}},{"start":{},"end":{}}],"line":54},"4":{"loc":{"start":{"line":61,"column":23},"end":{"line":61,"column":72}},"type":"binary-expr","locations":[{"start":{"line":61,"column":23},"end":{"line":61,"column":42}},{"start":{"line":61,"column":46},"end":{"line":61,"column":72}}],"line":61}},"s":{"0":6,"1":3,"2":3,"3":2,"4":1,"5":1,"6":6,"7":3,"8":3,"9":2,"10":1,"11":1,"12":6,"13":3,"14":2,"15":4,"16":3,"17":3,"18":4,"19":1,"20":3,"21":4,"22":3},"f":{"0":3,"1":3,"2":3,"3":4},"b":{"0":[1,1],"1":[1,1],"2":[2,1],"3":[1,3],"4":[4,1]},"_coverageSchema":"1a1c01bbd47fc00a2c39e90264f33305004495a9","hash":"2da6e7dce7c799be52020652c14c7272005991a3"}
,"C:\\Users\\Catherin\\OneDrive - Estudiantes ITCR\\Documentos\\GitHub\\Tarea1BD2\\server\\src\\daos\\menu\\menu.postgres.Dao.js": {"path":"C:\\Users\\Catherin\\OneDrive - Estudiantes ITCR\\Documentos\\GitHub\\Tarea1BD2\\server\\src\\daos\\menu\\menu.postgres.Dao.js","statementMap":{"0":{"start":{"line":8,"column":22},"end":{"line":12,"column":5}},"1":{"start":{"line":14,"column":23},"end":{"line":14,"column":56}},"2":{"start":{"line":16,"column":4},"end":{"line":18,"column":5}},"3":{"start":{"line":17,"column":6},"end":{"line":17,"column":18}},"4":{"start":{"line":20,"column":17},"end":{"line":20,"column":35}},"5":{"start":{"line":22,"column":26},"end":{"line":26,"column":5}},"6":{"start":{"line":28,"column":27},"end":{"line":28,"column":64}},"7":{"start":{"line":30,"column":4},"end":{"line":30,"column":40}},"8":{"start":{"line":32,"column":4},"end":{"line":32,"column":16}},"9":{"start":{"line":37,"column":18},"end":{"line":42,"column":5}},"10":{"start":{"line":44,"column":19},"end":{"line":44,"column":29}},"11":{"start":{"line":45,"column":19},"end":{"line":45,"column":50}},"12":{"start":{"line":47,"column":4},"end":{"line":49,"column":5}},"13":{"start":{"line":48,"column":6},"end":{"line":48,"column":18}},"14":{"start":{"line":51,"column":4},"end":{"line":51,"column":26}},"15":{"start":{"line":56,"column":4},"end":{"line":61,"column":13}},"16":{"start":{"line":63,"column":19},"end":{"line":67,"column":12}},"17":{"start":{"line":69,"column":4},"end":{"line":69,"column":34}},"18":{"start":{"line":72,"column":19},"end":{"line":86,"column":3}},"19":{"start":{"line":73,"column":18},"end":{"line":81,"column":5}},"20":{"start":{"line":83,"column":19},"end":{"line":83,"column":42}},"21":{"start":{"line":85,"column":4},"end":{"line":85,"column":23}}},"fnMap":{"0":{"name":"(anonymous_0)","decl":{"start":{"line":6,"column":2},"end":{"line":6,"column":3}},"loc":{"start":{"line":6,"column":24},"end":{"line":33,"column":3}},"line":6},"1":{"name":"(anonymous_1)","decl":{"start":{"line":35,"column":2},"end":{"line":35,"column":3}},"loc":{"start":{"line":35,"column":33},"end":{"line":52,"column":3}},"line":35},"2":{"name":"(anonymous_2)","decl":{"start":{"line":54,"column":2},"end":{"line":54,"column":3}},"loc":{"start":{"line":54,"column":23},"end":{"line":70,"column":3}},"line":54},"3":{"name":"(anonymous_3)","decl":{"start":{"line":72,"column":19},"end":{"line":72,"column":20}},"loc":{"start":{"line":72,"column":31},"end":{"line":86,"column":3}},"line":72}},"branchMap":{"0":{"loc":{"start":{"line":16,"column":4},"end":{"line":18,"column":5}},"type":"if","locations":[{"start":{"line":16,"column":4},"end":{"line":18,"column":5}},{"start":{},"end":{}}],"line":16},"1":{"loc":{"start":{"line":47,"column":4},"end":{"line":49,"column":5}},"type":"if","locations":[{"start":{"line":47,"column":4},"end":{"line":49,"column":5}},{"start":{},"end":{}}],"line":47},"2":{"loc":{"start":{"line":69,"column":11},"end":{"line":69,"column":33}},"type":"binary-expr","locations":[{"start":{"line":69,"column":11},"end":{"line":69,"column":25}},{"start":{"line":69,"column":29},"end":{"line":69,"column":33}}],"line":69}},"s":{"0":4,"1":4,"2":3,"3":1,"4":2,"5":2,"6":2,"7":2,"8":2,"9":3,"10":3,"11":3,"12":2,"13":1,"14":1,"15":3,"16":2,"17":2,"18":6,"19":3,"20":3,"21":2},"f":{"0":4,"1":3,"2":3,"3":3},"b":{"0":[1,2],"1":[1,1],"2":[2,1]},"_coverageSchema":"1a1c01bbd47fc00a2c39e90264f33305004495a9","hash":"b6c4a99cbbc66d7d97730ddbd50aefb97fbe54c4"}
,"C:\\Users\\Catherin\\OneDrive - Estudiantes ITCR\\Documentos\\GitHub\\Tarea1BD2\\server\\src\\daos\\orders\\order.dao.abstract.js": {"path":"C:\\Users\\Catherin\\OneDrive - Estudiantes ITCR\\Documentos\\GitHub\\Tarea1BD2\\server\\src\\daos\\orders\\order.dao.abstract.js","statementMap":{"0":{"start":{"line":4,"column":4},"end":{"line":4,"column":53}},"1":{"start":{"line":8,"column":4},"end":{"line":8,"column":54}}},"fnMap":{"0":{"name":"(anonymous_0)","decl":{"start":{"line":3,"column":2},"end":{"line":3,"column":3}},"loc":{"start":{"line":3,"column":66},"end":{"line":5,"column":3}},"line":3},"1":{"name":"(anonymous_1)","decl":{"start":{"line":7,"column":2},"end":{"line":7,"column":3}},"loc":{"start":{"line":7,"column":20},"end":{"line":9,"column":3}},"line":7}},"branchMap":{},"s":{"0":0,"1":0},"f":{"0":0,"1":0},"b":{},"_coverageSchema":"1a1c01bbd47fc00a2c39e90264f33305004495a9","hash":"0aa06eee1f67595c67a480006880df9fb9e939de"}
,"C:\\Users\\Catherin\\OneDrive - Estudiantes ITCR\\Documentos\\GitHub\\Tarea1BD2\\server\\src\\daos\\orders\\order.mongo.dao.js": {"path":"C:\\Users\\Catherin\\OneDrive - Estudiantes ITCR\\Documentos\\GitHub\\Tarea1BD2\\server\\src\\daos\\orders\\order.mongo.dao.js","statementMap":{"0":{"start":{"line":8,"column":14},"end":{"line":19,"column":9}},"1":{"start":{"line":10,"column":25},"end":{"line":10,"column":56}},"2":{"start":{"line":12,"column":22},"end":{"line":12,"column":59}},"3":{"start":{"line":14,"column":8},"end":{"line":16,"column":9}},"4":{"start":{"line":15,"column":12},"end":{"line":15,"column":24}},"5":{"start":{"line":18,"column":8},"end":{"line":18,"column":21}},"6":{"start":{"line":23,"column":13},"end":{"line":87,"column":9}},"7":{"start":{"line":24,"column":29},"end":{"line":24,"column":65}},"8":{"start":{"line":25,"column":35},"end":{"line":25,"column":77}},"9":{"start":{"line":28,"column":37},"end":{"line":30,"column":16}},"10":{"start":{"line":32,"column":20},"end":{"line":32,"column":21}},"11":{"start":{"line":35,"column":8},"end":{"line":37,"column":9}},"12":{"start":{"line":36,"column":12},"end":{"line":36,"column":47}},"13":{"start":{"line":39,"column":31},"end":{"line":39,"column":33}},"14":{"start":{"line":41,"column":8},"end":{"line":74,"column":9}},"15":{"start":{"line":43,"column":12},"end":{"line":45,"column":13}},"16":{"start":{"line":44,"column":12},"end":{"line":44,"column":82}},"17":{"start":{"line":47,"column":36},"end":{"line":47,"column":80}},"18":{"start":{"line":49,"column":25},"end":{"line":52,"column":14}},"19":{"start":{"line":54,"column":12},"end":{"line":56,"column":13}},"20":{"start":{"line":55,"column":12},"end":{"line":55,"column":99}},"21":{"start":{"line":58,"column":28},"end":{"line":60,"column":13}},"22":{"start":{"line":59,"column":17},"end":{"line":59,"column":64}},"23":{"start":{"line":62,"column":12},"end":{"line":64,"column":13}},"24":{"start":{"line":63,"column":12},"end":{"line":63,"column":73}},"25":{"start":{"line":66,"column":12},"end":{"line":66,"column":51}},"26":{"start":{"line":68,"column":12},"end":{"line":73,"column":15}},"27":{"start":{"line":77,"column":22},"end":{"line":84,"column":14}},"28":{"start":{"line":86,"column":8},"end":{"line":86,"column":21}}},"fnMap":{"0":{"name":"(anonymous_0)","decl":{"start":{"line":8,"column":14},"end":{"line":8,"column":15}},"loc":{"start":{"line":8,"column":28},"end":{"line":19,"column":9}},"line":8},"1":{"name":"(anonymous_1)","decl":{"start":{"line":23,"column":13},"end":{"line":23,"column":14}},"loc":{"start":{"line":23,"column":74},"end":{"line":87,"column":9}},"line":23},"2":{"name":"(anonymous_2)","decl":{"start":{"line":59,"column":12},"end":{"line":59,"column":13}},"loc":{"start":{"line":59,"column":17},"end":{"line":59,"column":64}},"line":59}},"branchMap":{"0":{"loc":{"start":{"line":14,"column":8},"end":{"line":16,"column":9}},"type":"if","locations":[{"start":{"line":14,"column":8},"end":{"line":16,"column":9}},{"start":{},"end":{}}],"line":14},"1":{"loc":{"start":{"line":28,"column":37},"end":{"line":30,"column":16}},"type":"cond-expr","locations":[{"start":{"line":29,"column":12},"end":{"line":29,"column":55}},{"start":{"line":30,"column":12},"end":{"line":30,"column":16}}],"line":28},"2":{"loc":{"start":{"line":35,"column":8},"end":{"line":37,"column":9}},"type":"if","locations":[{"start":{"line":35,"column":8},"end":{"line":37,"column":9}},{"start":{},"end":{}}],"line":35},"3":{"loc":{"start":{"line":35,"column":12},"end":{"line":35,"column":55}},"type":"binary-expr","locations":[{"start":{"line":35,"column":12},"end":{"line":35,"column":33}},{"start":{"line":35,"column":37},"end":{"line":35,"column":55}}],"line":35},"4":{"loc":{"start":{"line":43,"column":12},"end":{"line":45,"column":13}},"type":"if","locations":[{"start":{"line":43,"column":12},"end":{"line":45,"column":13}},{"start":{},"end":{}}],"line":43},"5":{"loc":{"start":{"line":43,"column":16},"end":{"line":43,"column":52}},"type":"binary-expr","locations":[{"start":{"line":43,"column":16},"end":{"line":43,"column":30}},{"start":{"line":43,"column":34},"end":{"line":43,"column":52}}],"line":43},"6":{"loc":{"start":{"line":54,"column":12},"end":{"line":56,"column":13}},"type":"if","locations":[{"start":{"line":54,"column":12},"end":{"line":56,"column":13}},{"start":{},"end":{}}],"line":54},"7":{"loc":{"start":{"line":62,"column":12},"end":{"line":64,"column":13}},"type":"if","locations":[{"start":{"line":62,"column":12},"end":{"line":64,"column":13}},{"start":{},"end":{}}],"line":62},"8":{"loc":{"start":{"line":80,"column":24},"end":{"line":80,"column":51}},"type":"binary-expr","locations":[{"start":{"line":80,"column":24},"end":{"line":80,"column":43}},{"start":{"line":80,"column":47},"end":{"line":80,"column":51}}],"line":80}},"s":{"0":6,"1":3,"2":3,"3":2,"4":1,"5":1,"6":6,"7":6,"8":6,"9":6,"10":6,"11":6,"12":1,"13":5,"14":5,"15":5,"16":1,"17":4,"18":4,"19":4,"20":1,"21":3,"22":3,"23":3,"24":1,"25":2,"26":2,"27":2,"28":1},"f":{"0":3,"1":6,"2":3},"b":{"0":[1,1],"1":[1,5],"2":[1,5],"3":[6,6],"4":[1,4],"5":[5,4],"6":[1,3],"7":[1,2],"8":[2,1]},"_coverageSchema":"1a1c01bbd47fc00a2c39e90264f33305004495a9","hash":"8de793781521867214e178cf23bc68e44717f50d"}
,"C:\\Users\\Catherin\\OneDrive - Estudiantes ITCR\\Documentos\\GitHub\\Tarea1BD2\\server\\src\\daos\\orders\\order.postgres.Dao.js": {"path":"C:\\Users\\Catherin\\OneDrive - Estudiantes ITCR\\Documentos\\GitHub\\Tarea1BD2\\server\\src\\daos\\orders\\order.postgres.Dao.js","statementMap":{"0":{"start":{"line":8,"column":19},"end":{"line":8,"column":39}},"1":{"start":{"line":10,"column":4},"end":{"line":91,"column":5}},"2":{"start":{"line":11,"column":6},"end":{"line":11,"column":34}},"3":{"start":{"line":13,"column":18},"end":{"line":13,"column":19}},"4":{"start":{"line":16,"column":6},"end":{"line":18,"column":7}},"5":{"start":{"line":17,"column":8},"end":{"line":17,"column":43}},"6":{"start":{"line":20,"column":6},"end":{"line":53,"column":7}},"7":{"start":{"line":22,"column":8},"end":{"line":24,"column":9}},"8":{"start":{"line":23,"column":10},"end":{"line":23,"column":80}},"9":{"start":{"line":26,"column":29},"end":{"line":31,"column":9}},"10":{"start":{"line":33,"column":23},"end":{"line":33,"column":74}},"11":{"start":{"line":35,"column":8},"end":{"line":37,"column":9}},"12":{"start":{"line":36,"column":10},"end":{"line":36,"column":67}},"13":{"start":{"line":39,"column":24},"end":{"line":39,"column":38}},"14":{"start":{"line":41,"column":8},"end":{"line":43,"column":9}},"15":{"start":{"line":42,"column":10},"end":{"line":42,"column":71}},"16":{"start":{"line":46,"column":8},"end":{"line":48,"column":9}},"17":{"start":{"line":47,"column":10},"end":{"line":47,"column":85}},"18":{"start":{"line":50,"column":8},"end":{"line":50,"column":47}},"19":{"start":{"line":52,"column":8},"end":{"line":52,"column":35}},"20":{"start":{"line":56,"column":26},"end":{"line":64,"column":7}},"21":{"start":{"line":66,"column":20},"end":{"line":66,"column":39}},"22":{"start":{"line":69,"column":6},"end":{"line":79,"column":7}},"23":{"start":{"line":71,"column":8},"end":{"line":78,"column":10}},"24":{"start":{"line":81,"column":6},"end":{"line":81,"column":35}},"25":{"start":{"line":83,"column":6},"end":{"line":83,"column":19}},"26":{"start":{"line":86,"column":6},"end":{"line":86,"column":37}},"27":{"start":{"line":87,"column":6},"end":{"line":87,"column":18}},"28":{"start":{"line":90,"column":6},"end":{"line":90,"column":23}},"29":{"start":{"line":98,"column":23},"end":{"line":109,"column":5}},"30":{"start":{"line":111,"column":24},"end":{"line":111,"column":58}},"31":{"start":{"line":113,"column":4},"end":{"line":115,"column":5}},"32":{"start":{"line":114,"column":6},"end":{"line":114,"column":18}},"33":{"start":{"line":117,"column":18},"end":{"line":117,"column":37}},"34":{"start":{"line":120,"column":23},"end":{"line":130,"column":5}},"35":{"start":{"line":132,"column":24},"end":{"line":132,"column":58}},"36":{"start":{"line":135,"column":4},"end":{"line":135,"column":35}},"37":{"start":{"line":137,"column":4},"end":{"line":137,"column":17}}},"fnMap":{"0":{"name":"(anonymous_0)","decl":{"start":{"line":6,"column":2},"end":{"line":6,"column":3}},"loc":{"start":{"line":6,"column":66},"end":{"line":92,"column":3}},"line":6},"1":{"name":"(anonymous_1)","decl":{"start":{"line":95,"column":2},"end":{"line":95,"column":3}},"loc":{"start":{"line":95,"column":20},"end":{"line":138,"column":3}},"line":95}},"branchMap":{"0":{"loc":{"start":{"line":16,"column":6},"end":{"line":18,"column":7}},"type":"if","locations":[{"start":{"line":16,"column":6},"end":{"line":18,"column":7}},{"start":{},"end":{}}],"line":16},"1":{"loc":{"start":{"line":16,"column":10},"end":{"line":16,"column":53}},"type":"binary-expr","locations":[{"start":{"line":16,"column":10},"end":{"line":16,"column":31}},{"start":{"line":16,"column":35},"end":{"line":16,"column":53}}],"line":16},"2":{"loc":{"start":{"line":22,"column":8},"end":{"line":24,"column":9}},"type":"if","locations":[{"start":{"line":22,"column":8},"end":{"line":24,"column":9}},{"start":{},"end":{}}],"line":22},"3":{"loc":{"start":{"line":22,"column":12},"end":{"line":22,"column":48}},"type":"binary-expr","locations":[{"start":{"line":22,"column":12},"end":{"line":22,"column":26}},{"start":{"line":22,"column":30},"end":{"line":22,"column":48}}],"line":22},"4":{"loc":{"start":{"line":35,"column":8},"end":{"line":37,"column":9}},"type":"if","locations":[{"start":{"line":35,"column":8},"end":{"line":37,"column":9}},{"start":{},"end":{}}],"line":35},"5":{"loc":{"start":{"line":41,"column":8},"end":{"line":43,"column":9}},"type":"if","locations":[{"start":{"line":41,"column":8},"end":{"line":43,"column":9}},{"start":{},"end":{}}],"line":41},"6":{"loc":{"start":{"line":46,"column":8},"end":{"line":48,"column":9}},"type":"if","locations":[{"start":{"line":46,"column":8},"end":{"line":48,"column":9}},{"start":{},"end":{}}],"line":46},"7":{"loc":{"start":{"line":113,"column":4},"end":{"line":115,"column":5}},"type":"if","locations":[{"start":{"line":113,"column":4},"end":{"line":115,"column":5}},{"start":{},"end":{}}],"line":113}},"s":{"0":6,"1":6,"2":6,"3":6,"4":6,"5":1,"6":5,"7":5,"8":1,"9":4,"10":4,"11":4,"12":1,"13":3,"14":3,"15":1,"16":2,"17":1,"18":1,"19":1,"20":1,"21":1,"22":1,"23":1,"24":1,"25":1,"26":5,"27":5,"28":6,"29":3,"30":3,"31":2,"32":1,"33":1,"34":1,"35":1,"36":1,"37":1},"f":{"0":6,"1":3},"b":{"0":[1,5],"1":[6,6],"2":[1,4],"3":[5,4],"4":[1,3],"5":[1,2],"6":[1,1],"7":[1,1]},"_coverageSchema":"1a1c01bbd47fc00a2c39e90264f33305004495a9","hash":"7addb0873157ee4df0bdf9fa401c3ca79e201dc6"}
,"C:\\Users\\Catherin\\OneDrive - Estudiantes ITCR\\Documentos\\GitHub\\Tarea1BD2\\server\\src\\daos\\reservation\\reservation.dao.abstract.js": {"path":"C:\\Users\\Catherin\\OneDrive - Estudiantes ITCR\\Documentos\\GitHub\\Tarea1BD2\\server\\src\\daos\\reservation\\reservation.dao.abstract.js","statementMap":{"0":{"start":{"line":9,"column":4},"end":{"line":9,"column":64}},"1":{"start":{"line":13,"column":4},"end":{"line":13,"column":64}},"2":{"start":{"line":17,"column":4},"end":{"line":17,"column":57}}},"fnMap":{"0":{"name":"(anonymous_0)","decl":{"start":{"line":3,"column":2},"end":{"line":3,"column":3}},"loc":{"start":{"line":8,"column":5},"end":{"line":10,"column":3}},"line":8},"1":{"name":"(anonymous_1)","decl":{"start":{"line":12,"column":2},"end":{"line":12,"column":3}},"loc":{"start":{"line":12,"column":51},"end":{"line":14,"column":3}},"line":12},"2":{"name":"(anonymous_2)","decl":{"start":{"line":16,"column":2},"end":{"line":16,"column":3}},"loc":{"start":{"line":16,"column":26},"end":{"line":18,"column":3}},"line":16}},"branchMap":{},"s":{"0":0,"1":0,"2":0},"f":{"0":0,"1":0,"2":0},"b":{},"_coverageSchema":"1a1c01bbd47fc00a2c39e90264f33305004495a9","hash":"da565babc54fd8380e433c6ec5282d0127f4e02c"}
,"C:\\Users\\Catherin\\OneDrive - Estudiantes ITCR\\Documentos\\GitHub\\Tarea1BD2\\server\\src\\daos\\reservation\\reservation.mongo.dao.js": {"path":"C:\\Users\\Catherin\\OneDrive - Estudiantes ITCR\\Documentos\\GitHub\\Tarea1BD2\\server\\src\\daos\\reservation\\reservation.mongo.dao.js","statementMap":{"0":{"start":{"line":11,"column":17},"end":{"line":11,"column":46}},"1":{"start":{"line":12,"column":4},"end":{"line":12,"column":24}},"2":{"start":{"line":19,"column":26},"end":{"line":19,"column":63}},"3":{"start":{"line":20,"column":25},"end":{"line":20,"column":61}},"4":{"start":{"line":23,"column":23},"end":{"line":25,"column":6}},"5":{"start":{"line":27,"column":4},"end":{"line":29,"column":5}},"6":{"start":{"line":28,"column":6},"end":{"line":28,"column":40}},"7":{"start":{"line":32,"column":21},"end":{"line":36,"column":6}},"8":{"start":{"line":38,"column":4},"end":{"line":40,"column":5}},"9":{"start":{"line":39,"column":6},"end":{"line":39,"column":59}},"10":{"start":{"line":43,"column":24},"end":{"line":49,"column":6}},"11":{"start":{"line":51,"column":4},"end":{"line":51,"column":23}},"12":{"start":{"line":56,"column":32},"end":{"line":56,"column":75}},"13":{"start":{"line":58,"column":20},"end":{"line":58,"column":67}},"14":{"start":{"line":60,"column":4},"end":{"line":62,"column":5}},"15":{"start":{"line":61,"column":6},"end":{"line":61,"column":25}},"16":{"start":{"line":64,"column":4},"end":{"line":66,"column":5}},"17":{"start":{"line":65,"column":6},"end":{"line":65,"column":25}},"18":{"start":{"line":68,"column":4},"end":{"line":70,"column":5}},"19":{"start":{"line":69,"column":6},"end":{"line":69,"column":33}},"20":{"start":{"line":73,"column":4},"end":{"line":76,"column":6}},"21":{"start":{"line":78,"column":4},"end":{"line":78,"column":16}}},"fnMap":{"0":{"name":"(anonymous_0)","decl":{"start":{"line":10,"column":2},"end":{"line":10,"column":3}},"loc":{"start":{"line":10,"column":26},"end":{"line":13,"column":3}},"line":10},"1":{"name":"(anonymous_1)","decl":{"start":{"line":17,"column":2},"end":{"line":17,"column":3}},"loc":{"start":{"line":17,"column":67},"end":{"line":52,"column":1}},"line":17},"2":{"name":"(anonymous_2)","decl":{"start":{"line":54,"column":0},"end":{"line":54,"column":1}},"loc":{"start":{"line":54,"column":49},"end":{"line":79,"column":3}},"line":54}},"branchMap":{"0":{"loc":{"start":{"line":12,"column":11},"end":{"line":12,"column":23}},"type":"binary-expr","locations":[{"start":{"line":12,"column":11},"end":{"line":12,"column":15}},{"start":{"line":12,"column":19},"end":{"line":12,"column":23}}],"line":12},"1":{"loc":{"start":{"line":27,"column":4},"end":{"line":29,"column":5}},"type":"if","locations":[{"start":{"line":27,"column":4},"end":{"line":29,"column":5}},{"start":{},"end":{}}],"line":27},"2":{"loc":{"start":{"line":38,"column":4},"end":{"line":40,"column":5}},"type":"if","locations":[{"start":{"line":38,"column":4},"end":{"line":40,"column":5}},{"start":{},"end":{}}],"line":38},"3":{"loc":{"start":{"line":60,"column":4},"end":{"line":62,"column":5}},"type":"if","locations":[{"start":{"line":60,"column":4},"end":{"line":62,"column":5}},{"start":{},"end":{}}],"line":60},"4":{"loc":{"start":{"line":64,"column":4},"end":{"line":66,"column":5}},"type":"if","locations":[{"start":{"line":64,"column":4},"end":{"line":66,"column":5}},{"start":{},"end":{}}],"line":64},"5":{"loc":{"start":{"line":68,"column":4},"end":{"line":70,"column":5}},"type":"if","locations":[{"start":{"line":68,"column":4},"end":{"line":70,"column":5}},{"start":{},"end":{}}],"line":68}},"s":{"0":0,"1":0,"2":0,"3":0,"4":0,"5":0,"6":0,"7":0,"8":0,"9":0,"10":0,"11":0,"12":0,"13":0,"14":0,"15":0,"16":0,"17":0,"18":0,"19":0,"20":0,"21":0},"f":{"0":0,"1":0,"2":0},"b":{"0":[0,0],"1":[0,0],"2":[0,0],"3":[0,0],"4":[0,0],"5":[0,0]},"_coverageSchema":"1a1c01bbd47fc00a2c39e90264f33305004495a9","hash":"be3fb842d657a8390d39fc3e2ffdc03292c798c7"}
,"C:\\Users\\Catherin\\OneDrive - Estudiantes ITCR\\Documentos\\GitHub\\Tarea1BD2\\server\\src\\daos\\reservation\\reservation.postgres.Dao.js": {"path":"C:\\Users\\Catherin\\OneDrive - Estudiantes ITCR\\Documentos\\GitHub\\Tarea1BD2\\server\\src\\daos\\reservation\\reservation.postgres.Dao.js","statementMap":{"0":{"start":{"line":13,"column":19},"end":{"line":13,"column":39}},"1":{"start":{"line":15,"column":4},"end":{"line":64,"column":5}},"2":{"start":{"line":16,"column":6},"end":{"line":16,"column":34}},"3":{"start":{"line":19,"column":25},"end":{"line":22,"column":7}},"4":{"start":{"line":24,"column":6},"end":{"line":26,"column":7}},"5":{"start":{"line":25,"column":8},"end":{"line":25,"column":42}},"6":{"start":{"line":29,"column":32},"end":{"line":37,"column":7}},"7":{"start":{"line":39,"column":6},"end":{"line":41,"column":7}},"8":{"start":{"line":40,"column":8},"end":{"line":40,"column":61}},"9":{"start":{"line":44,"column":21},"end":{"line":52,"column":7}},"10":{"start":{"line":54,"column":6},"end":{"line":54,"column":35}},"11":{"start":{"line":56,"column":6},"end":{"line":56,"column":28}},"12":{"start":{"line":59,"column":6},"end":{"line":59,"column":37}},"13":{"start":{"line":60,"column":6},"end":{"line":60,"column":18}},"14":{"start":{"line":63,"column":6},"end":{"line":63,"column":23}},"15":{"start":{"line":69,"column":19},"end":{"line":69,"column":39}},"16":{"start":{"line":71,"column":4},"end":{"line":118,"column":5}},"17":{"start":{"line":72,"column":6},"end":{"line":72,"column":34}},"18":{"start":{"line":74,"column":21},"end":{"line":81,"column":7}},"19":{"start":{"line":83,"column":6},"end":{"line":86,"column":7}},"20":{"start":{"line":84,"column":8},"end":{"line":84,"column":39}},"21":{"start":{"line":85,"column":8},"end":{"line":85,"column":27}},"22":{"start":{"line":88,"column":26},"end":{"line":88,"column":40}},"23":{"start":{"line":90,"column":6},"end":{"line":93,"column":7}},"24":{"start":{"line":91,"column":8},"end":{"line":91,"column":39}},"25":{"start":{"line":92,"column":8},"end":{"line":92,"column":27}},"26":{"start":{"line":95,"column":6},"end":{"line":98,"column":7}},"27":{"start":{"line":96,"column":8},"end":{"line":96,"column":39}},"28":{"start":{"line":97,"column":8},"end":{"line":97,"column":35}},"29":{"start":{"line":100,"column":6},"end":{"line":107,"column":8}},"30":{"start":{"line":109,"column":6},"end":{"line":109,"column":35}},"31":{"start":{"line":111,"column":6},"end":{"line":111,"column":18}},"32":{"start":{"line":114,"column":6},"end":{"line":114,"column":37}},"33":{"start":{"line":115,"column":6},"end":{"line":115,"column":18}},"34":{"start":{"line":117,"column":6},"end":{"line":117,"column":23}},"35":{"start":{"line":123,"column":19},"end":{"line":130,"column":5}},"36":{"start":{"line":132,"column":4},"end":{"line":132,"column":34}}},"fnMap":{"0":{"name":"(anonymous_0)","decl":{"start":{"line":6,"column":2},"end":{"line":6,"column":3}},"loc":{"start":{"line":11,"column":5},"end":{"line":65,"column":3}},"line":11},"1":{"name":"(anonymous_1)","decl":{"start":{"line":67,"column":2},"end":{"line":67,"column":3}},"loc":{"start":{"line":67,"column":51},"end":{"line":119,"column":3}},"line":67},"2":{"name":"(anonymous_2)","decl":{"start":{"line":121,"column":2},"end":{"line":121,"column":3}},"loc":{"start":{"line":121,"column":26},"end":{"line":133,"column":3}},"line":121}},"branchMap":{"0":{"loc":{"start":{"line":24,"column":6},"end":{"line":26,"column":7}},"type":"if","locations":[{"start":{"line":24,"column":6},"end":{"line":26,"column":7}},{"start":{},"end":{}}],"line":24},"1":{"loc":{"start":{"line":39,"column":6},"end":{"line":41,"column":7}},"type":"if","locations":[{"start":{"line":39,"column":6},"end":{"line":41,"column":7}},{"start":{},"end":{}}],"line":39},"2":{"loc":{"start":{"line":83,"column":6},"end":{"line":86,"column":7}},"type":"if","locations":[{"start":{"line":83,"column":6},"end":{"line":86,"column":7}},{"start":{},"end":{}}],"line":83},"3":{"loc":{"start":{"line":90,"column":6},"end":{"line":93,"column":7}},"type":"if","locations":[{"start":{"line":90,"column":6},"end":{"line":93,"column":7}},{"start":{},"end":{}}],"line":90},"4":{"loc":{"start":{"line":95,"column":6},"end":{"line":98,"column":7}},"type":"if","locations":[{"start":{"line":95,"column":6},"end":{"line":98,"column":7}},{"start":{},"end":{}}],"line":95},"5":{"loc":{"start":{"line":132,"column":11},"end":{"line":132,"column":33}},"type":"binary-expr","locations":[{"start":{"line":132,"column":11},"end":{"line":132,"column":25}},{"start":{"line":132,"column":29},"end":{"line":132,"column":33}}],"line":132}},"s":{"0":4,"1":4,"2":4,"3":4,"4":4,"5":1,"6":3,"7":3,"8":1,"9":2,"10":1,"11":1,"12":3,"13":3,"14":4,"15":5,"16":5,"17":5,"18":5,"19":4,"20":1,"21":1,"22":3,"23":3,"24":1,"25":1,"26":2,"27":1,"28":1,"29":1,"30":1,"31":1,"32":1,"33":1,"34":5,"35":3,"36":2},"f":{"0":4,"1":5,"2":3},"b":{"0":[1,3],"1":[1,2],"2":[1,3],"3":[1,2],"4":[1,1],"5":[2,1]},"_coverageSchema":"1a1c01bbd47fc00a2c39e90264f33305004495a9","hash":"fecec6b1dbb9a1657f4b06311e862b1ff40f76c2"}
,"C:\\Users\\Catherin\\OneDrive - Estudiantes ITCR\\Documentos\\GitHub\\Tarea1BD2\\server\\src\\daos\\restaurant\\restaurant.postgres.Dao.js": {"path":"C:\\Users\\Catherin\\OneDrive - Estudiantes ITCR\\Documentos\\GitHub\\Tarea1BD2\\server\\src\\daos\\restaurant\\restaurant.postgres.Dao.js","statementMap":{"0":{"start":{"line":3,"column":22},"end":{"line":41,"column":1}},"1":{"start":{"line":6,"column":8},"end":{"line":15,"column":9}},"2":{"start":{"line":7,"column":27},"end":{"line":10,"column":13}},"3":{"start":{"line":11,"column":12},"end":{"line":11,"column":34}},"4":{"start":{"line":13,"column":12},"end":{"line":13,"column":63}},"5":{"start":{"line":14,"column":12},"end":{"line":14,"column":24}},"6":{"start":{"line":19,"column":8},"end":{"line":26,"column":9}},"7":{"start":{"line":20,"column":27},"end":{"line":20,"column":72}},"8":{"start":{"line":21,"column":12},"end":{"line":21,"column":31}},"9":{"start":{"line":24,"column":12},"end":{"line":24,"column":64}},"10":{"start":{"line":25,"column":12},"end":{"line":25,"column":24}},"11":{"start":{"line":30,"column":8},"end":{"line":39,"column":9}},"12":{"start":{"line":31,"column":27},"end":{"line":34,"column":13}},"13":{"start":{"line":35,"column":12},"end":{"line":35,"column":34}},"14":{"start":{"line":37,"column":12},"end":{"line":37,"column":57}},"15":{"start":{"line":38,"column":12},"end":{"line":38,"column":24}}},"fnMap":{"0":{"name":"(anonymous_0)","decl":{"start":{"line":5,"column":4},"end":{"line":5,"column":5}},"loc":{"start":{"line":5,"column":63},"end":{"line":16,"column":5}},"line":5},"1":{"name":"(anonymous_1)","decl":{"start":{"line":18,"column":4},"end":{"line":18,"column":5}},"loc":{"start":{"line":18,"column":27},"end":{"line":27,"column":5}},"line":18},"2":{"name":"(anonymous_2)","decl":{"start":{"line":29,"column":4},"end":{"line":29,"column":5}},"loc":{"start":{"line":29,"column":46},"end":{"line":40,"column":5}},"line":29}},"branchMap":{},"s":{"0":5,"1":0,"2":0,"3":0,"4":0,"5":0,"6":0,"7":0,"8":0,"9":0,"10":0,"11":0,"12":0,"13":0,"14":0,"15":0},"f":{"0":0,"1":0,"2":0},"b":{},"_coverageSchema":"1a1c01bbd47fc00a2c39e90264f33305004495a9","hash":"485bc799ed499962e02165e2ca29fd00ec1caf11"}
,"C:\\Users\\Catherin\\OneDrive - Estudiantes ITCR\\Documentos\\GitHub\\Tarea1BD2\\server\\src\\daos\\users\\user.postgres.Dao.js": {"path":"C:\\Users\\Catherin\\OneDrive - Estudiantes ITCR\\Documentos\\GitHub\\Tarea1BD2\\server\\src\\daos\\users\\user.postgres.Dao.js","statementMap":{"0":{"start":{"line":5,"column":16},"end":{"line":75,"column":1}},"1":{"start":{"line":8,"column":23},"end":{"line":8,"column":82}},"2":{"start":{"line":9,"column":8},"end":{"line":9,"column":30}},"3":{"start":{"line":13,"column":8},"end":{"line":20,"column":9}},"4":{"start":{"line":15,"column":27},"end":{"line":15,"column":66}},"5":{"start":{"line":16,"column":12},"end":{"line":16,"column":31}},"6":{"start":{"line":18,"column":12},"end":{"line":18,"column":58}},"7":{"start":{"line":19,"column":12},"end":{"line":19,"column":24}},"8":{"start":{"line":24,"column":8},"end":{"line":37,"column":9}},"9":{"start":{"line":26,"column":12},"end":{"line":26,"column":64}},"10":{"start":{"line":27,"column":35},"end":{"line":27,"column":93}},"11":{"start":{"line":29,"column":27},"end":{"line":32,"column":13}},"12":{"start":{"line":33,"column":12},"end":{"line":33,"column":34}},"13":{"start":{"line":35,"column":12},"end":{"line":35,"column":60}},"14":{"start":{"line":36,"column":12},"end":{"line":36,"column":24}},"15":{"start":{"line":41,"column":8},"end":{"line":50,"column":9}},"16":{"start":{"line":42,"column":27},"end":{"line":45,"column":13}},"17":{"start":{"line":46,"column":12},"end":{"line":46,"column":34}},"18":{"start":{"line":48,"column":12},"end":{"line":48,"column":66}},"19":{"start":{"line":49,"column":12},"end":{"line":49,"column":24}},"20":{"start":{"line":54,"column":8},"end":{"line":64,"column":9}},"21":{"start":{"line":55,"column":35},"end":{"line":55,"column":93}},"22":{"start":{"line":56,"column":27},"end":{"line":59,"column":13}},"23":{"start":{"line":60,"column":12},"end":{"line":60,"column":34}},"24":{"start":{"line":62,"column":12},"end":{"line":62,"column":57}},"25":{"start":{"line":63,"column":12},"end":{"line":63,"column":24}},"26":{"start":{"line":68,"column":8},"end":{"line":73,"column":9}},"27":{"start":{"line":69,"column":12},"end":{"line":69,"column":70}},"28":{"start":{"line":71,"column":12},"end":{"line":71,"column":57}},"29":{"start":{"line":72,"column":12},"end":{"line":72,"column":24}}},"fnMap":{"0":{"name":"(anonymous_0)","decl":{"start":{"line":7,"column":4},"end":{"line":7,"column":5}},"loc":{"start":{"line":7,"column":26},"end":{"line":10,"column":5}},"line":7},"1":{"name":"(anonymous_1)","decl":{"start":{"line":12,"column":4},"end":{"line":12,"column":5}},"loc":{"start":{"line":12,"column":21},"end":{"line":21,"column":5}},"line":12},"2":{"name":"(anonymous_2)","decl":{"start":{"line":23,"column":4},"end":{"line":23,"column":5}},"loc":{"start":{"line":23,"column":50},"end":{"line":38,"column":5}},"line":23},"3":{"name":"(anonymous_3)","decl":{"start":{"line":40,"column":4},"end":{"line":40,"column":5}},"loc":{"start":{"line":40,"column":28},"end":{"line":51,"column":5}},"line":40},"4":{"name":"(anonymous_4)","decl":{"start":{"line":53,"column":4},"end":{"line":53,"column":5}},"loc":{"start":{"line":53,"column":52},"end":{"line":65,"column":5}},"line":53},"5":{"name":"(anonymous_5)","decl":{"start":{"line":67,"column":4},"end":{"line":67,"column":5}},"loc":{"start":{"line":67,"column":25},"end":{"line":74,"column":5}},"line":67}},"branchMap":{},"s":{"0":5,"1":0,"2":0,"3":0,"4":0,"5":0,"6":0,"7":0,"8":0,"9":0,"10":0,"11":0,"12":0,"13":0,"14":0,"15":0,"16":0,"17":0,"18":0,"19":0,"20":0,"21":0,"22":0,"23":0,"24":0,"25":0,"26":0,"27":0,"28":0,"29":0},"f":{"0":0,"1":0,"2":0,"3":0,"4":0,"5":0},"b":{},"_coverageSchema":"1a1c01bbd47fc00a2c39e90264f33305004495a9","hash":"d56d911f39b26a7d8f00cb6be606e54136c15b35"}
[...]
,"C:\\Users\\Catherin\\OneDrive - Estudiantes ITCR\\Documentos\\GitHub\\Tarea1BD2\\server\\src\\routes\\menu.Routes.js": {"path":"C:\\Users\\Catherin\\OneDrive - Estudiantes ITCR\\Documentos\\GitHub\\Tarea1BD2\\server\\src\\routes\\menu.Routes.js","statementMap":{"0":{"start":{"line":8,"column":15},"end":{"line":8,"column":31}},"1":{"start":{"line":32,"column":0},"end":{"line":32,"column":52}},"2":{"start":{"line":64,"column":0},"end":{"line":64,"column":68}},"3":{"start":{"line":85,"column":0},"end":{"line":85,"column":67}},"4":{"start":{"line":86,"column":0},"end":{"line":86,"column":40}}},"fnMap":{},"branchMap":{},"s":{"0":5,"1":5,"2":5,"3":5,"4":5},"f":{},"b":{},"_coverageSchema":"1a1c01bbd47fc00a2c39e90264f33305004495a9","hash":"45b83c72e7a01e587e3b96bdbe4658be8bb0d535"}
,"C:\\Users\\Catherin\\OneDrive - Estudiantes ITCR\\Documentos\\GitHub\\Tarea1BD2\\server\\src\\routes\\order.Routes.js": {"path":"C:\\Users\\Catherin\\OneDrive - Estudiantes ITCR\\Documentos\\GitHub\\Tarea1BD2\\server\\src\\routes\\order.Routes.js","statementMap":{"0":{"start":{"line":5,"column":15},"end":{"line":5,"column":31}},"1":{"start":{"line":40,"column":0},"end":{"line":40,"column":50}},"2":{"start":{"line":61,"column":0},"end":{"line":61,"column":53}}},"fnMap":{},"branchMap":{},"s":{"0":5,"1":5,"2":5},"f":{},"b":{},"_coverageSchema":"1a1c01bbd47fc00a2c39e90264f33305004495a9","hash":"2c099ad4ad6b3da09f1327bf3d321754129afbab"}
,"C:\\Users\\Catherin\\OneDrive - Estudiantes ITCR\\Documentos\\GitHub\\Tarea1BD2\\server\\src\\routes\\product.Routes.js": {"path":"C:\\Users\\Catherin\\OneDrive - Estudiantes ITCR\\Documentos\\GitHub\\Tarea1BD2\\server\\src\\routes\\product.Routes.js","statementMap":{"0":{"start":{"line":4,"column":15},"end":{"line":4,"column":31}},"1":{"start":{"line":7,"column":0},"end":{"line":7,"column":32}}},"fnMap":{},"branchMap":{},"s":{"0":5,"1":5},"f":{},"b":{},"_coverageSchema":"1a1c01bbd47fc00a2c39e90264f33305004495a9","hash":"57c13a49e525d579da05551b9162f8b17b721852"}
,"C:\\Users\\Catherin\\OneDrive - Estudiantes ITCR\\Documentos\\GitHub\\Tarea1BD2\\server\\src\\routes\\reservation.Routes.js": {"path":"C:\\Users\\Catherin\\OneDrive - Estudiantes ITCR\\Documentos\\GitHub\\Tarea1BD2\\server\\src\\routes\\reservation.Routes.js","statementMap":{"0":{"start":{"line":5,"column":15},"end":{"line":5,"column":31}},"1":{"start":{"line":37,"column":0},"end":{"line":37,"column":70}},"2":{"start":{"line":58,"column":0},"end":{"line":58,"column":75}}},"fnMap":{},"branchMap":{},"s":{"0":5,"1":5,"2":5},"f":{},"b":{},"_coverageSchema":"1a1c01bbd47fc00a2c39e90264f33305004495a9","hash":"b679ca8b80016cd4f3f360eac70e196c71d57bd5"}
,"C:\\Users\\Catherin\\OneDrive - Estudiantes ITCR\\Documentos\\GitHub\\Tarea1BD2\\server\\src\\routes\\restaurantRoutes.js": {"path":"C:\\Users\\Catherin\\OneDrive - Estudiantes ITCR\\Documentos\\GitHub\\Tarea1BD2\\server\\src\\routes\\restaurantRoutes.js","statementMap":{"0":{"start":{"line":5,"column":15},"end":{"line":5,"column":31}},"1":{"start":{"line":10,"column":0},"end":{"line":10,"column":90}},"2":{"start":{"line":11,"column":0},"end":{"line":11,"column":74}},"3":{"start":{"line":12,"column":0},"end":{"line":12,"column":104}}},"fnMap":{},"branchMap":{},"s":{"0":5,"1":5,"2":5,"3":5},"f":{},"b":{},"_coverageSchema":"1a1c01bbd47fc00a2c39e90264f33305004495a9","hash":"22ed0efba1cb13a78ec31abface42032c29b83e1"}
,"C:\\Users\\Catherin\\OneDrive - Estudiantes ITCR\\Documentos\\GitHub\\Tarea1BD2\\server\\src\\routes\\router.js": {"path":"C:\\Users\\Catherin\\OneDrive - Estudiantes ITCR\\Documentos\\GitHub\\Tarea1BD2\\server\\src\\routes\\router.js","statementMap":{"0":{"start":{"line":11,"column":15},"end":{"line":11,"column":31}},"1":{"start":{"line":13,"column":0},"end":{"line":13,"column":36}},"2":{"start":{"line":14,"column":0},"end":{"line":14,"column":32}},"3":{"start":{"line":15,"column":0},"end":{"line":15,"column":45}},"4":{"start":{"line":17,"column":0},"end":{"line":17,"column":33}},"5":{"start":{"line":18,"column":0},"end":{"line":18,"column":39}},"6":{"start":{"line":19,"column":0},"end":{"line":19,"column":35}},"7":{"start":{"line":20,"column":0},"end":{"line":20,"column":47}},"8":{"start":{"line":25,"column":0},"end":{"line":27,"column":3}},"9":{"start":{"line":26,"column":2},"end":{"line":26,"column":40}},"10":{"start":{"line":30,"column":0},"end":{"line":35,"column":3}},"11":{"start":{"line":31,"column":2},"end":{"line":34,"column":5}},"12":{"start":{"line":38,"column":0},"end":{"line":40,"column":3}},"13":{"start":{"line":39,"column":2},"end":{"line":39,"column":39}}},"fnMap":{"0":{"name":"(anonymous_0)","decl":{"start":{"line":25,"column":22},"end":{"line":25,"column":23}},"loc":{"start":{"line":25,"column":36},"end":{"line":27,"column":1}},"line":25},"1":{"name":"(anonymous_1)","decl":{"start":{"line":30,"column":45},"end":{"line":30,"column":46}},"loc":{"start":{"line":30,"column":59},"end":{"line":35,"column":1}},"line":30},"2":{"name":"(anonymous_2)","decl":{"start":{"line":38,"column":55},"end":{"line":38,"column":56}},"loc":{"start":{"line":38,"column":69},"end":{"line":40,"column":1}},"line":38}},"branchMap":{},"s":{"0":5,"1":5,"2":5,"3":5,"4":5,"5":5,"6":5,"7":5,"8":5,"9":0,"10":5,"11":0,"12":5,"13":0},"f":{"0":0,"1":0,"2":0},"b":{},"_coverageSchema":"1a1c01bbd47fc00a2c39e90264f33305004495a9","hash":"9f288d75e82fc89671be426a83f77a23909e2d82"}
,"C:\\Users\\Catherin\\OneDrive - Estudiantes ITCR\\Documentos\\GitHub\\Tarea1BD2\\server\\src\\routes\\userRoutes.js": {"path":"C:\\Users\\Catherin\\OneDrive - Estudiantes ITCR\\Documentos\\GitHub\\Tarea1BD2\\server\\src\\routes\\userRoutes.js","statementMap":{"0":{"start":{"line":5,"column":15},"end":{"line":5,"column":31}},"1":{"start":{"line":7,"column":0},"end":{"line":7,"column":46}},"2":{"start":{"line":8,"column":0},"end":{"line":8,"column":54}},"3":{"start":{"line":9,"column":0},"end":{"line":9,"column":47}},"4":{"start":{"line":10,"column":0},"end":{"line":10,"column":74}},"5":{"start":{"line":11,"column":0},"end":{"line":11,"column":86}},"6":{"start":{"line":12,"column":0},"end":{"line":12,"column":89}}},"fnMap":{},"branchMap":{},"s":{"0":5,"1":5,"2":5,"3":5,"4":5,"5":5,"6":5},"f":{},"b":{},"_coverageSchema":"1a1c01bbd47fc00a2c39e90264f33305004495a9","hash":"a9f15d407c125355b13076ed9f554a852036d7ad"}
,"C:\\Users\\Catherin\\OneDrive - Estudiantes ITCR\\Documentos\\GitHub\\Tarea1BD2\\server\\src\\services\\config.js": {"path":"C:\\Users\\Catherin\\OneDrive - Estudiantes ITCR\\Documentos\\GitHub\\Tarea1BD2\\server\\src\\services\\config.js","statementMap":{"0":{"start":{"line":8,"column":27},"end":{"line":8,"column":51}},"1":{"start":{"line":9,"column":34},"end":{"line":9,"column":72}},"2":{"start":{"line":10,"column":28},"end":{"line":10,"column":70}}},"fnMap":{},"branchMap":{},"s":{"0":5,"1":5,"2":5},"f":{},"b":{},"_coverageSchema":"1a1c01bbd47fc00a2c39e90264f33305004495a9","hash":"8cec2b933c543c27967a81dfa0df0c6554ca400c"}
,"C:\\Users\\Catherin\\OneDrive - Estudiantes ITCR\\Documentos\\GitHub\\Tarea1BD2\\server\\src\\services\\keycloakService.js": {"path":"C:\\Users\\Catherin\\OneDrive - Estudiantes ITCR\\Documentos\\GitHub\\Tarea1BD2\\server\\src\\services\\keycloakService.js","statementMap":{"0":{"start":{"line":4,"column":0},"end":{"line":4,"column":16}},"1":{"start":{"line":6,"column":21},"end":{"line":6,"column":71}},"2":{"start":{"line":7,"column":14},"end":{"line":7,"column":62}},"3":{"start":{"line":10,"column":19},"end":{"line":21,"column":3}},"4":{"start":{"line":23,"column":2},"end":{"line":23,"column":36}},"5":{"start":{"line":27,"column":21},"end":{"line":27,"column":42}},"6":{"start":{"line":29,"column":2},"end":{"line":50,"column":4}},"7":{"start":{"line":52,"column":17},"end":{"line":52,"column":58}},"8":{"start":{"line":53,"column":19},"end":{"line":53,"column":54}},"9":{"start":{"line":54,"column":2},"end":{"line":54,"column":55}},"10":{"start":{"line":58,"column":14},"end":{"line":65,"column":3}},"11":{"start":{"line":67,"column":2},"end":{"line":67,"column":25}},"12":{"start":{"line":71,"column":14},"end":{"line":78,"column":3}},"13":{"start":{"line":80,"column":2},"end":{"line":80,"column":18}},"14":{"start":{"line":84,"column":2},"end":{"line":93,"column":4}},"15":{"start":{"line":97,"column":21},"end":{"line":97,"column":42}},"16":{"start":{"line":98,"column":17},"end":{"line":98,"column":65}},"17":{"start":{"line":100,"column":2},"end":{"line":100,"column":61}},"18":{"start":{"line":100,"column":15},"end":{"line":100,"column":61}},"19":{"start":{"line":102,"column":2},"end":{"line":114,"column":4}},"20":{"start":{"line":116,"column":2},"end":{"line":125,"column":4}},"21":{"start":{"line":129,"column":21},"end":{"line":129,"column":42}},"22":{"start":{"line":130,"column":17},"end":{"line":130,"column":58}},"23":{"start":{"line":132,"column":2},"end":{"line":132,"column":61}},"24":{"start":{"line":132,"column":15},"end":{"line":132,"column":61}},"25":{"start":{"line":134,"column":2},"end":{"line":141,"column":4}}},"fnMap":{"0":{"name":"getAdminToken","decl":{"start":{"line":9,"column":15},"end":{"line":9,"column":28}},"loc":{"start":{"line":9,"column":31},"end":{"line":24,"column":1}},"line":9},"1":{"name":"createKeycloakUser","decl":{"start":{"line":26,"column":22},"end":{"line":26,"column":40}},"loc":{"start":{"line":26,"column":68},"end":{"line":55,"column":1}},"line":26},"2":{"name":"getUserIdByEmail","decl":{"start":{"line":57,"column":15},"end":{"line":57,"column":31}},"loc":{"start":{"line":57,"column":46},"end":{"line":68,"column":1}},"line":57},"3":{"name":"getRole","decl":{"start":{"line":70,"column":15},"end":{"line":70,"column":22}},"loc":{"start":{"line":70,"column":40},"end":{"line":81,"column":1}},"line":70},"4":{"name":"assignRoleToUser","decl":{"start":{"line":83,"column":15},"end":{"line":83,"column":31}},"loc":{"start":{"line":83,"column":53},"end":{"line":94,"column":1}},"line":83},"5":{"name":"updateKeycloakUser","decl":{"start":{"line":96,"column":22},"end":{"line":96,"column":40}},"loc":{"start":{"line":96,"column":82},"end":{"line":126,"column":1}},"line":96},"6":{"name":"deleteKeycloakUser","decl":{"start":{"line":128,"column":22},"end":{"line":128,"column":40}},"loc":{"start":{"line":128,"column":48},"end":{"line":142,"column":1}},"line":128}},"branchMap":{"0":{"loc":{"start":{"line":6,"column":21},"end":{"line":6,"column":71}},"type":"binary-expr","locations":[{"start":{"line":6,"column":21},"end":{"line":6,"column":45}},{"start":{"line":6,"column":49},"end":{"line":6,"column":71}}],"line":6},"1":{"loc":{"start":{"line":7,"column":14},"end":{"line":7,"column":62}},"type":"binary-expr","locations":[{"start":{"line":7,"column":14},"end":{"line":7,"column":40}},{"start":{"line":7,"column":44},"end":{"line":7,"column":62}}],"line":7},"2":{"loc":{"start":{"line":100,"column":2},"end":{"line":100,"column":61}},"type":"if","locations":[{"start":{"line":100,"column":2},"end":{"line":100,"column":61}},{"start":{},"end":{}}],"line":100},"3":{"loc":{"start":{"line":132,"column":2},"end":{"line":132,"column":61}},"type":"if","locations":[{"start":{"line":132,"column":2},"end":{"line":132,"column":61}},{"start":{},"end":{}}],"line":132}},"s":{"0":5,"1":5,"2":5,"3":7,"4":5,"5":2,"6":1,"7":1,"8":1,"9":1,"10":5,"11":5,"12":1,"13":1,"14":1,"15":2,"16":2,"17":2,"18":1,"19":1,"20":1,"21":3,"22":2,"23":2,"24":1,"25":1},"f":{"0":7,"1":2,"2":5,"3":1,"4":1,"5":2,"6":3},"b":{"0":[5,0],"1":[5,0],"2":[1,1],"3":[1,1]},"_coverageSchema":"1a1c01bbd47fc00a2c39e90264f33305004495a9","hash":"161b639f3c94ba7a5ab12a0d7b6d4f342313dd7b"}
,"C:\\Users\\Catherin\\OneDrive - Estudiantes ITCR\\Documentos\\GitHub\\Tarea1BD2\\server\\src\\services\\menu.service.js": {"path":"C:\\Users\\Catherin\\OneDrive - Estudiantes ITCR\\Documentos\\GitHub\\Tarea1BD2\\server\\src\\services\\menu.service.js","statementMap":{"0":{"start":{"line":3,"column":4},"end":{"line":3,"column":27}},"1":{"start":{"line":7,"column":4},"end":{"line":7,"column":46}},"2":{"start":{"line":11,"column":4},"end":{"line":11,"column":55}},"3":{"start":{"line":15,"column":4},"end":{"line":15,"column":45}},"4":{"start":{"line":18,"column":4},"end":{"line":18,"column":47}}},"fnMap":{"0":{"name":"(anonymous_0)","decl":{"start":{"line":2,"column":2},"end":{"line":2,"column":3}},"loc":{"start":{"line":2,"column":23},"end":{"line":4,"column":3}},"line":2},"1":{"name":"(anonymous_1)","decl":{"start":{"line":6,"column":2},"end":{"line":6,"column":3}},"loc":{"start":{"line":6,"column":24},"end":{"line":8,"column":3}},"line":6},"2":{"name":"(anonymous_2)","decl":{"start":{"line":10,"column":2},"end":{"line":10,"column":3}},"loc":{"start":{"line":10,"column":33},"end":{"line":12,"column":3}},"line":10},"3":{"name":"(anonymous_3)","decl":{"start":{"line":14,"column":2},"end":{"line":14,"column":3}},"loc":{"start":{"line":14,"column":23},"end":{"line":16,"column":3}},"line":14},"4":{"name":"(anonymous_4)","decl":{"start":{"line":17,"column":2},"end":{"line":17,"column":3}},"loc":{"start":{"line":17,"column":25},"end":{"line":19,"column":3}},"line":17}},"branchMap":{},"s":{"0":17,"1":3,"2":3,"3":3,"4":3},"f":{"0":17,"1":3,"2":3,"3":3,"4":3},"b":{},"_coverageSchema":"1a1c01bbd47fc00a2c39e90264f33305004495a9","hash":"dd7a1777eab3513a615301a854c938f74b408b10"}
,"C:\\Users\\Catherin\\OneDrive - Estudiantes ITCR\\Documentos\\GitHub\\Tarea1BD2\\server\\src\\services\\order.service.js": {"path":"C:\\Users\\Catherin\\OneDrive - Estudiantes ITCR\\Documentos\\GitHub\\Tarea1BD2\\server\\src\\services\\order.service.js","statementMap":{"0":{"start":{"line":3,"column":2},"end":{"line":3,"column":27}},"1":{"start":{"line":4,"column":2},"end":{"line":4,"column":39}},"2":{"start":{"line":10,"column":19},"end":{"line":10,"column":62}},"3":{"start":{"line":12,"column":4},"end":{"line":14,"column":5}},"4":{"start":{"line":13,"column":6},"end":{"line":13,"column":41}},"5":{"start":{"line":16,"column":18},"end":{"line":21,"column":6}},"6":{"start":{"line":23,"column":4},"end":{"line":23,"column":21}},"7":{"start":{"line":29,"column":19},"end":{"line":29,"column":62}},"8":{"start":{"line":31,"column":4},"end":{"line":33,"column":5}},"9":{"start":{"line":32,"column":6},"end":{"line":32,"column":41}},"10":{"start":{"line":35,"column":18},"end":{"line":35,"column":49}},"11":{"start":{"line":37,"column":4},"end":{"line":39,"column":5}},"12":{"start":{"line":38,"column":6},"end":{"line":38,"column":42}},"13":{"start":{"line":42,"column":4},"end":{"line":47,"column":5}},"14":{"start":{"line":46,"column":6},"end":{"line":46,"column":36}},"15":{"start":{"line":49,"column":4},"end":{"line":49,"column":21}}},"fnMap":{"0":{"name":"(anonymous_0)","decl":{"start":{"line":2,"column":2},"end":{"line":2,"column":3}},"loc":{"start":{"line":2,"column":40},"end":{"line":5,"column":1}},"line":2},"1":{"name":"(anonymous_1)","decl":{"start":{"line":7,"column":2},"end":{"line":7,"column":3}},"loc":{"start":{"line":7,"column":69},"end":{"line":24,"column":3}},"line":7},"2":{"name":"(anonymous_2)","decl":{"start":{"line":27,"column":2},"end":{"line":27,"column":3}},"loc":{"start":{"line":27,"column":43},"end":{"line":50,"column":3}},"line":27}},"branchMap":{"0":{"loc":{"start":{"line":12,"column":4},"end":{"line":14,"column":5}},"type":"if","locations":[{"start":{"line":12,"column":4},"end":{"line":14,"column":5}},{"start":{},"end":{}}],"line":12},"1":{"loc":{"start":{"line":31,"column":4},"end":{"line":33,"column":5}},"type":"if","locations":[{"start":{"line":31,"column":4},"end":{"line":33,"column":5}},{"start":{},"end":{}}],"line":31},"2":{"loc":{"start":{"line":37,"column":4},"end":{"line":39,"column":5}},"type":"if","locations":[{"start":{"line":37,"column":4},"end":{"line":39,"column":5}},{"start":{},"end":{}}],"line":37},"3":{"loc":{"start":{"line":42,"column":4},"end":{"line":47,"column":5}},"type":"if","locations":[{"start":{"line":42,"column":4},"end":{"line":47,"column":5}},{"start":{},"end":{}}],"line":42},"4":{"loc":{"start":{"line":43,"column":6},"end":{"line":44,"column":71}},"type":"binary-expr","locations":[{"start":{"line":43,"column":6},"end":{"line":43,"column":30}},{"start":{"line":44,"column":6},"end":{"line":44,"column":71}}],"line":43},"5":{"loc":{"start":{"line":44,"column":36},"end":{"line":44,"column":59}},"type":"binary-expr","locations":[{"start":{"line":44,"column":36},"end":{"line":44,"column":46}},{"start":{"line":44,"column":50},"end":{"line":44,"column":59}}],"line":44}},"s":{"0":14,"1":14,"2":3,"3":2,"4":1,"5":1,"6":1,"7":6,"8":5,"9":1,"10":4,"11":4,"12":1,"13":3,"14":1,"15":2},"f":{"0":14,"1":3,"2":6},"b":{"0":[1,1],"1":[1,4],"2":[1,3],"3":[1,2],"4":[3,2],"5":[2,2]},"_coverageSchema":"1a1c01bbd47fc00a2c39e90264f33305004495a9","hash":"ab76beeec42c69544261e9692cab8a4a155f013a"}
,"C:\\Users\\Catherin\\OneDrive - Estudiantes ITCR\\Documentos\\GitHub\\Tarea1BD2\\server\\src\\services\\reservation.service.js": {"path":"C:\\Users\\Catherin\\OneDrive - Estudiantes ITCR\\Documentos\\GitHub\\Tarea1BD2\\server\\src\\services\\reservation.service.js","statementMap":{"0":{"start":{"line":3,"column":4},"end":{"line":3,"column":41}},"1":{"start":{"line":9,"column":19},"end":{"line":9,"column":62}},"2":{"start":{"line":11,"column":4},"end":{"line":13,"column":5}},"3":{"start":{"line":12,"column":6},"end":{"line":12,"column":41}},"4":{"start":{"line":15,"column":24},"end":{"line":20,"column":6}},"5":{"start":{"line":22,"column":4},"end":{"line":22,"column":27}},"6":{"start":{"line":28,"column":19},"end":{"line":28,"column":62}},"7":{"start":{"line":30,"column":4},"end":{"line":32,"column":5}},"8":{"start":{"line":31,"column":6},"end":{"line":31,"column":41}},"9":{"start":{"line":34,"column":19},"end":{"line":34,"column":77}},"10":{"start":{"line":36,"column":4},"end":{"line":36,"column":22}}},"fnMap":{"0":{"name":"(anonymous_0)","decl":{"start":{"line":2,"column":2},"end":{"line":2,"column":3}},"loc":{"start":{"line":2,"column":30},"end":{"line":4,"column":3}},"line":2},"1":{"name":"(anonymous_1)","decl":{"start":{"line":6,"column":2},"end":{"line":6,"column":3}},"loc":{"start":{"line":6,"column":77},"end":{"line":23,"column":3}},"line":6},"2":{"name":"(anonymous_2)","decl":{"start":{"line":26,"column":2},"end":{"line":26,"column":3}},"loc":{"start":{"line":26,"column":41},"end":{"line":37,"column":3}},"line":26}},"branchMap":{"0":{"loc":{"start":{"line":11,"column":4},"end":{"line":13,"column":5}},"type":"if","locations":[{"start":{"line":11,"column":4},"end":{"line":13,"column":5}},{"start":{},"end":{}}],"line":11},"1":{"loc":{"start":{"line":30,"column":4},"end":{"line":32,"column":5}},"type":"if","locations":[{"start":{"line":30,"column":4},"end":{"line":32,"column":5}},{"start":{},"end":{}}],"line":30}},"s":{"0":15,"1":4,"2":3,"3":1,"4":2,"5":1,"6":6,"7":5,"8":1,"9":4,"10":4},"f":{"0":15,"1":4,"2":6},"b":{"0":[1,2],"1":[1,4]},"_coverageSchema":"1a1c01bbd47fc00a2c39e90264f33305004495a9","hash":"27d11bf5d49f146f13a02c4c04d87436f82ddef8"}
}
