TN:
SF:src\config\database.js
FN:8,(anonymous_0)
FN:22,(anonymous_1)
FNF:2
FNH:0
FNDA:0,(anonymous_0)
FNDA:0,(anonymous_1)
DA:4,4
DA:6,4
DA:8,4
DA:9,0
DA:10,0
DA:12,0
DA:14,0
DA:17,0
DA:18,0
DA:22,4
DA:23,0
DA:25,0
LF:12
LH:4
BRDA:23,0,0,0
BRDA:23,0,1,0
BRDA:25,1,0,0
BRDA:25,1,1,0
BRF:4
BRH:0
end_of_record
TN:
SF:src\config\environment.js
FNF:0
FNH:0
DA:3,4
DA:5,4
LF:2
LH:2
BRDA:8,0,0,4
BRDA:8,0,1,4
BRDA:9,1,0,4
BRDA:9,1,1,4
BRDA:13,2,0,0
BRDA:13,2,1,4
BRDA:17,3,0,4
BRDA:17,3,1,4
BRDA:18,4,0,4
BRDA:18,4,1,0
BRF:10
BRH:8
end_of_record
TN:
SF:src\controllers\menuController.js
FN:2,(anonymous_0)
FN:31,(anonymous_1)
FN:69,(anonymous_2)
FNF:3
FNH:3
FNDA:4,(anonymous_0)
FNDA:5,(anonymous_1)
FNDA:4,(anonymous_2)
DA:2,1
DA:3,4
DA:5,4
DA:7,4
DA:8,1
DA:14,3
DA:16,2
DA:17,1
DA:21,1
DA:24,1
DA:25,1
DA:31,1
DA:32,5
DA:34,5
DA:36,5
DA:38,5
DA:39,1
DA:43,4
DA:44,1
DA:50,3
DA:52,2
DA:53,1
DA:57,1
DA:60,1
DA:61,1
DA:69,1
DA:70,4
DA:72,4
DA:74,4
DA:75,1
DA:80,3
DA:82,2
DA:83,1
DA:88,1
DA:93,1
DA:95,1
LF:36
LH:36
BRDA:7,0,0,1
BRDA:7,0,1,3
BRDA:16,1,0,1
BRDA:16,1,1,1
BRDA:38,2,0,1
BRDA:38,2,1,4
BRDA:43,3,0,1
BRDA:43,3,1,3
BRDA:52,4,0,1
BRDA:52,4,1,1
BRDA:74,5,0,1
BRDA:74,5,1,3
BRDA:82,6,0,1
BRDA:82,6,1,1
BRF:14
BRH:14
end_of_record
TN:
SF:src\controllers\orderController.js
FN:5,(anonymous_0)
FN:58,(anonymous_1)
FNF:2
FNH:2
FNDA:5,(anonymous_0)
FNDA:8,(anonymous_1)
DA:5,1
DA:6,5
DA:8,5
DA:10,5
DA:11,5
DA:14,5
DA:15,1
DA:20,4
DA:21,1
DA:27,3
DA:29,3
DA:30,1
DA:35,2
DA:42,1
DA:48,1
DA:50,1
DA:58,1
DA:59,8
DA:61,8
DA:63,8
DA:64,8
DA:66,8
DA:68,8
DA:69,1
DA:74,7
DA:75,1
DA:81,6
DA:83,6
DA:84,1
DA:89,5
DA:91,4
DA:92,1
DA:98,3
DA:99,1
DA:104,2
DA:107,1
DA:109,1
LF:37
LH:37
BRDA:14,0,0,1
BRDA:14,0,1,4
BRDA:14,1,0,5
BRDA:14,1,1,4
BRDA:14,1,2,4
BRDA:20,2,0,1
BRDA:20,2,1,3
BRDA:29,3,0,1
BRDA:29,3,1,2
BRDA:51,4,0,1
BRDA:51,4,1,0
BRDA:66,5,0,8
BRDA:66,5,1,5
BRDA:68,6,0,1
BRDA:68,6,1,7
BRDA:74,7,0,1
BRDA:74,7,1,6
BRDA:83,8,0,1
BRDA:83,8,1,5
BRDA:91,9,0,1
BRDA:91,9,1,3
BRDA:98,10,0,1
BRDA:98,10,1,2
BRDA:98,11,0,3
BRDA:98,11,1,2
BRF:25
BRH:24
end_of_record
TN:
SF:src\controllers\reservascontroller.js
FN:6,(anonymous_0)
FN:57,(anonymous_1)
FNF:2
FNH:2
FNDA:5,(anonymous_0)
FNDA:8,(anonymous_1)
DA:6,1
DA:7,5
DA:9,5
DA:11,5
DA:12,5
DA:15,5
DA:16,1
DA:21,4
DA:22,1
DA:28,3
DA:30,3
DA:31,1
DA:36,2
DA:43,1
DA:49,1
DA:51,1
DA:57,1
DA:58,8
DA:60,8
DA:62,8
DA:63,8
DA:65,8
DA:66,1
DA:71,7
DA:72,1
DA:78,6
DA:80,6
DA:81,1
DA:87,5
DA:89,4
DA:90,1
DA:95,3
DA:96,1
DA:101,2
DA:102,1
DA:107,1
DA:112,1
DA:114,1
LF:38
LH:38
BRDA:15,0,0,1
BRDA:15,0,1,4
BRDA:15,1,0,5
BRDA:15,1,1,4
BRDA:15,1,2,4
BRDA:21,2,0,1
BRDA:21,2,1,3
BRDA:30,3,0,1
BRDA:30,3,1,2
BRDA:65,4,0,1
BRDA:65,4,1,7
BRDA:71,5,0,1
BRDA:71,5,1,6
BRDA:80,6,0,1
BRDA:80,6,1,5
BRDA:89,7,0,1
BRDA:89,7,1,3
BRDA:95,8,0,1
BRDA:95,8,1,2
BRDA:101,9,0,1
BRDA:101,9,1,1
BRF:21
BRH:21
end_of_record
TN:
SF:src\daos\menuDao.js
FN:4,(anonymous_0)
FN:39,(anonymous_1)
FN:60,(anonymous_2)
FNF:3
FNH:0
FNDA:0,(anonymous_0)
FNDA:0,(anonymous_1)
FNDA:0,(anonymous_2)
DA:4,1
DA:7,0
DA:13,0
DA:16,0
DA:17,0
DA:20,0
DA:23,0
DA:29,0
DA:32,0
DA:34,0
DA:39,1
DA:40,0
DA:48,0
DA:49,0
DA:51,0
DA:52,0
DA:55,0
DA:60,1
DA:63,0
DA:71,0
DA:77,0
LF:21
LH:3
BRDA:16,0,0,0
BRDA:16,0,1,0
BRDA:51,1,0,0
BRDA:51,1,1,0
BRDA:77,2,0,0
BRDA:77,2,1,0
BRF:6
BRH:0
end_of_record
TN:
SF:src\daos\orderDao.js
FN:4,(anonymous_0)
FN:93,(anonymous_1)
FNF:2
FNH:0
FNDA:0,(anonymous_0)
FNDA:0,(anonymous_1)
DA:4,1
DA:6,0
DA:8,0
DA:9,0
DA:11,0
DA:14,0
DA:15,0
DA:18,0
DA:20,0
DA:21,0
DA:24,0
DA:31,0
DA:33,0
DA:34,0
DA:37,0
DA:39,0
DA:40,0
DA:44,0
DA:45,0
DA:48,0
DA:50,0
DA:54,0
DA:64,0
DA:67,0
DA:69,0
DA:79,0
DA:81,0
DA:84,0
DA:85,0
DA:88,0
DA:93,1
DA:96,0
DA:109,0
DA:111,0
DA:112,0
DA:115,0
DA:118,0
DA:130,0
DA:133,0
DA:135,0
LF:40
LH:2
BRDA:14,0,0,0
BRDA:14,0,1,0
BRDA:14,1,0,0
BRDA:14,1,1,0
BRDA:20,2,0,0
BRDA:20,2,1,0
BRDA:20,3,0,0
BRDA:20,3,1,0
BRDA:33,4,0,0
BRDA:33,4,1,0
BRDA:39,5,0,0
BRDA:39,5,1,0
BRDA:44,6,0,0
BRDA:44,6,1,0
BRDA:111,7,0,0
BRDA:111,7,1,0
BRF:16
BRH:0
end_of_record
TN:
SF:src\daos\reservationDao.js
FN:5,(anonymous_0)
FN:66,(anonymous_1)
FN:125,(anonymous_2)
FNF:3
FNH:0
FNDA:0,(anonymous_0)
FNDA:0,(anonymous_1)
FNDA:0,(anonymous_2)
DA:5,2
DA:12,0
DA:14,0
DA:15,0
DA:18,0
DA:23,0
DA:24,0
DA:28,0
DA:38,0
DA:39,0
DA:43,0
DA:53,0
DA:55,0
DA:58,0
DA:59,0
DA:62,0
DA:66,2
DA:68,0
DA:70,0
DA:71,0
DA:74,0
DA:80,0
DA:83,0
DA:84,0
DA:85,0
DA:88,0
DA:91,0
DA:92,0
DA:93,0
DA:97,0
DA:98,0
DA:99,0
DA:103,0
DA:109,0
DA:111,0
DA:113,0
DA:116,0
DA:117,0
DA:119,0
DA:125,2
DA:127,0
DA:136,0
LF:42
LH:3
BRDA:23,0,0,0
BRDA:23,0,1,0
BRDA:38,1,0,0
BRDA:38,1,1,0
BRDA:83,2,0,0
BRDA:83,2,1,0
BRDA:91,3,0,0
BRDA:91,3,1,0
BRDA:97,4,0,0
BRDA:97,4,1,0
BRDA:136,5,0,0
BRDA:136,5,1,0
BRF:12
BRH:0
end_of_record
