TN:
SF:src/server.js
FN:29,(anonymous_0)
FN:32,(anonymous_1)
FN:39,(anonymous_2)
FN:41,(anonymous_3)
FNF:4
FNH:0
FNDA:0,(anonymous_0)
FNDA:0,(anonymous_1)
FNDA:0,(anonymous_2)
FNDA:0,(anonymous_3)
DA:11,3
DA:13,3
DA:14,3
DA:16,3
DA:25,3
DA:26,3
DA:27,3
DA:29,3
DA:30,0
DA:31,0
DA:32,0
DA:33,0
DA:34,0
DA:39,0
DA:40,0
DA:41,0
DA:42,0
DA:43,0
DA:47,0
DA:48,0
DA:51,0
DA:52,0
DA:56,3
DA:57,0
LF:24
LH:9
BRDA:56,0,0,0
BRDA:56,0,1,3
BRF:2
BRH:1
end_of_record
TN:
SF:src/config/environment.js
FNF:0
FNH:0
DA:4,3
DA:6,3
LF:2
LH:2
BRDA:9,0,0,3
BRDA:9,0,1,0
BRDA:14,1,0,0
BRDA:14,1,1,3
BRDA:18,2,0,3
BRDA:18,2,1,3
BRDA:19,3,0,3
BRDA:19,3,1,0
BRDA:23,4,0,3
BRDA:23,4,1,0
BRDA:24,5,0,3
BRDA:24,5,1,0
BRDA:25,6,0,3
BRDA:25,6,1,0
BRDA:29,7,0,3
BRDA:29,7,1,0
BRF:16
BRH:9
end_of_record
TN:
SF:src/controllers/menuController.js
FN:4,(anonymous_0)
FN:34,(anonymous_1)
FN:73,(anonymous_2)
FN:108,(anonymous_3)
FNF:4
FNH:4
FNDA:3,(anonymous_0)
FNDA:3,(anonymous_1)
FNDA:2,(anonymous_2)
FNDA:2,(anonymous_3)
DA:4,3
DA:5,3
DA:6,3
DA:8,3
DA:10,3
DA:11,0
DA:17,3
DA:19,3
DA:20,2
DA:24,1
DA:27,0
DA:28,0
DA:34,3
DA:35,3
DA:36,3
DA:38,3
DA:40,3
DA:42,3
DA:43,0
DA:47,3
DA:48,1
DA:54,2
DA:56,2
DA:57,1
DA:61,1
DA:64,0
DA:65,0
DA:73,3
DA:74,2
DA:75,2
DA:77,2
DA:79,2
DA:80,0
DA:85,2
DA:87,2
DA:88,1
DA:93,1
DA:98,0
DA:100,0
DA:108,3
DA:109,2
DA:110,2
DA:112,2
DA:114,2
DA:117,0
DA:119,0
LF:46
LH:35
BRDA:10,0,0,0
BRDA:10,0,1,3
BRDA:19,1,0,2
BRDA:19,1,1,1
BRDA:42,2,0,0
BRDA:42,2,1,3
BRDA:47,3,0,1
BRDA:47,3,1,2
BRDA:56,4,0,1
BRDA:56,4,1,1
BRDA:79,5,0,0
BRDA:79,5,1,2
BRDA:87,6,0,1
BRDA:87,6,1,1
BRF:14
BRH:11
end_of_record
TN:
SF:src/controllers/orderController.js
FN:4,(anonymous_0)
FN:53,(anonymous_1)
FNF:2
FNH:2
FNDA:5,(anonymous_0)
FNDA:2,(anonymous_1)
DA:4,3
DA:5,5
DA:6,5
DA:8,5
DA:10,5
DA:11,5
DA:13,5
DA:14,2
DA:19,3
DA:20,0
DA:25,3
DA:32,3
DA:33,1
DA:38,2
DA:44,0
DA:46,0
DA:53,3
DA:54,2
DA:55,2
DA:57,2
DA:59,2
DA:60,2
DA:61,2
DA:64,2
DA:65,0
DA:70,2
DA:71,0
DA:76,2
DA:82,2
DA:83,0
DA:88,2
DA:89,1
DA:94,1
DA:95,0
DA:100,1
DA:103,0
DA:105,0
LF:37
LH:28
BRDA:13,0,0,2
BRDA:13,0,1,3
BRDA:13,1,0,5
BRDA:13,1,1,4
BRDA:13,1,2,4
BRDA:19,2,0,0
BRDA:19,2,1,3
BRDA:32,3,0,1
BRDA:32,3,1,2
BRDA:47,4,0,0
BRDA:47,4,1,0
BRDA:61,5,0,2
BRDA:61,5,1,0
BRDA:64,6,0,0
BRDA:64,6,1,2
BRDA:70,7,0,0
BRDA:70,7,1,2
BRDA:82,8,0,0
BRDA:82,8,1,2
BRDA:88,9,0,1
BRDA:88,9,1,1
BRDA:94,10,0,0
BRDA:94,10,1,1
BRF:23
BRH:15
end_of_record
TN:
SF:src/controllers/reservascontroller.js
FN:6,(anonymous_0)
FN:55,(anonymous_1)
FNF:2
FNH:2
FNDA:6,(anonymous_0)
FNDA:4,(anonymous_1)
DA:6,3
DA:7,6
DA:8,6
DA:10,6
DA:12,6
DA:13,6
DA:16,6
DA:17,1
DA:22,5
DA:23,0
DA:29,5
DA:36,4
DA:37,1
DA:42,3
DA:48,1
DA:50,1
DA:55,3
DA:56,4
DA:57,4
DA:59,4
DA:61,4
DA:62,4
DA:64,4
DA:65,0
DA:70,4
DA:71,0
DA:77,4
DA:79,4
DA:80,0
DA:85,4
DA:86,1
DA:91,3
DA:92,0
DA:97,3
DA:98,1
DA:103,2
DA:108,0
DA:110,0
LF:38
LH:31
BRDA:16,0,0,1
BRDA:16,0,1,5
BRDA:16,1,0,6
BRDA:16,1,1,6
BRDA:16,1,2,5
BRDA:22,2,0,0
BRDA:22,2,1,5
BRDA:36,3,0,1
BRDA:36,3,1,3
BRDA:64,4,0,0
BRDA:64,4,1,4
BRDA:70,5,0,0
BRDA:70,5,1,4
BRDA:79,6,0,0
BRDA:79,6,1,4
BRDA:85,7,0,1
BRDA:85,7,1,3
BRDA:91,8,0,0
BRDA:91,8,1,3
BRDA:97,9,0,1
BRDA:97,9,1,2
BRF:21
BRH:16
end_of_record
TN:
SF:src/controllers/restaurantController.js
FN:14,(anonymous_0)
FN:41,(anonymous_1)
FN:51,(anonymous_2)
FNF:3
FNH:0
FNDA:0,(anonymous_0)
FNDA:0,(anonymous_1)
FNDA:0,(anonymous_2)
DA:10,3
DA:12,3
DA:15,0
DA:16,0
DA:19,0
DA:20,0
DA:23,0
DA:24,0
DA:26,0
DA:27,0
DA:29,0
DA:30,0
DA:33,0
DA:34,0
DA:36,0
DA:37,0
DA:42,0
DA:43,0
DA:44,0
DA:46,0
DA:47,0
DA:52,0
DA:53,0
DA:54,0
DA:55,0
DA:56,0
DA:58,0
DA:59,0
DA:61,0
DA:62,0
LF:30
LH:2
BRDA:19,0,0,0
BRDA:19,0,1,0
BRDA:19,1,0,0
BRDA:19,1,1,0
BRDA:19,1,2,0
BRDA:29,2,0,0
BRDA:29,2,1,0
BRDA:55,3,0,0
BRDA:55,3,1,0
BRF:9
BRH:0
end_of_record
TN:
SF:src/controllers/userController.js
FN:15,(anonymous_0)
FN:25,(anonymous_1)
FN:42,(anonymous_2)
FN:73,(anonymous_3)
FN:97,(anonymous_4)
FN:124,(anonymous_5)
FNF:6
FNH:0
FNDA:0,(anonymous_0)
FNDA:0,(anonymous_1)
FNDA:0,(anonymous_2)
FNDA:0,(anonymous_3)
FNDA:0,(anonymous_4)
FNDA:0,(anonymous_5)
DA:8,3
DA:9,3
DA:10,3
DA:11,3
DA:13,3
DA:16,0
DA:17,0
DA:18,0
DA:20,0
DA:21,0
DA:26,0
DA:27,0
DA:29,0
DA:30,0
DA:33,0
DA:34,0
DA:35,0
DA:37,0
DA:38,0
DA:43,0
DA:44,0
DA:46,0
DA:47,0
DA:50,0
DA:65,0
DA:68,0
DA:69,0
DA:74,0
DA:75,0
DA:76,0
DA:77,0
DA:79,0
DA:80,0
DA:83,0
DA:90,0
DA:92,0
DA:93,0
DA:98,0
DA:99,0
DA:100,0
DA:102,0
DA:103,0
DA:107,0
DA:108,0
DA:109,0
DA:113,0
DA:114,0
DA:115,0
DA:117,0
DA:119,0
DA:120,0
DA:125,0
DA:126,0
DA:127,0
DA:128,0
DA:129,0
DA:131,0
DA:132,0
DA:133,0
DA:135,0
DA:136,0
LF:61
LH:5
BRDA:9,0,0,3
BRDA:9,0,1,0
BRDA:29,1,0,0
BRDA:29,1,1,0
BRDA:29,2,0,0
BRDA:29,2,1,0
BRDA:29,2,2,0
BRDA:46,3,0,0
BRDA:46,3,1,0
BRDA:46,4,0,0
BRDA:46,4,1,0
BRDA:79,5,0,0
BRDA:79,5,1,0
BRDA:87,6,0,0
BRDA:87,6,1,0
BRDA:102,7,0,0
BRDA:102,7,1,0
BRDA:102,8,0,0
BRDA:102,8,1,0
BRDA:102,8,2,0
BRDA:108,9,0,0
BRDA:108,9,1,0
BRDA:128,10,0,0
BRDA:128,10,1,0
BRDA:136,11,0,0
BRDA:136,11,1,0
BRF:26
BRH:1
end_of_record
TN:
SF:src/daos/config.js
FNF:0
FNH:0
DA:24,3
DA:27,3
DA:30,3
DA:33,3
DA:36,3
DA:39,3
LF:6
LH:6
BRDA:27,0,0,3
BRDA:27,0,1,0
BRDA:30,1,0,3
BRDA:30,1,1,0
BRDA:33,2,0,3
BRDA:33,2,1,0
BRDA:36,3,0,3
BRDA:36,3,1,0
BRDA:39,4,0,3
BRDA:39,4,1,0
BRF:10
BRH:5
end_of_record
TN:
SF:src/daos/menu/menu.dao.abstract.js
FN:3,(anonymous_0)
FN:7,(anonymous_1)
FN:11,(anonymous_2)
FN:14,(anonymous_3)
FNF:4
FNH:0
FNDA:0,(anonymous_0)
FNDA:0,(anonymous_1)
FNDA:0,(anonymous_2)
FNDA:0,(anonymous_3)
DA:4,0
DA:8,0
DA:12,0
DA:15,0
LF:4
LH:0
BRF:0
BRH:0
end_of_record
TN:
SF:src/daos/menu/menu.mongo.dao.js
FN:8,(anonymous_0)
FN:23,(anonymous_1)
FN:38,(anonymous_2)
FN:45,(anonymous_3)
FNF:4
FNH:4
FNDA:3,(anonymous_0)
FNDA:2,(anonymous_1)
FNDA:2,(anonymous_2)
FNDA:2,(anonymous_3)
DA:8,3
DA:9,3
DA:12,3
DA:14,3
DA:15,2
DA:18,1
DA:23,3
DA:24,2
DA:26,2
DA:29,2
DA:30,1
DA:32,1
DA:38,3
DA:40,2
DA:42,2
DA:48,2
DA:50,2
DA:52,2
DA:54,1
DA:56,1
DA:58,6
DA:69,2
LF:22
LH:22
BRDA:14,0,0,2
BRDA:14,0,1,1
BRDA:29,1,0,1
BRDA:29,1,1,1
BRDA:42,2,0,2
BRDA:42,2,1,1
BRDA:54,3,0,0
BRDA:54,3,1,1
BRDA:61,4,0,6
BRDA:61,4,1,0
BRF:10
BRH:8
end_of_record
TN:
SF:src/daos/menu/menu.postgres.dao.js
FN:6,(anonymous_0)
FN:35,(anonymous_1)
FN:54,(anonymous_2)
FN:72,(anonymous_3)
FNF:4
FNH:0
FNDA:0,(anonymous_0)
FNDA:0,(anonymous_1)
FNDA:0,(anonymous_2)
FNDA:0,(anonymous_3)
DA:8,0
DA:14,0
DA:16,0
DA:17,0
DA:20,0
DA:22,0
DA:28,0
DA:30,0
DA:32,0
DA:37,0
DA:44,0
DA:45,0
DA:47,0
DA:48,0
DA:51,0
DA:56,0
DA:63,0
DA:69,0
DA:72,3
DA:73,0
DA:83,0
DA:85,0
LF:22
LH:1
BRDA:16,0,0,0
BRDA:16,0,1,0
BRDA:47,1,0,0
BRDA:47,1,1,0
BRDA:69,2,0,0
BRDA:69,2,1,0
BRF:6
BRH:0
end_of_record
TN:
SF:src/daos/orders/order.dao.abstract.js
FN:3,(anonymous_0)
FN:7,(anonymous_1)
FNF:2
FNH:0
FNDA:0,(anonymous_0)
FNDA:0,(anonymous_1)
DA:4,0
DA:8,0
LF:2
LH:0
BRF:0
BRH:0
end_of_record
TN:
SF:src/daos/orders/order.mongo.dao.js
FN:8,(anonymous_0)
FN:23,(anonymous_1)
FN:60,(anonymous_2)
FNF:3
FNH:3
FNDA:2,(anonymous_0)
FNDA:2,(anonymous_1)
FNDA:2,(anonymous_2)
DA:8,3
DA:10,2
DA:12,2
DA:14,2
DA:15,1
DA:18,1
DA:23,3
DA:25,2
DA:26,2
DA:29,2
DA:33,2
DA:36,2
DA:37,0
DA:40,2
DA:42,2
DA:44,2
DA:45,0
DA:48,2
DA:50,2
DA:55,2
DA:56,0
DA:59,2
DA:60,2
DA:63,2
DA:64,0
DA:67,2
DA:69,2
DA:78,2
DA:87,2
LF:29
LH:25
BRDA:14,0,0,1
BRDA:14,0,1,1
BRDA:29,1,0,0
BRDA:29,1,1,2
BRDA:36,2,0,0
BRDA:36,2,1,2
BRDA:36,3,0,2
BRDA:36,3,1,2
BRDA:44,4,0,0
BRDA:44,4,1,2
BRDA:44,5,0,2
BRDA:44,5,1,2
BRDA:55,6,0,0
BRDA:55,6,1,2
BRDA:63,7,0,0
BRDA:63,7,1,2
BRDA:81,8,0,2
BRDA:81,8,1,2
BRF:18
BRH:13
end_of_record
TN:
SF:src/daos/orders/order.postgres.dao.js
FN:6,(anonymous_0)
FN:95,(anonymous_1)
FNF:2
FNH:0
FNDA:0,(anonymous_0)
FNDA:0,(anonymous_1)
DA:8,0
DA:10,0
DA:11,0
DA:13,0
DA:16,0
DA:17,0
DA:20,0
DA:22,0
DA:23,0
DA:26,0
DA:33,0
DA:35,0
DA:36,0
DA:39,0
DA:41,0
DA:42,0
DA:46,0
DA:47,0
DA:50,0
DA:52,0
DA:56,0
DA:66,0
DA:69,0
DA:71,0
DA:81,0
DA:83,0
DA:86,0
DA:87,0
DA:90,0
DA:98,0
DA:111,0
DA:113,0
DA:114,0
DA:117,0
DA:120,0
DA:132,0
DA:135,0
DA:137,0
LF:38
LH:0
BRDA:16,0,0,0
BRDA:16,0,1,0
BRDA:16,1,0,0
BRDA:16,1,1,0
BRDA:22,2,0,0
BRDA:22,2,1,0
BRDA:22,3,0,0
BRDA:22,3,1,0
BRDA:35,4,0,0
BRDA:35,4,1,0
BRDA:41,5,0,0
BRDA:41,5,1,0
BRDA:46,6,0,0
BRDA:46,6,1,0
BRDA:113,7,0,0
BRDA:113,7,1,0
BRF:16
BRH:0
end_of_record
TN:
SF:src/daos/reservation/reservation.dao.abstract.js
FN:3,(anonymous_0)
FN:12,(anonymous_1)
FN:16,(anonymous_2)
FNF:3
FNH:0
FNDA:0,(anonymous_0)
FNDA:0,(anonymous_1)
FNDA:0,(anonymous_2)
DA:9,0
DA:13,0
DA:17,0
LF:3
LH:0
BRF:0
BRH:0
end_of_record
TN:
SF:src/daos/reservation/reservation.mongo.dao.js
FN:10,(anonymous_0)
FN:17,(anonymous_1)
FN:54,(anonymous_2)
FNF:3
FNH:2
FNDA:0,(anonymous_0)
FNDA:4,(anonymous_1)
FNDA:4,(anonymous_2)
DA:11,0
DA:12,0
DA:19,4
DA:20,4
DA:23,4
DA:27,4
DA:28,1
DA:32,3
DA:38,3
DA:39,0
DA:43,3
DA:51,3
DA:56,4
DA:58,4
DA:60,4
DA:61,1
DA:64,3
DA:65,0
DA:68,3
DA:69,1
DA:73,2
DA:78,2
LF:22
LH:18
BRDA:12,0,0,0
BRDA:12,0,1,0
BRDA:27,1,0,1
BRDA:27,1,1,3
BRDA:38,2,0,0
BRDA:38,2,1,3
BRDA:60,3,0,1
BRDA:60,3,1,3
BRDA:64,4,0,0
BRDA:64,4,1,3
BRDA:68,5,0,1
BRDA:68,5,1,2
BRF:12
BRH:8
end_of_record
TN:
SF:src/daos/reservation/reservation.postgres.dao.js
FN:6,(anonymous_0)
FN:67,(anonymous_1)
FN:121,(anonymous_2)
FNF:3
FNH:0
FNDA:0,(anonymous_0)
FNDA:0,(anonymous_1)
FNDA:0,(anonymous_2)
DA:13,0
DA:15,0
DA:16,0
DA:19,0
DA:24,0
DA:25,0
DA:29,0
DA:39,0
DA:40,0
DA:44,0
DA:54,0
DA:56,0
DA:59,0
DA:60,0
DA:63,0
DA:69,0
DA:71,0
DA:72,0
DA:74,0
DA:83,0
DA:84,0
DA:85,0
DA:88,0
DA:90,0
DA:91,0
DA:92,0
DA:95,0
DA:96,0
DA:97,0
DA:100,0
DA:109,0
DA:111,0
DA:114,0
DA:115,0
DA:117,0
DA:123,0
DA:132,0
LF:37
LH:0
BRDA:24,0,0,0
BRDA:24,0,1,0
BRDA:39,1,0,0
BRDA:39,1,1,0
BRDA:83,2,0,0
BRDA:83,2,1,0
BRDA:90,3,0,0
BRDA:90,3,1,0
BRDA:95,4,0,0
BRDA:95,4,1,0
BRDA:132,5,0,0
BRDA:132,5,1,0
BRF:12
BRH:0
end_of_record
TN:
SF:src/daos/restaurant/restaurant.dao.abstract.js
FN:3,(anonymous_0)
FN:7,(anonymous_1)
FN:11,(anonymous_2)
FNF:3
FNH:0
FNDA:0,(anonymous_0)
FNDA:0,(anonymous_1)
FNDA:0,(anonymous_2)
DA:4,0
DA:8,0
DA:12,0
LF:3
LH:0
BRF:0
BRH:0
end_of_record
TN:
SF:src/daos/restaurant/restaurant.mongo.dao.js
FN:7,(anonymous_0)
FN:24,(anonymous_1)
FN:34,(anonymous_2)
FNF:3
FNH:0
FNDA:0,(anonymous_0)
FNDA:0,(anonymous_1)
FNDA:0,(anonymous_2)
DA:8,0
DA:9,0
DA:17,0
DA:19,0
DA:20,0
DA:25,0
DA:26,0
DA:27,0
DA:29,0
DA:30,0
DA:35,0
DA:36,0
DA:42,0
DA:44,0
DA:45,0
LF:15
LH:0
BRDA:7,0,0,0
BRDA:34,1,0,0
BRF:2
BRH:0
end_of_record
TN:
SF:src/daos/restaurant/restaurant.postgres.dao.js
FN:6,(anonymous_0)
FN:42,(anonymous_1)
FN:53,(anonymous_2)
FNF:3
FNH:0
FNDA:0,(anonymous_0)
FNDA:0,(anonymous_1)
FNDA:0,(anonymous_2)
DA:7,0
DA:9,0
DA:10,0
DA:12,0
DA:17,0
DA:20,0
DA:21,0
DA:22,0
DA:29,0
DA:31,0
DA:34,0
DA:35,0
DA:36,0
DA:38,0
DA:43,0
DA:44,0
DA:45,0
DA:48,0
DA:49,0
DA:54,0
DA:56,0
DA:57,0
DA:59,0
DA:64,0
DA:67,0
DA:68,0
DA:69,0
DA:85,0
DA:87,0
DA:90,0
DA:91,0
DA:92,0
DA:94,0
LF:33
LH:0
BRDA:6,0,0,0
BRDA:20,1,0,0
BRDA:20,1,1,0
BRDA:53,2,0,0
BRDA:67,3,0,0
BRDA:67,3,1,0
BRDA:76,4,0,0
BRDA:76,4,1,0
BRDA:79,5,0,0
BRDA:79,5,1,0
BRF:10
BRH:0
end_of_record
TN:
SF:src/daos/users/user.dao.abstract.js
FN:3,(anonymous_0)
FN:7,(anonymous_1)
FN:11,(anonymous_2)
FN:15,(anonymous_3)
FN:19,(anonymous_4)
FN:23,(anonymous_5)
FNF:6
FNH:0
FNDA:0,(anonymous_0)
FNDA:0,(anonymous_1)
FNDA:0,(anonymous_2)
FNDA:0,(anonymous_3)
FNDA:0,(anonymous_4)
FNDA:0,(anonymous_5)
DA:4,0
DA:8,0
DA:12,0
DA:16,0
DA:20,0
DA:24,0
LF:6
LH:0
BRF:0
BRH:0
end_of_record
TN:
SF:src/daos/users/user.mongo.dao.js
FN:8,(anonymous_0)
FN:17,(anonymous_1)
FN:26,(anonymous_2)
FN:50,(anonymous_3)
FN:59,(anonymous_4)
FN:86,(anonymous_5)
FNF:6
FNH:0
FNDA:0,(anonymous_0)
FNDA:0,(anonymous_1)
FNDA:0,(anonymous_2)
FNDA:0,(anonymous_3)
FNDA:0,(anonymous_4)
FNDA:0,(anonymous_5)
DA:9,0
DA:10,0
DA:12,0
DA:13,0
DA:18,0
DA:19,0
DA:21,0
DA:22,0
DA:27,0
DA:32,0
DA:37,0
DA:43,0
DA:45,0
DA:46,0
DA:51,0
DA:52,0
DA:54,0
DA:55,0
DA:60,0
DA:61,0
DA:67,0
DA:68,0
DA:74,0
DA:81,0
DA:82,0
DA:87,0
DA:88,0
DA:90,0
DA:91,0
LF:29
LH:0
BRDA:67,0,0,0
BRDA:67,0,1,0
BRF:2
BRH:0
end_of_record
TN:
SF:src/daos/users/user.postgres.dao.js
FN:8,(anonymous_0)
FN:13,(anonymous_1)
FN:24,(anonymous_2)
FN:41,(anonymous_3)
FN:54,(anonymous_4)
FN:68,(anonymous_5)
FNF:6
FNH:0
FNDA:0,(anonymous_0)
FNDA:0,(anonymous_1)
FNDA:0,(anonymous_2)
FNDA:0,(anonymous_3)
FNDA:0,(anonymous_4)
FNDA:0,(anonymous_5)
DA:9,0
DA:10,0
DA:14,0
DA:16,0
DA:17,0
DA:19,0
DA:20,0
DA:25,0
DA:28,0
DA:30,0
DA:34,0
DA:36,0
DA:37,0
DA:42,0
DA:43,0
DA:47,0
DA:49,0
DA:50,0
DA:55,0
DA:56,0
DA:57,0
DA:61,0
DA:63,0
DA:64,0
DA:69,0
DA:70,0
DA:72,0
DA:73,0
LF:28
LH:0
BRF:0
BRH:0
end_of_record
TN:
SF:src/docs/swagger.js
FNF:0
FNH:0
DA:5,3
DA:31,3
LF:2
LH:2
BRF:0
BRH:0
end_of_record
TN:
SF:src/models/menu.Model.js
FN:16,(anonymous_0)
FNF:1
FNH:1
FNDA:42,(anonymous_0)
DA:2,3
DA:16,42
LF:2
LH:2
BRF:0
BRH:0
end_of_record
TN:
SF:src/models/order.Model.js
FN:33,(anonymous_0)
FNF:1
FNH:1
FNDA:2,(anonymous_0)
DA:3,3
DA:33,2
LF:2
LH:2
BRF:0
BRH:0
end_of_record
TN:
SF:src/models/reservations.Model.js
FNF:0
FNH:0
DA:3,3
LF:1
LH:1
BRF:0
BRH:0
end_of_record
TN:
SF:src/models/restaurant.model.js
FN:29,(anonymous_0)
FNF:1
FNH:1
FNDA:35,(anonymous_0)
DA:3,3
DA:29,35
LF:2
LH:2
BRF:0
BRH:0
end_of_record
TN:
SF:src/models/user.Model.js
FNF:0
FNH:0
DA:3,3
LF:1
LH:1
BRF:0
BRH:0
end_of_record
TN:
SF:src/routes/health.js
FN:6,(anonymous_0)
FNF:1
FNH:0
FNDA:0,(anonymous_0)
DA:4,3
DA:6,3
DA:7,0
DA:8,0
DA:10,0
DA:17,0
DA:18,0
LF:7
LH:2
BRDA:12,0,0,0
BRDA:12,0,1,0
BRDA:17,1,0,0
BRDA:17,1,1,0
BRF:4
BRH:0
end_of_record
TN:
SF:src/routes/menu.Routes.js
FNF:0
FNH:0
DA:9,3
DA:33,3
DA:65,3
DA:86,3
DA:87,3
LF:5
LH:5
BRF:0
BRH:0
end_of_record
TN:
SF:src/routes/order.Routes.js
FNF:0
FNH:0
DA:6,3
DA:41,3
DA:62,3
LF:3
LH:3
BRF:0
BRH:0
end_of_record
TN:
SF:src/routes/product.Routes.js
FNF:0
FNH:0
DA:5,3
DA:8,3
LF:2
LH:2
BRF:0
BRH:0
end_of_record
TN:
SF:src/routes/reservation.Routes.js
FNF:0
FNH:0
DA:5,3
DA:37,3
DA:58,3
LF:3
LH:3
BRF:0
BRH:0
end_of_record
TN:
SF:src/routes/restaurantRoutes.js
FNF:0
FNH:0
DA:6,3
DA:11,3
DA:12,3
DA:13,3
LF:4
LH:4
BRF:0
BRH:0
end_of_record
TN:
SF:src/routes/router.js
FN:27,(anonymous_0)
FN:32,(anonymous_1)
FN:40,(anonymous_2)
FNF:3
FNH:0
FNDA:0,(anonymous_0)
FNDA:0,(anonymous_1)
FNDA:0,(anonymous_2)
DA:11,3
DA:13,3
DA:14,3
DA:15,3
DA:17,3
DA:18,3
DA:19,3
DA:20,3
DA:27,3
DA:28,0
DA:32,3
DA:33,0
DA:40,3
DA:41,0
LF:14
LH:11
BRF:0
BRH:0
end_of_record
TN:
SF:src/routes/userRoutes.js
FNF:0
FNH:0
DA:6,3
DA:9,3
DA:10,3
DA:11,3
DA:13,3
DA:21,3
DA:27,3
LF:7
LH:7
BRF:0
BRH:0
end_of_record
TN:
SF:src/services/config.js
FNF:0
FNH:0
DA:10,3
DA:11,3
DA:12,3
DA:13,3
DA:14,3
LF:5
LH:5
BRF:0
BRH:0
end_of_record
TN:
SF:src/services/keycloakService.js
FN:9,getAdminToken
FN:26,createKeycloakUser
FN:57,getUserIdByEmail
FN:70,getRole
FN:83,assignRoleToUser
FN:96,updateKeycloakUser
FN:128,deleteKeycloakUser
FNF:7
FNH:0
FNDA:0,getAdminToken
FNDA:0,createKeycloakUser
FNDA:0,getUserIdByEmail
FNDA:0,getRole
FNDA:0,assignRoleToUser
FNDA:0,updateKeycloakUser
FNDA:0,deleteKeycloakUser
DA:4,3
DA:6,3
DA:7,3
DA:10,0
DA:23,0
DA:27,0
DA:29,0
DA:52,0
DA:53,0
DA:54,0
DA:58,0
DA:67,0
DA:71,0
DA:80,0
DA:84,0
DA:97,0
DA:98,0
DA:100,0
DA:102,0
DA:116,0
DA:129,0
DA:130,0
DA:132,0
DA:134,0
LF:24
LH:3
BRDA:6,0,0,3
BRDA:6,0,1,0
BRDA:7,1,0,3
BRDA:7,1,1,0
BRDA:100,2,0,0
BRDA:100,2,1,0
BRDA:132,3,0,0
BRDA:132,3,1,0
BRF:8
BRH:2
end_of_record
TN:
SF:src/services/menu.service.js
FN:6,(anonymous_0)
FN:10,(anonymous_1)
FN:14,(anonymous_2)
FN:23,(anonymous_3)
FN:30,(anonymous_4)
FNF:5
FNH:5
FNDA:3,(anonymous_0)
FNDA:3,(anonymous_1)
FNDA:2,(anonymous_2)
FNDA:2,(anonymous_3)
FNDA:2,(anonymous_4)
DA:7,3
DA:11,3
DA:15,2
DA:17,2
DA:19,2
DA:24,2
DA:26,2
DA:28,2
DA:31,2
LF:9
LH:9
BRF:0
BRH:0
end_of_record
TN:
SF:src/services/order.service.js
FN:4,(anonymous_0)
FN:9,(anonymous_1)
FN:31,(anonymous_2)
FNF:3
FNH:3
FNDA:3,(anonymous_0)
FNDA:3,(anonymous_1)
FNDA:2,(anonymous_2)
DA:5,3
DA:6,3
DA:12,3
DA:14,3
DA:15,1
DA:18,2
DA:25,2
DA:27,2
DA:33,2
DA:35,2
DA:36,0
DA:39,2
DA:41,2
DA:42,1
DA:46,1
DA:50,0
DA:53,1
LF:17
LH:15
BRDA:14,0,0,1
BRDA:14,0,1,2
BRDA:35,1,0,0
BRDA:35,1,1,2
BRDA:41,2,0,1
BRDA:41,2,1,1
BRDA:46,3,0,0
BRDA:46,3,1,1
BRDA:47,4,0,1
BRDA:47,4,1,1
BRDA:48,5,0,1
BRDA:48,5,1,0
BRF:12
BRH:9
end_of_record
TN:
SF:src/services/reservation.service.js
FN:2,(anonymous_0)
FN:6,(anonymous_1)
FN:26,(anonymous_2)
FNF:3
FNH:3
FNDA:3,(anonymous_0)
FNDA:5,(anonymous_1)
FNDA:4,(anonymous_2)
DA:3,3
DA:9,5
DA:11,5
DA:12,1
DA:15,4
DA:22,3
DA:28,4
DA:30,4
DA:31,0
DA:34,4
DA:36,4
LF:11
LH:10
BRDA:11,0,0,1
BRDA:11,0,1,4
BRDA:30,1,0,0
BRDA:30,1,1,4
BRF:4
BRH:3
end_of_record
TN:
SF:src/services/restaurant.service.js
FN:4,(anonymous_0)
FN:8,(anonymous_1)
FN:15,(anonymous_2)
FN:21,(anonymous_3)
FNF:4
FNH:1
FNDA:3,(anonymous_0)
FNDA:0,(anonymous_1)
FNDA:0,(anonymous_2)
FNDA:0,(anonymous_3)
DA:5,3
DA:10,0
DA:11,0
DA:12,0
DA:17,0
DA:18,0
DA:23,0
DA:24,0
DA:25,0
LF:9
LH:1
BRDA:8,0,0,0
BRDA:21,1,0,0
BRF:2
BRH:0
end_of_record
TN:
SF:src/services/user.service.js
FN:7,(anonymous_0)
FN:11,(anonymous_1)
FN:17,(anonymous_2)
FN:23,(anonymous_3)
FN:36,(anonymous_4)
FN:42,(anonymous_5)
FN:52,(anonymous_6)
FNF:7
FNH:1
FNDA:3,(anonymous_0)
FNDA:0,(anonymous_1)
FNDA:0,(anonymous_2)
FNDA:0,(anonymous_3)
FNDA:0,(anonymous_4)
FNDA:0,(anonymous_5)
FNDA:0,(anonymous_6)
DA:8,3
DA:13,0
DA:14,0
DA:19,0
DA:20,0
DA:25,0
DA:31,0
DA:33,0
DA:38,0
DA:39,0
DA:44,0
DA:46,0
DA:47,0
DA:49,0
DA:54,0
DA:56,0
DA:57,0
DA:59,0
LF:18
LH:1
BRF:0
BRH:0
end_of_record
TN:
SF:src/tests/integration/helpers/mockKeycloak.js
FNF:0
FNH:0
DA:4,3
DA:9,3
LF:2
LH:2
BRF:0
BRH:0
end_of_record
TN:
SF:src/tests/integration/seeds/menu.seed.js
FN:4,(anonymous_0)
FN:120,(anonymous_1)
FNF:2
FNH:2
FNDA:5,(anonymous_0)
FNDA:9,(anonymous_1)
DA:4,1
DA:6,5
DA:8,5
DA:10,5
DA:11,5
DA:12,5
DA:13,5
DA:15,5
DA:28,5
DA:77,5
DA:82,0
DA:84,0
DA:89,0
DA:91,0
DA:96,0
DA:98,0
DA:103,0
DA:105,0
DA:116,0
DA:120,1
DA:122,9
DA:124,9
DA:125,9
DA:126,9
DA:127,9
DA:128,9
DA:130,0
DA:131,0
DA:132,0
DA:133,0
DA:134,0
LF:31
LH:17
BRDA:4,0,0,0
BRDA:6,1,0,5
BRDA:6,1,1,0
BRDA:8,2,0,5
BRDA:8,2,1,0
BRDA:120,3,0,0
BRDA:122,4,0,9
BRDA:122,4,1,0
BRDA:124,5,0,9
BRDA:124,5,1,0
BRF:10
BRH:4
end_of_record
TN:
SF:src/tests/integration/seeds/order.seed.js
FN:4,(anonymous_0)
FN:138,(anonymous_1)
FNF:2
FNH:2
FNDA:4,(anonymous_0)
FNDA:6,(anonymous_1)
DA:4,1
DA:6,4
DA:8,4
DA:10,4
DA:11,4
DA:12,4
DA:15,4
DA:23,4
DA:35,4
DA:63,4
DA:64,4
DA:66,4
DA:81,0
DA:84,0
DA:89,0
DA:92,0
DA:97,0
DA:100,0
DA:105,0
DA:108,0
DA:113,0
DA:116,0
DA:125,0
DA:126,0
DA:128,0
DA:138,1
DA:140,6
DA:142,6
DA:143,6
DA:144,6
DA:145,6
DA:146,6
DA:147,6
DA:148,6
DA:149,6
DA:150,6
DA:152,0
DA:153,0
DA:154,0
DA:155,0
DA:156,0
DA:157,0
DA:158,0
LF:43
LH:23
BRDA:4,0,0,0
BRDA:6,1,0,4
BRDA:6,1,1,0
BRDA:8,2,0,4
BRDA:8,2,1,0
BRDA:138,3,0,0
BRDA:140,4,0,6
BRDA:140,4,1,0
BRDA:142,5,0,6
BRDA:142,5,1,0
BRF:10
BRH:4
end_of_record
TN:
SF:src/tests/integration/seeds/reservation.seed.js
FN:4,(anonymous_0)
FN:89,(anonymous_1)
FNF:2
FNH:2
FNDA:4,(anonymous_0)
FNDA:7,(anonymous_1)
DA:4,1
DA:6,4
DA:8,4
DA:10,4
DA:11,4
DA:14,4
DA:22,4
DA:34,4
DA:36,4
DA:49,0
DA:51,0
DA:56,0
DA:57,0
DA:59,0
DA:64,0
DA:66,0
DA:71,0
DA:73,0
DA:78,0
DA:80,0
DA:89,1
DA:91,7
DA:93,7
DA:94,7
DA:95,7
DA:96,7
DA:97,7
DA:98,7
DA:99,7
DA:101,0
DA:102,0
DA:103,0
DA:104,0
DA:105,0
LF:34
LH:18
BRDA:4,0,0,0
BRDA:6,1,0,4
BRDA:6,1,1,0
BRDA:8,2,0,4
BRDA:8,2,1,0
BRDA:89,3,0,0
BRDA:91,4,0,7
BRDA:91,4,1,0
BRDA:93,5,0,7
BRDA:93,5,1,0
BRF:10
BRH:4
end_of_record
